

<!DOCTYPE html>
<html>
<head>
<meta charset="UTF-8">
<meta name="viewport" content="width=device-width, initial-scale=1, shrink-to-fit=no">
<title></title>
<link rel="apple-touch-icon" href="https://cdn.jsdelivr.net/gh/extent-framework/extent-github-cdn@b00a2d0486596e73dd7326beacf352c639623a0e/commons/img/logo.png">
<link rel="shortcut icon" href="https://cdn.jsdelivr.net/gh/extent-framework/extent-github-cdn@b00a2d0486596e73dd7326beacf352c639623a0e/commons/img/logo.png">
<link href="https://cdn.jsdelivr.net/gh/extent-framework/extent-github-cdn@ce8b10435bcbae260c334c0d0c6b61d2c19b6168/spark/css/spark-style.css" rel="stylesheet" />
<link href="https://stackpath.bootstrapcdn.com/font-awesome/4.7.0/css/font-awesome.min.css" rel="stylesheet">
<script src="https://cdn.jsdelivr.net/gh/extent-framework/extent-github-cdn@7cc78ce/spark/js/jsontree.js"></script>
<style type="text/css"></style></head><body class="spa -report standard">
  <div class="app">
    <div class="layout">
<div class="header navbar">
<div class="vheader">
<div class="nav-logo">
<a href="#">
<div class="logo" style="background-image: url('https://cdn.jsdelivr.net/gh/extent-framework/extent-github-cdn@b00a2d0486596e73dd7326beacf352c639623a0e/commons/img/logo.png')"></div>
</a>
</div>
<ul class="nav-left">
<li class="search-box">
<a class="search-toggle" href="#">
<i class="search-icon fa fa-search"></i>
<i class="search-icon-close fa fa-close"></i>
</a>
</li>
<li class="search-input"><input id="search-tests" class="form-control" type="text" placeholder="Search..."></li>
</ul>
<ul class="nav-right">
<li class="m-r-10">
<a href="#"><span class="badge badge-primary">OrangeHRM-Automation</span></a>
</li>
<li class="m-r-10">
<a href="#"><span class="badge badge-primary">Aug 23, 2025 10:40:10 PM</span></a>
</li>
</ul>
</div>
</div><div class="side-nav">
<div class="side-nav-inner">
<ul class="side-nav-menu">
<li class="nav-item dropdown" onclick="toggleView('test-view')">
<a id="nav-test" class="dropdown-toggle" href="#">
<span class="ico"><i class="fa fa-list"></i></span>
</a>
</li>
<li class="nav-item dropdown" onclick="toggleView('exception-view')">
<a id="nav-exception" class="dropdown-toggle" href="#">
<span class="ico"><i class="fa fa-bug"></i></span>
</a>
</li>
<li class="nav-item dropdown" onclick="toggleView('device-view')">
<a id="nav-device" class="dropdown-toggle" href="#">
<span class="ico"><i class="fa fa-tablet"></i></span>
</a>
</li>
<li class="nav-item dropdown" onclick="toggleView('author-view')">
<a id="nav-author" class="dropdown-toggle" href="#">
<span class="ico"><i class="fa fa-user"></i></span>
</a>
</li>
<li class="nav-item dropdown" onclick="toggleView('dashboard-view')">
<a id="nav-dashboard" class="dropdown-toggle" href="#">
<span class="ico"><i class="fa fa-bar-chart"></i></span>
</a>
</li>
</ul>
</div>
</div>      <div class="vcontainer">
        <div class="main-content">
<div class="test-wrapper row view test-view">
  <div class="test-list">
    <div class="test-list-tools">
<ul class="tools pull-left">
<li><a href="#"><span class="font-size-14">Tests</span></a></li>
</ul>
<ul class="tools text-right">
<li class="dropdown">
<a href="#" class="dropdown-toggle" data-toggle="dropdown"><i class="fa fa-exclamation-circle"></i></a>
<ul id="status-toggle" class="dropdown-menu dropdown-md p-v-0">
<a class="dropdown-item" status="fail" href="#"><span>Fail</span><span class="status danger"></span></a>
<div class="dropdown-divider"></div>
<a status="clear" class="dropdown-item" href="#"><span>Clear</span><span class="pull-right"><i class="fa fa-close"></i></span></a>
</ul>
</li>
<li class="dropdown">
<a href="#" class="dropdown-toggle" data-toggle="dropdown"><i class="fa fa-user"></i></a>
<ul id="author-toggle" class="dropdown-menu dropdown-md p-v-0">
<a class="dropdown-item" href="#">Tester</a>
</ul>
</li>
<li class="dropdown">
<a href="#" class="dropdown-toggle" data-toggle="dropdown"><i class="fa fa-tablet"></i></a>
<ul id="device-toggle" class="dropdown-menu dropdown-md p-v-0">
<a class="dropdown-item" href="#">Windows</a>
</ul>
</li>
</ul>
</div>    <div class="test-list-wrapper scrollable">
      <ul class="test-list-item">
        <li class="test-item"  status="fail" test-id="1"
          author="Tester"
          tag=""
          device="Windows">
          <div class="test-detail">
            <p class="name"><p style="color:green; font-size:13px"><b>Orange HRM</b></p></p>
            <p class="text-sm">
              <span>10:40:10 PM</span> / <span>00:05:33:349</span>
              <span class="badge fail-bg log float-right">Fail</span>
            </p>
          </div>
          <div class="test-contents d-none">
<div class="detail-head">
<div class="p-v-10">
<div class="info">
<h5 class="test-status text-fail"><p style="color:green; font-size:13px"><b>Orange HRM</b></p></h5>
<span class='badge badge-success'>08.23.2025 10:40:10 PM</span>
<span class='badge badge-danger'>08.23.2025 10:45:43 PM</span>
<span class='badge badge-default'>00:05:33:349</span>
&middot; <span class='uri-anchor badge badge-default'>#test-id=1</span>
<span title='Skip to the next failed step' class='badge badge-danger pointer float-right ne ml-1'><i class="fa fa-fast-forward"></i></span>
<span title='Collapse all nodes' class='badge badge-default pointer float-right ct ml-1'><i class="fa fa-compress"></i></span>
<span title='Expand all nodes' class='badge badge-default pointer float-right et'><i class="fa fa-expand"></i></span>
</div>
<div class="m-t-15"><span class="badge badge-pill badge-default">Tester</span>
<span class="badge badge-pill badge-default">Windows</span></div>
</div>
</div>  <div class="mt-4">  <div class="accordion" role="tablist">
      <div class="card">
        <div class="card-header">
          <div class="card-toolbar node-info">
            <ul class="list-inline d-none d-sm-block">
              <li><span class="badge fail-bg log ">Fail</span></li>
              <li><span class='badge badge-default'>05:09:819</span></li>
              <li><span><i class="fa fa-paperclip"></i></span></li>
            </ul>
          </div>
          <div class="card-title">
            <a class="node " id="2"><span><p style="color:green; font-size:13px"><b>TC-OR-01: Valid Login</b></p></span></a>
            <div class="node-attr">
<span class="badge badge-pill badge-default">Tester</span>
<span class="badge badge-pill badge-default">Windows</span>            </div>
          </div>
        </div>
        <div class="">
          <div class="card-body">
            
<table class="table table-sm">
  <thead><tr><th class="status-col">Status</th><th class="timestamp-col">Timestamp</th><th class="details-col">Details</th></tr></thead>
  <tbody>
      <tr class="event-row">
        <td><span class="badge log info-bg">Info</span></td>
        <td>10:40:10 PM</td>
        <td>
          Entering username: Admin
        </td>
      </tr>
      <tr class="event-row">
        <td><span class="badge log pass-bg">Pass</span></td>
        <td>10:40:10 PM</td>
        <td>
          <p style="color:#85BC63; font-size:13px"><b>Successfully entered username: Admin</b></p>
        </td>
      </tr>
      <tr class="event-row">
        <td><span class="badge log info-bg">Info</span></td>
        <td>10:40:12 PM</td>
        <td>
          Entering password: admin123
        </td>
      </tr>
      <tr class="event-row">
        <td><span class="badge log pass-bg">Pass</span></td>
        <td>10:40:12 PM</td>
        <td>
          <p style="color:#85BC63; font-size:13px"><b>Successfully entered password</b></p>
        </td>
      </tr>
      <tr class="event-row">
        <td><span class="badge log info-bg">Info</span></td>
        <td>10:40:14 PM</td>
        <td>
          Clicking Login Button
        </td>
      </tr>
      <tr class="event-row">
        <td><span class="badge log info-bg">Info</span></td>
        <td>10:40:17 PM</td>
        <td>
          Verifying login result
        </td>
      </tr>
      <tr class="event-row">
        <td><span class="badge log fail-bg">Fail</span></td>
        <td>10:43:19 PM</td>
        <td>
          <p style="color:#FF5353; font-size:13px"><b>Error verifying login result: java.util.concurrent.TimeoutException
Build info: version: '4.20.0', revision: '866c76ca80'
System info: os.name: 'Linux', os.arch: 'amd64', os.version: '5.15.0-152-generic', java.version: '21.0.8'
Driver info: org.openqa.selenium.chrome.ChromeDriver
Command: [536eec0e03f44a0350ef152453a8e412, findElements {value=//h6[@class='oxd-text oxd-text--h6 oxd-topbar-header-breadcrumb-module'], using=xpath}]
Capabilities {acceptInsecureCerts: false, browserName: chrome, browserVersion: 139.0.7258.138, chrome: {chromedriverVersion: 139.0.7258.138 (884e54ea8d4..., userDataDir: /tmp/.org.chromium.Chromium...}, fedcm:accounts: true, goog:chromeOptions: {debuggerAddress: localhost:36767}, networkConnectionEnabled: false, pageLoadStrategy: normal, platformName: linux, proxy: Proxy(), se:cdp: ws://localhost:36767/devtoo..., se:cdpVersion: 139.0.7258.138, setWindowRect: true, strictFileInteractability: false, timeouts: {implicit: 0, pageLoad: 300000, script: 30000}, unhandledPromptBehavior: dismiss and notify, webauthn:extension:credBlob: true, webauthn:extension:largeBlob: true, webauthn:extension:minPinLength: true, webauthn:extension:prf: true, webauthn:virtualAuthenticators: true}
Session ID: 536eec0e03f44a0350ef152453a8e412</b></p>
        </td>
      </tr>
      <tr class="event-row">
        <td><span class="badge log fail-bg">Fail</span></td>
        <td>10:43:20 PM</td>
        <td>
          <textarea readonly class="code-block">java.lang.InterruptedException: Exception
	at me.shormi.pages.Login_Page.failCase(Login_Page.java:74)
	at me.shormi.pages.Login_Page.verifyLoginResult(Login_Page.java:164)
	at me.shormi.pages.Login_Page.loginWithCredentials(Login_Page.java:111)
	at me.shormi.tests.Login_Test.validLoginWithCorrectCredentials(Login_Test.java:32)
	at java.base/jdk.internal.reflect.DirectMethodHandleAccessor.invoke(DirectMethodHandleAccessor.java:103)
	at java.base/java.lang.reflect.Method.invoke(Method.java:580)
	at org.testng.internal.invokers.MethodInvocationHelper.invokeMethod(MethodInvocationHelper.java:141)
	at org.testng.internal.invokers.TestInvoker.invokeMethod(TestInvoker.java:686)
	at org.testng.internal.invokers.TestInvoker.invokeTestMethod(TestInvoker.java:230)
	at org.testng.internal.invokers.MethodRunner.runInSequence(MethodRunner.java:63)
	at org.testng.internal.invokers.TestInvoker$MethodInvocationAgent.invoke(TestInvoker.java:992)
	at org.testng.internal.invokers.TestInvoker.invokeTestMethods(TestInvoker.java:203)
	at org.testng.internal.invokers.TestMethodWorker.invokeTestMethods(TestMethodWorker.java:154)
	at org.testng.internal.invokers.TestMethodWorker.run(TestMethodWorker.java:134)
	at java.base/java.util.ArrayList.forEach(ArrayList.java:1596)
	at org.testng.TestRunner.privateRun(TestRunner.java:739)
	at org.testng.TestRunner.run(TestRunner.java:614)
	at org.testng.SuiteRunner.runTest(SuiteRunner.java:421)
	at org.testng.SuiteRunner.runSequentially(SuiteRunner.java:413)
	at org.testng.SuiteRunner.privateRun(SuiteRunner.java:373)
	at org.testng.SuiteRunner.run(SuiteRunner.java:312)
	at org.testng.SuiteRunnerWorker.runSuite(SuiteRunnerWorker.java:52)
	at org.testng.SuiteRunnerWorker.run(SuiteRunnerWorker.java:95)
	at org.testng.TestNG.runSuitesSequentially(TestNG.java:1274)
	at org.testng.TestNG.runSuitesLocally(TestNG.java:1208)
	at org.testng.TestNG.runSuites(TestNG.java:1112)
	at org.testng.TestNG.run(TestNG.java:1079)
	at com.intellij.rt.testng.IDEARemoteTestNG.run(IDEARemoteTestNG.java:65)
	at com.intellij.rt.testng.RemoteTestNGStarter.main(RemoteTestNGStarter.java:105)
</textarea>
          
        </td>
      </tr>
      <tr class="event-row">
        <td><span class="badge log fail-bg">Fail</span></td>
        <td>10:45:20 PM</td>
        <td>
          
    <div class="row mb-3"><div class="col-md-3">
    

<img data-featherlight='/home/shormi/Documents/Project/Selenium-Java-Page-Object-Model-With-TestNG-ExtentReport/screenshots/login_verification_error.png' src="/home/shormi/Documents/Project/Selenium-Java-Page-Object-Model-With-TestNG-ExtentReport/screenshots/login_verification_error.png">
  
    

    </div></div>
        </td>
      </tr>
  </tbody>
</table>
          </div>
        </div>
      </div>
      <div class="card">
        <div class="card-header">
          <div class="card-toolbar node-info">
            <ul class="list-inline d-none d-sm-block">
              <li><span class="badge fail-bg log ">Fail</span></li>
              <li><span class='badge badge-default'>00:09:599</span></li>
              <li><span><i class="fa fa-paperclip"></i></span></li>
            </ul>
          </div>
          <div class="card-title">
            <a class="node " id="3"><span><p style="color:green; font-size:13px"><b>TC-OR-02: Invalid Password</b></p></span></a>
            <div class="node-attr">
<span class="badge badge-pill badge-default">Tester</span>
<span class="badge badge-pill badge-default">Windows</span>            </div>
          </div>
        </div>
        <div class="">
          <div class="card-body">
            
<table class="table table-sm">
  <thead><tr><th class="status-col">Status</th><th class="timestamp-col">Timestamp</th><th class="details-col">Details</th></tr></thead>
  <tbody>
      <tr class="event-row">
        <td><span class="badge log info-bg">Info</span></td>
        <td>10:45:20 PM</td>
        <td>
          Entering username: Admin
        </td>
      </tr>
      <tr class="event-row">
        <td><span class="badge log pass-bg">Pass</span></td>
        <td>10:45:20 PM</td>
        <td>
          <p style="color:#85BC63; font-size:13px"><b>Successfully entered username: Admin</b></p>
        </td>
      </tr>
      <tr class="event-row">
        <td><span class="badge log info-bg">Info</span></td>
        <td>10:45:22 PM</td>
        <td>
          Entering password: wrongpass
        </td>
      </tr>
      <tr class="event-row">
        <td><span class="badge log pass-bg">Pass</span></td>
        <td>10:45:22 PM</td>
        <td>
          <p style="color:#85BC63; font-size:13px"><b>Successfully entered password</b></p>
        </td>
      </tr>
      <tr class="event-row">
        <td><span class="badge log info-bg">Info</span></td>
        <td>10:45:24 PM</td>
        <td>
          Clicking Login Button
        </td>
      </tr>
      <tr class="event-row">
        <td><span class="badge log info-bg">Info</span></td>
        <td>10:45:27 PM</td>
        <td>
          Verifying login result
        </td>
      </tr>
      <tr class="event-row">
        <td><span class="badge log fail-bg">Fail</span></td>
        <td>10:45:29 PM</td>
        <td>
          <p style="color:#FF5353; font-size:13px"><b>Error verifying login result: Cannot locate an element using By.chained({By.xpath: //h6[@class='oxd-text oxd-text--h6 oxd-topbar-header-breadcrumb-module']})
For documentation on this error, please visit: https://www.selenium.dev/documentation/webdriver/troubleshooting/errors#no-such-element-exception
Build info: version: '4.20.0', revision: '866c76ca80'
System info: os.name: 'Linux', os.arch: 'amd64', os.version: '5.15.0-152-generic', java.version: '21.0.8'
Driver info: driver.version: RemoteWebDriver</b></p>
        </td>
      </tr>
      <tr class="event-row">
        <td><span class="badge log fail-bg">Fail</span></td>
        <td>10:45:29 PM</td>
        <td>
          <textarea readonly class="code-block">java.lang.InterruptedException: Exception
	at me.shormi.pages.Login_Page.failCase(Login_Page.java:74)
	at me.shormi.pages.Login_Page.verifyLoginResult(Login_Page.java:164)
	at me.shormi.pages.Login_Page.loginWithCredentials(Login_Page.java:111)
	at me.shormi.tests.Login_Test.validUsernameWithInvalidPassword(Login_Test.java:39)
	at java.base/jdk.internal.reflect.DirectMethodHandleAccessor.invoke(DirectMethodHandleAccessor.java:103)
	at java.base/java.lang.reflect.Method.invoke(Method.java:580)
	at org.testng.internal.invokers.MethodInvocationHelper.invokeMethod(MethodInvocationHelper.java:141)
	at org.testng.internal.invokers.TestInvoker.invokeMethod(TestInvoker.java:686)
	at org.testng.internal.invokers.TestInvoker.invokeTestMethod(TestInvoker.java:230)
	at org.testng.internal.invokers.MethodRunner.runInSequence(MethodRunner.java:63)
	at org.testng.internal.invokers.TestInvoker$MethodInvocationAgent.invoke(TestInvoker.java:992)
	at org.testng.internal.invokers.TestInvoker.invokeTestMethods(TestInvoker.java:203)
	at org.testng.internal.invokers.TestMethodWorker.invokeTestMethods(TestMethodWorker.java:154)
	at org.testng.internal.invokers.TestMethodWorker.run(TestMethodWorker.java:134)
	at java.base/java.util.ArrayList.forEach(ArrayList.java:1596)
	at org.testng.TestRunner.privateRun(TestRunner.java:739)
	at org.testng.TestRunner.run(TestRunner.java:614)
	at org.testng.SuiteRunner.runTest(SuiteRunner.java:421)
	at org.testng.SuiteRunner.runSequentially(SuiteRunner.java:413)
	at org.testng.SuiteRunner.privateRun(SuiteRunner.java:373)
	at org.testng.SuiteRunner.run(SuiteRunner.java:312)
	at org.testng.SuiteRunnerWorker.runSuite(SuiteRunnerWorker.java:52)
	at org.testng.SuiteRunnerWorker.run(SuiteRunnerWorker.java:95)
	at org.testng.TestNG.runSuitesSequentially(TestNG.java:1274)
	at org.testng.TestNG.runSuitesLocally(TestNG.java:1208)
	at org.testng.TestNG.runSuites(TestNG.java:1112)
	at org.testng.TestNG.run(TestNG.java:1079)
	at com.intellij.rt.testng.IDEARemoteTestNG.run(IDEARemoteTestNG.java:65)
	at com.intellij.rt.testng.RemoteTestNGStarter.main(RemoteTestNGStarter.java:105)
</textarea>
          
        </td>
      </tr>
      <tr class="event-row">
        <td><span class="badge log fail-bg">Fail</span></td>
        <td>10:45:29 PM</td>
        <td>
          
    <div class="row mb-3"><div class="col-md-3">
    

<img data-featherlight='/home/shormi/Documents/Project/Selenium-Java-Page-Object-Model-With-TestNG-ExtentReport/screenshots/login_verification_error.png' src="/home/shormi/Documents/Project/Selenium-Java-Page-Object-Model-With-TestNG-ExtentReport/screenshots/login_verification_error.png">
  
    

    </div></div>
        </td>
      </tr>
  </tbody>
</table>
          </div>
        </div>
      </div>
      <div class="card">
        <div class="card-header">
          <div class="card-toolbar node-info">
            <ul class="list-inline d-none d-sm-block">
              <li><span class="badge fail-bg log ">Fail</span></li>
              <li><span class='badge badge-default'>00:09:570</span></li>
              <li><span><i class="fa fa-paperclip"></i></span></li>
            </ul>
          </div>
          <div class="card-title">
            <a class="node " id="4"><span><p style="color:green; font-size:13px"><b>TC-OR-03: Invalid Username</b></p></span></a>
            <div class="node-attr">
<span class="badge badge-pill badge-default">Tester</span>
<span class="badge badge-pill badge-default">Windows</span>            </div>
          </div>
        </div>
        <div class="">
          <div class="card-body">
            
<table class="table table-sm">
  <thead><tr><th class="status-col">Status</th><th class="timestamp-col">Timestamp</th><th class="details-col">Details</th></tr></thead>
  <tbody>
      <tr class="event-row">
        <td><span class="badge log info-bg">Info</span></td>
        <td>10:45:29 PM</td>
        <td>
          Entering username: wrongname
        </td>
      </tr>
      <tr class="event-row">
        <td><span class="badge log pass-bg">Pass</span></td>
        <td>10:45:29 PM</td>
        <td>
          <p style="color:#85BC63; font-size:13px"><b>Successfully entered username: wrongname</b></p>
        </td>
      </tr>
      <tr class="event-row">
        <td><span class="badge log info-bg">Info</span></td>
        <td>10:45:31 PM</td>
        <td>
          Entering password: admin123
        </td>
      </tr>
      <tr class="event-row">
        <td><span class="badge log pass-bg">Pass</span></td>
        <td>10:45:32 PM</td>
        <td>
          <p style="color:#85BC63; font-size:13px"><b>Successfully entered password</b></p>
        </td>
      </tr>
      <tr class="event-row">
        <td><span class="badge log info-bg">Info</span></td>
        <td>10:45:34 PM</td>
        <td>
          Clicking Login Button
        </td>
      </tr>
      <tr class="event-row">
        <td><span class="badge log info-bg">Info</span></td>
        <td>10:45:37 PM</td>
        <td>
          Verifying login result
        </td>
      </tr>
      <tr class="event-row">
        <td><span class="badge log fail-bg">Fail</span></td>
        <td>10:45:39 PM</td>
        <td>
          <p style="color:#FF5353; font-size:13px"><b>Error verifying login result: Cannot locate an element using By.chained({By.xpath: //h6[@class='oxd-text oxd-text--h6 oxd-topbar-header-breadcrumb-module']})
For documentation on this error, please visit: https://www.selenium.dev/documentation/webdriver/troubleshooting/errors#no-such-element-exception
Build info: version: '4.20.0', revision: '866c76ca80'
System info: os.name: 'Linux', os.arch: 'amd64', os.version: '5.15.0-152-generic', java.version: '21.0.8'
Driver info: driver.version: RemoteWebDriver</b></p>
        </td>
      </tr>
      <tr class="event-row">
        <td><span class="badge log fail-bg">Fail</span></td>
        <td>10:45:39 PM</td>
        <td>
          <textarea readonly class="code-block">java.lang.InterruptedException: Exception
	at me.shormi.pages.Login_Page.failCase(Login_Page.java:74)
	at me.shormi.pages.Login_Page.verifyLoginResult(Login_Page.java:164)
	at me.shormi.pages.Login_Page.loginWithCredentials(Login_Page.java:111)
	at me.shormi.tests.Login_Test.invalidUsernameWithValidPassword(Login_Test.java:46)
	at java.base/jdk.internal.reflect.DirectMethodHandleAccessor.invoke(DirectMethodHandleAccessor.java:103)
	at java.base/java.lang.reflect.Method.invoke(Method.java:580)
	at org.testng.internal.invokers.MethodInvocationHelper.invokeMethod(MethodInvocationHelper.java:141)
	at org.testng.internal.invokers.TestInvoker.invokeMethod(TestInvoker.java:686)
	at org.testng.internal.invokers.TestInvoker.invokeTestMethod(TestInvoker.java:230)
	at org.testng.internal.invokers.MethodRunner.runInSequence(MethodRunner.java:63)
	at org.testng.internal.invokers.TestInvoker$MethodInvocationAgent.invoke(TestInvoker.java:992)
	at org.testng.internal.invokers.TestInvoker.invokeTestMethods(TestInvoker.java:203)
	at org.testng.internal.invokers.TestMethodWorker.invokeTestMethods(TestMethodWorker.java:154)
	at org.testng.internal.invokers.TestMethodWorker.run(TestMethodWorker.java:134)
	at java.base/java.util.ArrayList.forEach(ArrayList.java:1596)
	at org.testng.TestRunner.privateRun(TestRunner.java:739)
	at org.testng.TestRunner.run(TestRunner.java:614)
	at org.testng.SuiteRunner.runTest(SuiteRunner.java:421)
	at org.testng.SuiteRunner.runSequentially(SuiteRunner.java:413)
	at org.testng.SuiteRunner.privateRun(SuiteRunner.java:373)
	at org.testng.SuiteRunner.run(SuiteRunner.java:312)
	at org.testng.SuiteRunnerWorker.runSuite(SuiteRunnerWorker.java:52)
	at org.testng.SuiteRunnerWorker.run(SuiteRunnerWorker.java:95)
	at org.testng.TestNG.runSuitesSequentially(TestNG.java:1274)
	at org.testng.TestNG.runSuitesLocally(TestNG.java:1208)
	at org.testng.TestNG.runSuites(TestNG.java:1112)
	at org.testng.TestNG.run(TestNG.java:1079)
	at com.intellij.rt.testng.IDEARemoteTestNG.run(IDEARemoteTestNG.java:65)
	at com.intellij.rt.testng.RemoteTestNGStarter.main(RemoteTestNGStarter.java:105)
</textarea>
          
        </td>
      </tr>
      <tr class="event-row">
        <td><span class="badge log fail-bg">Fail</span></td>
        <td>10:45:39 PM</td>
        <td>
          
    <div class="row mb-3"><div class="col-md-3">
    

<img data-featherlight='/home/shormi/Documents/Project/Selenium-Java-Page-Object-Model-With-TestNG-ExtentReport/screenshots/login_verification_error.png' src="/home/shormi/Documents/Project/Selenium-Java-Page-Object-Model-With-TestNG-ExtentReport/screenshots/login_verification_error.png">
  
    

    </div></div>
        </td>
      </tr>
  </tbody>
</table>
          </div>
        </div>
      </div>
      <div class="card">
        <div class="card-header">
          <div class="card-toolbar node-info">
            <ul class="list-inline d-none d-sm-block">
              <li><span class="badge fail-bg log ">Fail</span></li>
              <li><span class='badge badge-default'>00:04:206</span></li>
              <li><span><i class="fa fa-paperclip"></i></span></li>
            </ul>
          </div>
          <div class="card-title">
            <a class="node " id="5"><span><p style="color:green; font-size:13px"><b>TC-OR-04: Blank Credentials</b></p></span></a>
            <div class="node-attr">
<span class="badge badge-pill badge-default">Tester</span>
<span class="badge badge-pill badge-default">Windows</span>            </div>
          </div>
        </div>
        <div class="">
          <div class="card-body">
            
<table class="table table-sm">
  <thead><tr><th class="status-col">Status</th><th class="timestamp-col">Timestamp</th><th class="details-col">Details</th></tr></thead>
  <tbody>
      <tr class="event-row">
        <td><span class="badge log info-bg">Info</span></td>
        <td>10:45:39 PM</td>
        <td>
          Testing login with blank credentials
        </td>
      </tr>
      <tr class="event-row">
        <td><span class="badge log info-bg">Info</span></td>
        <td>10:45:41 PM</td>
        <td>
          Verifying required field message
        </td>
      </tr>
      <tr class="event-row">
        <td><span class="badge log fail-bg">Fail</span></td>
        <td>10:45:43 PM</td>
        <td>
          <p style="color:#FF5353; font-size:13px"><b>Error verifying required field message: Cannot locate an element using By.chained({By.xpath: //span[@class='oxd-text oxd-text--span oxd-input-field-error-message oxd-input-group__message']})
For documentation on this error, please visit: https://www.selenium.dev/documentation/webdriver/troubleshooting/errors#no-such-element-exception
Build info: version: '4.20.0', revision: '866c76ca80'
System info: os.name: 'Linux', os.arch: 'amd64', os.version: '5.15.0-152-generic', java.version: '21.0.8'
Driver info: driver.version: RemoteWebDriver</b></p>
        </td>
      </tr>
      <tr class="event-row">
        <td><span class="badge log fail-bg">Fail</span></td>
        <td>10:45:43 PM</td>
        <td>
          <textarea readonly class="code-block">java.lang.InterruptedException: Exception
	at me.shormi.pages.Login_Page.failCase(Login_Page.java:74)
	at me.shormi.pages.Login_Page.verifyRequiredFieldMessage(Login_Page.java:180)
	at me.shormi.pages.Login_Page.loginWithBlankCredentials(Login_Page.java:132)
	at me.shormi.tests.Login_Test.blankUsernameAndPassword(Login_Test.java:53)
	at java.base/jdk.internal.reflect.DirectMethodHandleAccessor.invoke(DirectMethodHandleAccessor.java:103)
	at java.base/java.lang.reflect.Method.invoke(Method.java:580)
	at org.testng.internal.invokers.MethodInvocationHelper.invokeMethod(MethodInvocationHelper.java:141)
	at org.testng.internal.invokers.TestInvoker.invokeMethod(TestInvoker.java:686)
	at org.testng.internal.invokers.TestInvoker.invokeTestMethod(TestInvoker.java:230)
	at org.testng.internal.invokers.MethodRunner.runInSequence(MethodRunner.java:63)
	at org.testng.internal.invokers.TestInvoker$MethodInvocationAgent.invoke(TestInvoker.java:992)
	at org.testng.internal.invokers.TestInvoker.invokeTestMethods(TestInvoker.java:203)
	at org.testng.internal.invokers.TestMethodWorker.invokeTestMethods(TestMethodWorker.java:154)
	at org.testng.internal.invokers.TestMethodWorker.run(TestMethodWorker.java:134)
	at java.base/java.util.ArrayList.forEach(ArrayList.java:1596)
	at org.testng.TestRunner.privateRun(TestRunner.java:739)
	at org.testng.TestRunner.run(TestRunner.java:614)
	at org.testng.SuiteRunner.runTest(SuiteRunner.java:421)
	at org.testng.SuiteRunner.runSequentially(SuiteRunner.java:413)
	at org.testng.SuiteRunner.privateRun(SuiteRunner.java:373)
	at org.testng.SuiteRunner.run(SuiteRunner.java:312)
	at org.testng.SuiteRunnerWorker.runSuite(SuiteRunnerWorker.java:52)
	at org.testng.SuiteRunnerWorker.run(SuiteRunnerWorker.java:95)
	at org.testng.TestNG.runSuitesSequentially(TestNG.java:1274)
	at org.testng.TestNG.runSuitesLocally(TestNG.java:1208)
	at org.testng.TestNG.runSuites(TestNG.java:1112)
	at org.testng.TestNG.run(TestNG.java:1079)
	at com.intellij.rt.testng.IDEARemoteTestNG.run(IDEARemoteTestNG.java:65)
	at com.intellij.rt.testng.RemoteTestNGStarter.main(RemoteTestNGStarter.java:105)
</textarea>
          
        </td>
      </tr>
      <tr class="event-row">
        <td><span class="badge log fail-bg">Fail</span></td>
        <td>10:45:43 PM</td>
        <td>
          
    <div class="row mb-3"><div class="col-md-3">
    

<img data-featherlight='/home/shormi/Documents/Project/Selenium-Java-Page-Object-Model-With-TestNG-ExtentReport/screenshots/required_field_verification_error.png' src="/home/shormi/Documents/Project/Selenium-Java-Page-Object-Model-With-TestNG-ExtentReport/screenshots/required_field_verification_error.png">
  
    

    </div></div>
        </td>
      </tr>
  </tbody>
</table>
          </div>
        </div>
      </div>
      <div class="card">
        <div class="card-header">
          <div class="card-toolbar node-info">
            <ul class="list-inline d-none d-sm-block">
              <li><span class="badge pass-bg log ">Pass</span></li>
              <li><span class='badge badge-default'>00:00:128</span></li>
              <li></li>
            </ul>
          </div>
          <div class="card-title">
            <a class="node " id="6"><span><p style="color:green; font-size:13px"><b>TC-OR-06: Clear Fields</b></p></span></a>
            <div class="node-attr">
<span class="badge badge-pill badge-default">Tester</span>
<span class="badge badge-pill badge-default">Windows</span>            </div>
          </div>
        </div>
        <div class="collapse">
          <div class="card-body">
            
<table class="table table-sm">
  <thead><tr><th class="status-col">Status</th><th class="timestamp-col">Timestamp</th><th class="details-col">Details</th></tr></thead>
  <tbody>
      <tr class="event-row">
        <td><span class="badge log info-bg">Info</span></td>
        <td>10:45:43 PM</td>
        <td>
          Clearing login fields
        </td>
      </tr>
      <tr class="event-row">
        <td><span class="badge log pass-bg">Pass</span></td>
        <td>10:45:43 PM</td>
        <td>
          <p style="color:#85BC63; font-size:13px"><b>Username field cleared</b></p>
        </td>
      </tr>
      <tr class="event-row">
        <td><span class="badge log pass-bg">Pass</span></td>
        <td>10:45:43 PM</td>
        <td>
          <p style="color:#85BC63; font-size:13px"><b>Password field cleared</b></p>
        </td>
      </tr>
  </tbody>
</table>
          </div>
        </div>
      </div>
  </div>
</div>
          </div>
        </li>
        <li class="test-item"  status="fail" test-id="7"
          author="Tester"
          tag=""
          device="Windows">
          <div class="test-detail">
            <p class="name"><p style="color:green; font-size:13px"><b>Leave Management Test</b></p></p>
            <p class="text-sm">
              <span>10:45:50 PM</span> / <span>00:01:46:701</span>
              <span class="badge fail-bg log float-right">Fail</span>
            </p>
          </div>
          <div class="test-contents d-none">
<div class="detail-head">
<div class="p-v-10">
<div class="info">
<h5 class="test-status text-fail"><p style="color:green; font-size:13px"><b>Leave Management Test</b></p></h5>
<span class='badge badge-success'>08.23.2025 10:45:50 PM</span>
<span class='badge badge-danger'>08.23.2025 10:47:37 PM</span>
<span class='badge badge-default'>00:01:46:701</span>
&middot; <span class='uri-anchor badge badge-default'>#test-id=7</span>
<span title='Skip to the next failed step' class='badge badge-danger pointer float-right ne ml-1'><i class="fa fa-fast-forward"></i></span>
<span title='Collapse all nodes' class='badge badge-default pointer float-right ct ml-1'><i class="fa fa-compress"></i></span>
<span title='Expand all nodes' class='badge badge-default pointer float-right et'><i class="fa fa-expand"></i></span>
</div>
<div class="m-t-15"><span class="badge badge-pill badge-default">Tester</span>
<span class="badge badge-pill badge-default">Windows</span></div>
</div>
</div>  <div class="mt-4">  <div class="accordion" role="tablist">
      <div class="card">
        <div class="card-header">
          <div class="card-toolbar node-info">
            <ul class="list-inline d-none d-sm-block">
              <li><span class="badge pass-bg log ">Pass</span></li>
              <li><span class='badge badge-default'>00:09:683</span></li>
              <li><span><i class="fa fa-paperclip"></i></span></li>
            </ul>
          </div>
          <div class="card-title">
            <a class="node " id="8"><span><p style="color:green; font-size:13px"><b>Login</b></p></span></a>
            <div class="node-attr">
<span class="badge badge-pill badge-default">Tester</span>
<span class="badge badge-pill badge-default">Windows</span>            </div>
          </div>
        </div>
        <div class="collapse">
          <div class="card-body">
            
<table class="table table-sm">
  <thead><tr><th class="status-col">Status</th><th class="timestamp-col">Timestamp</th><th class="details-col">Details</th></tr></thead>
  <tbody>
      <tr class="event-row">
        <td><span class="badge log info-bg">Info</span></td>
        <td>10:45:50 PM</td>
        <td>
          Entering username: Admin
        </td>
      </tr>
      <tr class="event-row">
        <td><span class="badge log pass-bg">Pass</span></td>
        <td>10:45:50 PM</td>
        <td>
          <p style="color:#85BC63; font-size:13px"><b>Successfully entered username: Admin</b></p>
        </td>
      </tr>
      <tr class="event-row">
        <td><span class="badge log info-bg">Info</span></td>
        <td>10:45:52 PM</td>
        <td>
          Entering password: admin123
        </td>
      </tr>
      <tr class="event-row">
        <td><span class="badge log pass-bg">Pass</span></td>
        <td>10:45:52 PM</td>
        <td>
          <p style="color:#85BC63; font-size:13px"><b>Successfully entered password</b></p>
        </td>
      </tr>
      <tr class="event-row">
        <td><span class="badge log info-bg">Info</span></td>
        <td>10:45:54 PM</td>
        <td>
          Clicking Login Button
        </td>
      </tr>
      <tr class="event-row">
        <td><span class="badge log info-bg">Info</span></td>
        <td>10:45:57 PM</td>
        <td>
          Verifying login result
        </td>
      </tr>
      <tr class="event-row">
        <td><span class="badge log pass-bg">Pass</span></td>
        <td>10:45:59 PM</td>
        <td>
          <p style="color:#85BC63; font-size:13px"><b>Login successful! Redirected to Dashboard: Dashboard</b></p>
        </td>
      </tr>
      <tr class="event-row">
        <td><span class="badge log info-bg">Info</span></td>
        <td>10:46:00 PM</td>
        <td>
          Screenshot saved at: /home/shormi/Documents/Project/Selenium-Java-Page-Object-Model-With-TestNG-ExtentReport/screenshots/login_success.png
        </td>
      </tr>
      <tr class="event-row">
        <td><span class="badge log pass-bg">Pass</span></td>
        <td>10:46:00 PM</td>
        <td>
          
    <div class="row mb-3"><div class="col-md-3">
    

<img data-featherlight='/home/shormi/Documents/Project/Selenium-Java-Page-Object-Model-With-TestNG-ExtentReport/screenshots/login_success.png' src="/home/shormi/Documents/Project/Selenium-Java-Page-Object-Model-With-TestNG-ExtentReport/screenshots/login_success.png">
  
    

    </div></div>
        </td>
      </tr>
  </tbody>
</table>
          </div>
        </div>
      </div>
      <div class="card">
        <div class="card-header">
          <div class="card-toolbar node-info">
            <ul class="list-inline d-none d-sm-block">
              <li><span class="badge pass-bg log ">Pass</span></li>
              <li><span class='badge badge-default'>00:00:125</span></li>
              <li><span><i class="fa fa-paperclip"></i></span></li>
            </ul>
          </div>
          <div class="card-title">
            <a class="node " id="9"><span><p style="color:green; font-size:13px"><b>Dashboard Verification</b></p></span></a>
            <div class="node-attr">
<span class="badge badge-pill badge-default">Tester</span>
<span class="badge badge-pill badge-default">Windows</span>            </div>
          </div>
        </div>
        <div class="collapse">
          <div class="card-body">
            
<table class="table table-sm">
  <thead><tr><th class="status-col">Status</th><th class="timestamp-col">Timestamp</th><th class="details-col">Details</th></tr></thead>
  <tbody>
      <tr class="event-row">
        <td><span class="badge log info-bg">Info</span></td>
        <td>10:46:00 PM</td>
        <td>
          Verifying Dashboard is loaded
        </td>
      </tr>
      <tr class="event-row">
        <td><span class="badge log pass-bg">Pass</span></td>
        <td>10:46:00 PM</td>
        <td>
          <p style="color:#85BC63; font-size:13px"><b>Dashboard loaded successfully. Header: Dashboard</b></p>
        </td>
      </tr>
      <tr class="event-row">
        <td><span class="badge log info-bg">Info</span></td>
        <td>10:46:00 PM</td>
        <td>
          Screenshot saved at: /home/shormi/Documents/Project/Selenium-Java-Page-Object-Model-With-TestNG-ExtentReport/screenshots/dashboard_loaded.png
        </td>
      </tr>
      <tr class="event-row">
        <td><span class="badge log pass-bg">Pass</span></td>
        <td>10:46:00 PM</td>
        <td>
          
    <div class="row mb-3"><div class="col-md-3">
    

<img data-featherlight='/home/shormi/Documents/Project/Selenium-Java-Page-Object-Model-With-TestNG-ExtentReport/screenshots/dashboard_loaded.png' src="/home/shormi/Documents/Project/Selenium-Java-Page-Object-Model-With-TestNG-ExtentReport/screenshots/dashboard_loaded.png">
  
    

    </div></div>
        </td>
      </tr>
  </tbody>
</table>
          </div>
        </div>
      </div>
      <div class="card">
        <div class="card-header">
          <div class="card-toolbar node-info">
            <ul class="list-inline d-none d-sm-block">
              <li><span class="badge fail-bg log ">Fail</span></li>
              <li><span class='badge badge-default'>00:15:550</span></li>
              <li><span><i class="fa fa-paperclip"></i></span></li>
            </ul>
          </div>
          <div class="card-title">
            <a class="node " id="10"><span><p style="color:green; font-size:13px"><b>TC-OR-05: Assign Single Day Leave</b></p></span></a>
            <div class="node-attr">
<span class="badge badge-pill badge-default">Tester</span>
<span class="badge badge-pill badge-default">Windows</span>            </div>
          </div>
        </div>
        <div class="">
          <div class="card-body">
            
<table class="table table-sm">
  <thead><tr><th class="status-col">Status</th><th class="timestamp-col">Timestamp</th><th class="details-col">Details</th></tr></thead>
  <tbody>
      <tr class="event-row">
        <td><span class="badge log info-bg">Info</span></td>
        <td>10:46:00 PM</td>
        <td>
          Navigating to Leave menu
        </td>
      </tr>
      <tr class="event-row">
        <td><span class="badge log pass-bg">Pass</span></td>
        <td>10:46:04 PM</td>
        <td>
          <p style="color:#85BC63; font-size:13px"><b>Successfully navigated to Leave menu</b></p>
        </td>
      </tr>
      <tr class="event-row">
        <td><span class="badge log info-bg">Info</span></td>
        <td>10:46:04 PM</td>
        <td>
          Navigating to Assign Leave
        </td>
      </tr>
      <tr class="event-row">
        <td><span class="badge log pass-bg">Pass</span></td>
        <td>10:46:07 PM</td>
        <td>
          <p style="color:#85BC63; font-size:13px"><b>Successfully navigated to Assign Leave page</b></p>
        </td>
      </tr>
      <tr class="event-row">
        <td><span class="badge log info-bg">Info</span></td>
        <td>10:46:07 PM</td>
        <td>
          Selecting employee: Peter Mac Anderson
        </td>
      </tr>
      <tr class="event-row">
        <td><span class="badge log fail-bg">Fail</span></td>
        <td>10:46:07 PM</td>
        <td>
          <p style="color:#FF5353; font-size:13px"><b>Error selecting employee: Cannot locate an element using By.chained({By.xpath: //label[text()='Employee Name']/following-sibling::div//input[@placeholder='Type for hints...']})
For documentation on this error, please visit: https://www.selenium.dev/documentation/webdriver/troubleshooting/errors#no-such-element-exception
Build info: version: '4.20.0', revision: '866c76ca80'
System info: os.name: 'Linux', os.arch: 'amd64', os.version: '5.15.0-152-generic', java.version: '21.0.8'
Driver info: driver.version: RemoteWebDriver</b></p>
        </td>
      </tr>
      <tr class="event-row">
        <td><span class="badge log fail-bg">Fail</span></td>
        <td>10:46:07 PM</td>
        <td>
          <textarea readonly class="code-block">java.lang.InterruptedException: Exception
	at me.shormi.pages.Leave_Page.failCase(Leave_Page.java:132)
	at me.shormi.pages.Leave_Page.selectEmployee(Leave_Page.java:191)
	at me.shormi.pages.Leave_Page.assignLeave(Leave_Page.java:379)
	at me.shormi.tests.Leave_Test.assign_single_day_leave(Leave_Test.java:48)
	at java.base/jdk.internal.reflect.DirectMethodHandleAccessor.invoke(DirectMethodHandleAccessor.java:103)
	at java.base/java.lang.reflect.Method.invoke(Method.java:580)
	at org.testng.internal.invokers.MethodInvocationHelper.invokeMethod(MethodInvocationHelper.java:141)
	at org.testng.internal.invokers.TestInvoker.invokeMethod(TestInvoker.java:686)
	at org.testng.internal.invokers.TestInvoker.invokeTestMethod(TestInvoker.java:230)
	at org.testng.internal.invokers.MethodRunner.runInSequence(MethodRunner.java:63)
	at org.testng.internal.invokers.TestInvoker$MethodInvocationAgent.invoke(TestInvoker.java:992)
	at org.testng.internal.invokers.TestInvoker.invokeTestMethods(TestInvoker.java:203)
	at org.testng.internal.invokers.TestMethodWorker.invokeTestMethods(TestMethodWorker.java:154)
	at org.testng.internal.invokers.TestMethodWorker.run(TestMethodWorker.java:134)
	at java.base/java.util.ArrayList.forEach(ArrayList.java:1596)
	at org.testng.TestRunner.privateRun(TestRunner.java:739)
	at org.testng.TestRunner.run(TestRunner.java:614)
	at org.testng.SuiteRunner.runTest(SuiteRunner.java:421)
	at org.testng.SuiteRunner.runSequentially(SuiteRunner.java:413)
	at org.testng.SuiteRunner.privateRun(SuiteRunner.java:373)
	at org.testng.SuiteRunner.run(SuiteRunner.java:312)
	at org.testng.SuiteRunnerWorker.runSuite(SuiteRunnerWorker.java:52)
	at org.testng.SuiteRunnerWorker.run(SuiteRunnerWorker.java:95)
	at org.testng.TestNG.runSuitesSequentially(TestNG.java:1274)
	at org.testng.TestNG.runSuitesLocally(TestNG.java:1208)
	at org.testng.TestNG.runSuites(TestNG.java:1112)
	at org.testng.TestNG.run(TestNG.java:1079)
	at com.intellij.rt.testng.IDEARemoteTestNG.run(IDEARemoteTestNG.java:65)
	at com.intellij.rt.testng.RemoteTestNGStarter.main(RemoteTestNGStarter.java:105)
</textarea>
          
        </td>
      </tr>
      <tr class="event-row">
        <td><span class="badge log fail-bg">Fail</span></td>
        <td>10:46:07 PM</td>
        <td>
          
    <div class="row mb-3"><div class="col-md-3">
    

<img data-featherlight='/home/shormi/Documents/Project/Selenium-Java-Page-Object-Model-With-TestNG-ExtentReport/screenshots/employee_selection_error.png' src="/home/shormi/Documents/Project/Selenium-Java-Page-Object-Model-With-TestNG-ExtentReport/screenshots/employee_selection_error.png">
  
    

    </div></div>
        </td>
      </tr>
      <tr class="event-row">
        <td><span class="badge log info-bg">Info</span></td>
        <td>10:46:07 PM</td>
        <td>
          Selecting leave type: CAN - Personal
        </td>
      </tr>
      <tr class="event-row">
        <td><span class="badge log fail-bg">Fail</span></td>
        <td>10:46:07 PM</td>
        <td>
          <p style="color:#FF5353; font-size:13px"><b>Error selecting leave type: Cannot locate an element using By.chained({By.xpath: //label[text()='Leave Type']/following-sibling::div//div[contains(@class,'oxd-select-text')]})
For documentation on this error, please visit: https://www.selenium.dev/documentation/webdriver/troubleshooting/errors#no-such-element-exception
Build info: version: '4.20.0', revision: '866c76ca80'
System info: os.name: 'Linux', os.arch: 'amd64', os.version: '5.15.0-152-generic', java.version: '21.0.8'
Driver info: driver.version: RemoteWebDriver</b></p>
        </td>
      </tr>
      <tr class="event-row">
        <td><span class="badge log fail-bg">Fail</span></td>
        <td>10:46:07 PM</td>
        <td>
          <textarea readonly class="code-block">java.lang.InterruptedException: Exception
	at me.shormi.pages.Leave_Page.failCase(Leave_Page.java:132)
	at me.shormi.pages.Leave_Page.selectLeaveType(Leave_Page.java:234)
	at me.shormi.pages.Leave_Page.assignLeave(Leave_Page.java:380)
	at me.shormi.tests.Leave_Test.assign_single_day_leave(Leave_Test.java:48)
	at java.base/jdk.internal.reflect.DirectMethodHandleAccessor.invoke(DirectMethodHandleAccessor.java:103)
	at java.base/java.lang.reflect.Method.invoke(Method.java:580)
	at org.testng.internal.invokers.MethodInvocationHelper.invokeMethod(MethodInvocationHelper.java:141)
	at org.testng.internal.invokers.TestInvoker.invokeMethod(TestInvoker.java:686)
	at org.testng.internal.invokers.TestInvoker.invokeTestMethod(TestInvoker.java:230)
	at org.testng.internal.invokers.MethodRunner.runInSequence(MethodRunner.java:63)
	at org.testng.internal.invokers.TestInvoker$MethodInvocationAgent.invoke(TestInvoker.java:992)
	at org.testng.internal.invokers.TestInvoker.invokeTestMethods(TestInvoker.java:203)
	at org.testng.internal.invokers.TestMethodWorker.invokeTestMethods(TestMethodWorker.java:154)
	at org.testng.internal.invokers.TestMethodWorker.run(TestMethodWorker.java:134)
	at java.base/java.util.ArrayList.forEach(ArrayList.java:1596)
	at org.testng.TestRunner.privateRun(TestRunner.java:739)
	at org.testng.TestRunner.run(TestRunner.java:614)
	at org.testng.SuiteRunner.runTest(SuiteRunner.java:421)
	at org.testng.SuiteRunner.runSequentially(SuiteRunner.java:413)
	at org.testng.SuiteRunner.privateRun(SuiteRunner.java:373)
	at org.testng.SuiteRunner.run(SuiteRunner.java:312)
	at org.testng.SuiteRunnerWorker.runSuite(SuiteRunnerWorker.java:52)
	at org.testng.SuiteRunnerWorker.run(SuiteRunnerWorker.java:95)
	at org.testng.TestNG.runSuitesSequentially(TestNG.java:1274)
	at org.testng.TestNG.runSuitesLocally(TestNG.java:1208)
	at org.testng.TestNG.runSuites(TestNG.java:1112)
	at org.testng.TestNG.run(TestNG.java:1079)
	at com.intellij.rt.testng.IDEARemoteTestNG.run(IDEARemoteTestNG.java:65)
	at com.intellij.rt.testng.RemoteTestNGStarter.main(RemoteTestNGStarter.java:105)
</textarea>
          
        </td>
      </tr>
      <tr class="event-row">
        <td><span class="badge log fail-bg">Fail</span></td>
        <td>10:46:08 PM</td>
        <td>
          
    <div class="row mb-3"><div class="col-md-3">
    

<img data-featherlight='/home/shormi/Documents/Project/Selenium-Java-Page-Object-Model-With-TestNG-ExtentReport/screenshots/leave_type_selection_error.png' src="/home/shormi/Documents/Project/Selenium-Java-Page-Object-Model-With-TestNG-ExtentReport/screenshots/leave_type_selection_error.png">
  
    

    </div></div>
        </td>
      </tr>
      <tr class="event-row">
        <td><span class="badge log info-bg">Info</span></td>
        <td>10:46:08 PM</td>
        <td>
          Entering from date: 2025-08-18
        </td>
      </tr>
      <tr class="event-row">
        <td><span class="badge log fail-bg">Fail</span></td>
        <td>10:46:08 PM</td>
        <td>
          <p style="color:#FF5353; font-size:13px"><b>Error entering from date: Cannot locate an element using By.chained({By.xpath: //label[text()='From Date']/following-sibling::div//input[@placeholder='yyyy-mm-dd']})
For documentation on this error, please visit: https://www.selenium.dev/documentation/webdriver/troubleshooting/errors#no-such-element-exception
Build info: version: '4.20.0', revision: '866c76ca80'
System info: os.name: 'Linux', os.arch: 'amd64', os.version: '5.15.0-152-generic', java.version: '21.0.8'
Driver info: driver.version: RemoteWebDriver</b></p>
        </td>
      </tr>
      <tr class="event-row">
        <td><span class="badge log fail-bg">Fail</span></td>
        <td>10:46:08 PM</td>
        <td>
          <textarea readonly class="code-block">java.lang.InterruptedException: Exception
	at me.shormi.pages.Leave_Page.failCase(Leave_Page.java:132)
	at me.shormi.pages.Leave_Page.enterFromDate(Leave_Page.java:250)
	at me.shormi.pages.Leave_Page.assignLeave(Leave_Page.java:381)
	at me.shormi.tests.Leave_Test.assign_single_day_leave(Leave_Test.java:48)
	at java.base/jdk.internal.reflect.DirectMethodHandleAccessor.invoke(DirectMethodHandleAccessor.java:103)
	at java.base/java.lang.reflect.Method.invoke(Method.java:580)
	at org.testng.internal.invokers.MethodInvocationHelper.invokeMethod(MethodInvocationHelper.java:141)
	at org.testng.internal.invokers.TestInvoker.invokeMethod(TestInvoker.java:686)
	at org.testng.internal.invokers.TestInvoker.invokeTestMethod(TestInvoker.java:230)
	at org.testng.internal.invokers.MethodRunner.runInSequence(MethodRunner.java:63)
	at org.testng.internal.invokers.TestInvoker$MethodInvocationAgent.invoke(TestInvoker.java:992)
	at org.testng.internal.invokers.TestInvoker.invokeTestMethods(TestInvoker.java:203)
	at org.testng.internal.invokers.TestMethodWorker.invokeTestMethods(TestMethodWorker.java:154)
	at org.testng.internal.invokers.TestMethodWorker.run(TestMethodWorker.java:134)
	at java.base/java.util.ArrayList.forEach(ArrayList.java:1596)
	at org.testng.TestRunner.privateRun(TestRunner.java:739)
	at org.testng.TestRunner.run(TestRunner.java:614)
	at org.testng.SuiteRunner.runTest(SuiteRunner.java:421)
	at org.testng.SuiteRunner.runSequentially(SuiteRunner.java:413)
	at org.testng.SuiteRunner.privateRun(SuiteRunner.java:373)
	at org.testng.SuiteRunner.run(SuiteRunner.java:312)
	at org.testng.SuiteRunnerWorker.runSuite(SuiteRunnerWorker.java:52)
	at org.testng.SuiteRunnerWorker.run(SuiteRunnerWorker.java:95)
	at org.testng.TestNG.runSuitesSequentially(TestNG.java:1274)
	at org.testng.TestNG.runSuitesLocally(TestNG.java:1208)
	at org.testng.TestNG.runSuites(TestNG.java:1112)
	at org.testng.TestNG.run(TestNG.java:1079)
	at com.intellij.rt.testng.IDEARemoteTestNG.run(IDEARemoteTestNG.java:65)
	at com.intellij.rt.testng.RemoteTestNGStarter.main(RemoteTestNGStarter.java:105)
</textarea>
          
        </td>
      </tr>
      <tr class="event-row">
        <td><span class="badge log fail-bg">Fail</span></td>
        <td>10:46:08 PM</td>
        <td>
          
    <div class="row mb-3"><div class="col-md-3">
    

<img data-featherlight='/home/shormi/Documents/Project/Selenium-Java-Page-Object-Model-With-TestNG-ExtentReport/screenshots/from_date_entry_error.png' src="/home/shormi/Documents/Project/Selenium-Java-Page-Object-Model-With-TestNG-ExtentReport/screenshots/from_date_entry_error.png">
  
    

    </div></div>
        </td>
      </tr>
      <tr class="event-row">
        <td><span class="badge log info-bg">Info</span></td>
        <td>10:46:08 PM</td>
        <td>
          Entering to date: 2025-08-18
        </td>
      </tr>
      <tr class="event-row">
        <td><span class="badge log fail-bg">Fail</span></td>
        <td>10:46:08 PM</td>
        <td>
          <p style="color:#FF5353; font-size:13px"><b>Error entering to date: Cannot locate an element using By.chained({By.xpath: //label[text()='To Date']/following-sibling::div//input[@placeholder='yyyy-mm-dd']})
For documentation on this error, please visit: https://www.selenium.dev/documentation/webdriver/troubleshooting/errors#no-such-element-exception
Build info: version: '4.20.0', revision: '866c76ca80'
System info: os.name: 'Linux', os.arch: 'amd64', os.version: '5.15.0-152-generic', java.version: '21.0.8'
Driver info: driver.version: RemoteWebDriver</b></p>
        </td>
      </tr>
      <tr class="event-row">
        <td><span class="badge log fail-bg">Fail</span></td>
        <td>10:46:08 PM</td>
        <td>
          <textarea readonly class="code-block">java.lang.InterruptedException: Exception
	at me.shormi.pages.Leave_Page.failCase(Leave_Page.java:132)
	at me.shormi.pages.Leave_Page.enterToDate(Leave_Page.java:266)
	at me.shormi.pages.Leave_Page.assignLeave(Leave_Page.java:382)
	at me.shormi.tests.Leave_Test.assign_single_day_leave(Leave_Test.java:48)
	at java.base/jdk.internal.reflect.DirectMethodHandleAccessor.invoke(DirectMethodHandleAccessor.java:103)
	at java.base/java.lang.reflect.Method.invoke(Method.java:580)
	at org.testng.internal.invokers.MethodInvocationHelper.invokeMethod(MethodInvocationHelper.java:141)
	at org.testng.internal.invokers.TestInvoker.invokeMethod(TestInvoker.java:686)
	at org.testng.internal.invokers.TestInvoker.invokeTestMethod(TestInvoker.java:230)
	at org.testng.internal.invokers.MethodRunner.runInSequence(MethodRunner.java:63)
	at org.testng.internal.invokers.TestInvoker$MethodInvocationAgent.invoke(TestInvoker.java:992)
	at org.testng.internal.invokers.TestInvoker.invokeTestMethods(TestInvoker.java:203)
	at org.testng.internal.invokers.TestMethodWorker.invokeTestMethods(TestMethodWorker.java:154)
	at org.testng.internal.invokers.TestMethodWorker.run(TestMethodWorker.java:134)
	at java.base/java.util.ArrayList.forEach(ArrayList.java:1596)
	at org.testng.TestRunner.privateRun(TestRunner.java:739)
	at org.testng.TestRunner.run(TestRunner.java:614)
	at org.testng.SuiteRunner.runTest(SuiteRunner.java:421)
	at org.testng.SuiteRunner.runSequentially(SuiteRunner.java:413)
	at org.testng.SuiteRunner.privateRun(SuiteRunner.java:373)
	at org.testng.SuiteRunner.run(SuiteRunner.java:312)
	at org.testng.SuiteRunnerWorker.runSuite(SuiteRunnerWorker.java:52)
	at org.testng.SuiteRunnerWorker.run(SuiteRunnerWorker.java:95)
	at org.testng.TestNG.runSuitesSequentially(TestNG.java:1274)
	at org.testng.TestNG.runSuitesLocally(TestNG.java:1208)
	at org.testng.TestNG.runSuites(TestNG.java:1112)
	at org.testng.TestNG.run(TestNG.java:1079)
	at com.intellij.rt.testng.IDEARemoteTestNG.run(IDEARemoteTestNG.java:65)
	at com.intellij.rt.testng.RemoteTestNGStarter.main(RemoteTestNGStarter.java:105)
</textarea>
          
        </td>
      </tr>
      <tr class="event-row">
        <td><span class="badge log fail-bg">Fail</span></td>
        <td>10:46:08 PM</td>
        <td>
          
    <div class="row mb-3"><div class="col-md-3">
    

<img data-featherlight='/home/shormi/Documents/Project/Selenium-Java-Page-Object-Model-With-TestNG-ExtentReport/screenshots/to_date_entry_error.png' src="/home/shormi/Documents/Project/Selenium-Java-Page-Object-Model-With-TestNG-ExtentReport/screenshots/to_date_entry_error.png">
  
    

    </div></div>
        </td>
      </tr>
      <tr class="event-row">
        <td><span class="badge log info-bg">Info</span></td>
        <td>10:46:08 PM</td>
        <td>
          Selecting partial days option: All Days
        </td>
      </tr>
      <tr class="event-row">
        <td><span class="badge log fail-bg">Fail</span></td>
        <td>10:46:08 PM</td>
        <td>
          <p style="color:#FF5353; font-size:13px"><b>Error selecting partial days: Cannot locate an element using By.chained({By.xpath: //label[text()='Partial Days']/following-sibling::div//div[@class='oxd-select-text-input']})
For documentation on this error, please visit: https://www.selenium.dev/documentation/webdriver/troubleshooting/errors#no-such-element-exception
Build info: version: '4.20.0', revision: '866c76ca80'
System info: os.name: 'Linux', os.arch: 'amd64', os.version: '5.15.0-152-generic', java.version: '21.0.8'
Driver info: driver.version: RemoteWebDriver</b></p>
        </td>
      </tr>
      <tr class="event-row">
        <td><span class="badge log fail-bg">Fail</span></td>
        <td>10:46:08 PM</td>
        <td>
          <textarea readonly class="code-block">java.lang.InterruptedException: Exception
	at me.shormi.pages.Leave_Page.failCase(Leave_Page.java:132)
	at me.shormi.pages.Leave_Page.selectPartialDays(Leave_Page.java:304)
	at me.shormi.pages.Leave_Page.assignLeave(Leave_Page.java:383)
	at me.shormi.tests.Leave_Test.assign_single_day_leave(Leave_Test.java:48)
	at java.base/jdk.internal.reflect.DirectMethodHandleAccessor.invoke(DirectMethodHandleAccessor.java:103)
	at java.base/java.lang.reflect.Method.invoke(Method.java:580)
	at org.testng.internal.invokers.MethodInvocationHelper.invokeMethod(MethodInvocationHelper.java:141)
	at org.testng.internal.invokers.TestInvoker.invokeMethod(TestInvoker.java:686)
	at org.testng.internal.invokers.TestInvoker.invokeTestMethod(TestInvoker.java:230)
	at org.testng.internal.invokers.MethodRunner.runInSequence(MethodRunner.java:63)
	at org.testng.internal.invokers.TestInvoker$MethodInvocationAgent.invoke(TestInvoker.java:992)
	at org.testng.internal.invokers.TestInvoker.invokeTestMethods(TestInvoker.java:203)
	at org.testng.internal.invokers.TestMethodWorker.invokeTestMethods(TestMethodWorker.java:154)
	at org.testng.internal.invokers.TestMethodWorker.run(TestMethodWorker.java:134)
	at java.base/java.util.ArrayList.forEach(ArrayList.java:1596)
	at org.testng.TestRunner.privateRun(TestRunner.java:739)
	at org.testng.TestRunner.run(TestRunner.java:614)
	at org.testng.SuiteRunner.runTest(SuiteRunner.java:421)
	at org.testng.SuiteRunner.runSequentially(SuiteRunner.java:413)
	at org.testng.SuiteRunner.privateRun(SuiteRunner.java:373)
	at org.testng.SuiteRunner.run(SuiteRunner.java:312)
	at org.testng.SuiteRunnerWorker.runSuite(SuiteRunnerWorker.java:52)
	at org.testng.SuiteRunnerWorker.run(SuiteRunnerWorker.java:95)
	at org.testng.TestNG.runSuitesSequentially(TestNG.java:1274)
	at org.testng.TestNG.runSuitesLocally(TestNG.java:1208)
	at org.testng.TestNG.runSuites(TestNG.java:1112)
	at org.testng.TestNG.run(TestNG.java:1079)
	at com.intellij.rt.testng.IDEARemoteTestNG.run(IDEARemoteTestNG.java:65)
	at com.intellij.rt.testng.RemoteTestNGStarter.main(RemoteTestNGStarter.java:105)
</textarea>
          
        </td>
      </tr>
      <tr class="event-row">
        <td><span class="badge log fail-bg">Fail</span></td>
        <td>10:46:08 PM</td>
        <td>
          
    <div class="row mb-3"><div class="col-md-3">
    

<img data-featherlight='/home/shormi/Documents/Project/Selenium-Java-Page-Object-Model-With-TestNG-ExtentReport/screenshots/partial_days_selection_error.png' src="/home/shormi/Documents/Project/Selenium-Java-Page-Object-Model-With-TestNG-ExtentReport/screenshots/partial_days_selection_error.png">
  
    

    </div></div>
        </td>
      </tr>
      <tr class="event-row">
        <td><span class="badge log info-bg">Info</span></td>
        <td>10:46:08 PM</td>
        <td>
          Entering comment: Single day personal leave
        </td>
      </tr>
      <tr class="event-row">
        <td><span class="badge log fail-bg">Fail</span></td>
        <td>10:46:08 PM</td>
        <td>
          <p style="color:#FF5353; font-size:13px"><b>Error entering comment: Cannot locate an element using By.chained({By.xpath: //label[text()='Comments']/following-sibling::div//textarea})
For documentation on this error, please visit: https://www.selenium.dev/documentation/webdriver/troubleshooting/errors#no-such-element-exception
Build info: version: '4.20.0', revision: '866c76ca80'
System info: os.name: 'Linux', os.arch: 'amd64', os.version: '5.15.0-152-generic', java.version: '21.0.8'
Driver info: driver.version: RemoteWebDriver</b></p>
        </td>
      </tr>
      <tr class="event-row">
        <td><span class="badge log fail-bg">Fail</span></td>
        <td>10:46:08 PM</td>
        <td>
          <textarea readonly class="code-block">java.lang.InterruptedException: Exception
	at me.shormi.pages.Leave_Page.failCase(Leave_Page.java:132)
	at me.shormi.pages.Leave_Page.enterComment(Leave_Page.java:282)
	at me.shormi.pages.Leave_Page.assignLeave(Leave_Page.java:384)
	at me.shormi.tests.Leave_Test.assign_single_day_leave(Leave_Test.java:48)
	at java.base/jdk.internal.reflect.DirectMethodHandleAccessor.invoke(DirectMethodHandleAccessor.java:103)
	at java.base/java.lang.reflect.Method.invoke(Method.java:580)
	at org.testng.internal.invokers.MethodInvocationHelper.invokeMethod(MethodInvocationHelper.java:141)
	at org.testng.internal.invokers.TestInvoker.invokeMethod(TestInvoker.java:686)
	at org.testng.internal.invokers.TestInvoker.invokeTestMethod(TestInvoker.java:230)
	at org.testng.internal.invokers.MethodRunner.runInSequence(MethodRunner.java:63)
	at org.testng.internal.invokers.TestInvoker$MethodInvocationAgent.invoke(TestInvoker.java:992)
	at org.testng.internal.invokers.TestInvoker.invokeTestMethods(TestInvoker.java:203)
	at org.testng.internal.invokers.TestMethodWorker.invokeTestMethods(TestMethodWorker.java:154)
	at org.testng.internal.invokers.TestMethodWorker.run(TestMethodWorker.java:134)
	at java.base/java.util.ArrayList.forEach(ArrayList.java:1596)
	at org.testng.TestRunner.privateRun(TestRunner.java:739)
	at org.testng.TestRunner.run(TestRunner.java:614)
	at org.testng.SuiteRunner.runTest(SuiteRunner.java:421)
	at org.testng.SuiteRunner.runSequentially(SuiteRunner.java:413)
	at org.testng.SuiteRunner.privateRun(SuiteRunner.java:373)
	at org.testng.SuiteRunner.run(SuiteRunner.java:312)
	at org.testng.SuiteRunnerWorker.runSuite(SuiteRunnerWorker.java:52)
	at org.testng.SuiteRunnerWorker.run(SuiteRunnerWorker.java:95)
	at org.testng.TestNG.runSuitesSequentially(TestNG.java:1274)
	at org.testng.TestNG.runSuitesLocally(TestNG.java:1208)
	at org.testng.TestNG.runSuites(TestNG.java:1112)
	at org.testng.TestNG.run(TestNG.java:1079)
	at com.intellij.rt.testng.IDEARemoteTestNG.run(IDEARemoteTestNG.java:65)
	at com.intellij.rt.testng.RemoteTestNGStarter.main(RemoteTestNGStarter.java:105)
</textarea>
          
        </td>
      </tr>
      <tr class="event-row">
        <td><span class="badge log fail-bg">Fail</span></td>
        <td>10:46:08 PM</td>
        <td>
          
    <div class="row mb-3"><div class="col-md-3">
    

<img data-featherlight='/home/shormi/Documents/Project/Selenium-Java-Page-Object-Model-With-TestNG-ExtentReport/screenshots/comment_entry_error.png' src="/home/shormi/Documents/Project/Selenium-Java-Page-Object-Model-With-TestNG-ExtentReport/screenshots/comment_entry_error.png">
  
    

    </div></div>
        </td>
      </tr>
      <tr class="event-row">
        <td><span class="badge log info-bg">Info</span></td>
        <td>10:46:08 PM</td>
        <td>
          Clicking Assign button
        </td>
      </tr>
      <tr class="event-row">
        <td><span class="badge log pass-bg">Pass</span></td>
        <td>10:46:11 PM</td>
        <td>
          <p style="color:#85BC63; font-size:13px"><b>Successfully clicked Assign button</b></p>
        </td>
      </tr>
      <tr class="event-row">
        <td><span class="badge log info-bg">Info</span></td>
        <td>10:46:11 PM</td>
        <td>
          Verifying success message
        </td>
      </tr>
      <tr class="event-row">
        <td><span class="badge log fail-bg">Fail</span></td>
        <td>10:46:13 PM</td>
        <td>
          <p style="color:#FF5353; font-size:13px"><b>Error verifying success message: Cannot locate an element using By.chained({By.xpath: //div[@class='oxd-toast-container']//p[contains(text(),'Successfully Saved')]})
For documentation on this error, please visit: https://www.selenium.dev/documentation/webdriver/troubleshooting/errors#no-such-element-exception
Build info: version: '4.20.0', revision: '866c76ca80'
System info: os.name: 'Linux', os.arch: 'amd64', os.version: '5.15.0-152-generic', java.version: '21.0.8'
Driver info: driver.version: RemoteWebDriver</b></p>
        </td>
      </tr>
      <tr class="event-row">
        <td><span class="badge log fail-bg">Fail</span></td>
        <td>10:46:13 PM</td>
        <td>
          <textarea readonly class="code-block">java.lang.InterruptedException: Exception
	at me.shormi.pages.Leave_Page.failCase(Leave_Page.java:132)
	at me.shormi.pages.Leave_Page.verifySuccessMessage(Leave_Page.java:350)
	at me.shormi.pages.Leave_Page.assignLeave(Leave_Page.java:386)
	at me.shormi.tests.Leave_Test.assign_single_day_leave(Leave_Test.java:48)
	at java.base/jdk.internal.reflect.DirectMethodHandleAccessor.invoke(DirectMethodHandleAccessor.java:103)
	at java.base/java.lang.reflect.Method.invoke(Method.java:580)
	at org.testng.internal.invokers.MethodInvocationHelper.invokeMethod(MethodInvocationHelper.java:141)
	at org.testng.internal.invokers.TestInvoker.invokeMethod(TestInvoker.java:686)
	at org.testng.internal.invokers.TestInvoker.invokeTestMethod(TestInvoker.java:230)
	at org.testng.internal.invokers.MethodRunner.runInSequence(MethodRunner.java:63)
	at org.testng.internal.invokers.TestInvoker$MethodInvocationAgent.invoke(TestInvoker.java:992)
	at org.testng.internal.invokers.TestInvoker.invokeTestMethods(TestInvoker.java:203)
	at org.testng.internal.invokers.TestMethodWorker.invokeTestMethods(TestMethodWorker.java:154)
	at org.testng.internal.invokers.TestMethodWorker.run(TestMethodWorker.java:134)
	at java.base/java.util.ArrayList.forEach(ArrayList.java:1596)
	at org.testng.TestRunner.privateRun(TestRunner.java:739)
	at org.testng.TestRunner.run(TestRunner.java:614)
	at org.testng.SuiteRunner.runTest(SuiteRunner.java:421)
	at org.testng.SuiteRunner.runSequentially(SuiteRunner.java:413)
	at org.testng.SuiteRunner.privateRun(SuiteRunner.java:373)
	at org.testng.SuiteRunner.run(SuiteRunner.java:312)
	at org.testng.SuiteRunnerWorker.runSuite(SuiteRunnerWorker.java:52)
	at org.testng.SuiteRunnerWorker.run(SuiteRunnerWorker.java:95)
	at org.testng.TestNG.runSuitesSequentially(TestNG.java:1274)
	at org.testng.TestNG.runSuitesLocally(TestNG.java:1208)
	at org.testng.TestNG.runSuites(TestNG.java:1112)
	at org.testng.TestNG.run(TestNG.java:1079)
	at com.intellij.rt.testng.IDEARemoteTestNG.run(IDEARemoteTestNG.java:65)
	at com.intellij.rt.testng.RemoteTestNGStarter.main(RemoteTestNGStarter.java:105)
</textarea>
          
        </td>
      </tr>
      <tr class="event-row">
        <td><span class="badge log fail-bg">Fail</span></td>
        <td>10:46:13 PM</td>
        <td>
          
    <div class="row mb-3"><div class="col-md-3">
    

<img data-featherlight='/home/shormi/Documents/Project/Selenium-Java-Page-Object-Model-With-TestNG-ExtentReport/screenshots/success_message_verification_error.png' src="/home/shormi/Documents/Project/Selenium-Java-Page-Object-Model-With-TestNG-ExtentReport/screenshots/success_message_verification_error.png">
  
    

    </div></div>
        </td>
      </tr>
      <tr class="event-row">
        <td><span class="badge log info-bg">Info</span></td>
        <td>10:46:13 PM</td>
        <td>
          Verifying success message
        </td>
      </tr>
      <tr class="event-row">
        <td><span class="badge log fail-bg">Fail</span></td>
        <td>10:46:15 PM</td>
        <td>
          <p style="color:#FF5353; font-size:13px"><b>Error verifying success message: Cannot locate an element using By.chained({By.xpath: //div[@class='oxd-toast-container']//p[contains(text(),'Successfully Saved')]})
For documentation on this error, please visit: https://www.selenium.dev/documentation/webdriver/troubleshooting/errors#no-such-element-exception
Build info: version: '4.20.0', revision: '866c76ca80'
System info: os.name: 'Linux', os.arch: 'amd64', os.version: '5.15.0-152-generic', java.version: '21.0.8'
Driver info: driver.version: RemoteWebDriver</b></p>
        </td>
      </tr>
      <tr class="event-row">
        <td><span class="badge log fail-bg">Fail</span></td>
        <td>10:46:15 PM</td>
        <td>
          <textarea readonly class="code-block">java.lang.InterruptedException: Exception
	at me.shormi.pages.Leave_Page.failCase(Leave_Page.java:132)
	at me.shormi.pages.Leave_Page.verifySuccessMessage(Leave_Page.java:350)
	at me.shormi.tests.Leave_Test.assign_single_day_leave(Leave_Test.java:50)
	at java.base/jdk.internal.reflect.DirectMethodHandleAccessor.invoke(DirectMethodHandleAccessor.java:103)
	at java.base/java.lang.reflect.Method.invoke(Method.java:580)
	at org.testng.internal.invokers.MethodInvocationHelper.invokeMethod(MethodInvocationHelper.java:141)
	at org.testng.internal.invokers.TestInvoker.invokeMethod(TestInvoker.java:686)
	at org.testng.internal.invokers.TestInvoker.invokeTestMethod(TestInvoker.java:230)
	at org.testng.internal.invokers.MethodRunner.runInSequence(MethodRunner.java:63)
	at org.testng.internal.invokers.TestInvoker$MethodInvocationAgent.invoke(TestInvoker.java:992)
	at org.testng.internal.invokers.TestInvoker.invokeTestMethods(TestInvoker.java:203)
	at org.testng.internal.invokers.TestMethodWorker.invokeTestMethods(TestMethodWorker.java:154)
	at org.testng.internal.invokers.TestMethodWorker.run(TestMethodWorker.java:134)
	at java.base/java.util.ArrayList.forEach(ArrayList.java:1596)
	at org.testng.TestRunner.privateRun(TestRunner.java:739)
	at org.testng.TestRunner.run(TestRunner.java:614)
	at org.testng.SuiteRunner.runTest(SuiteRunner.java:421)
	at org.testng.SuiteRunner.runSequentially(SuiteRunner.java:413)
	at org.testng.SuiteRunner.privateRun(SuiteRunner.java:373)
	at org.testng.SuiteRunner.run(SuiteRunner.java:312)
	at org.testng.SuiteRunnerWorker.runSuite(SuiteRunnerWorker.java:52)
	at org.testng.SuiteRunnerWorker.run(SuiteRunnerWorker.java:95)
	at org.testng.TestNG.runSuitesSequentially(TestNG.java:1274)
	at org.testng.TestNG.runSuitesLocally(TestNG.java:1208)
	at org.testng.TestNG.runSuites(TestNG.java:1112)
	at org.testng.TestNG.run(TestNG.java:1079)
	at com.intellij.rt.testng.IDEARemoteTestNG.run(IDEARemoteTestNG.java:65)
	at com.intellij.rt.testng.RemoteTestNGStarter.main(RemoteTestNGStarter.java:105)
</textarea>
          
        </td>
      </tr>
      <tr class="event-row">
        <td><span class="badge log fail-bg">Fail</span></td>
        <td>10:46:15 PM</td>
        <td>
          
    <div class="row mb-3"><div class="col-md-3">
    

<img data-featherlight='/home/shormi/Documents/Project/Selenium-Java-Page-Object-Model-With-TestNG-ExtentReport/screenshots/success_message_verification_error.png' src="/home/shormi/Documents/Project/Selenium-Java-Page-Object-Model-With-TestNG-ExtentReport/screenshots/success_message_verification_error.png">
  
    

    </div></div>
        </td>
      </tr>
  </tbody>
</table>
          </div>
        </div>
      </div>
      <div class="card">
        <div class="card-header">
          <div class="card-toolbar node-info">
            <ul class="list-inline d-none d-sm-block">
              <li><span class="badge fail-bg log ">Fail</span></li>
              <li><span class='badge badge-default'>00:15:351</span></li>
              <li><span><i class="fa fa-paperclip"></i></span></li>
            </ul>
          </div>
          <div class="card-title">
            <a class="node " id="11"><span><p style="color:green; font-size:13px"><b>TC-OR-06: Assign Multi Day Leave</b></p></span></a>
            <div class="node-attr">
<span class="badge badge-pill badge-default">Tester</span>
<span class="badge badge-pill badge-default">Windows</span>            </div>
          </div>
        </div>
        <div class="">
          <div class="card-body">
            
<table class="table table-sm">
  <thead><tr><th class="status-col">Status</th><th class="timestamp-col">Timestamp</th><th class="details-col">Details</th></tr></thead>
  <tbody>
      <tr class="event-row">
        <td><span class="badge log info-bg">Info</span></td>
        <td>10:46:15 PM</td>
        <td>
          Navigating to Leave menu
        </td>
      </tr>
      <tr class="event-row">
        <td><span class="badge log pass-bg">Pass</span></td>
        <td>10:46:19 PM</td>
        <td>
          <p style="color:#85BC63; font-size:13px"><b>Successfully navigated to Leave menu</b></p>
        </td>
      </tr>
      <tr class="event-row">
        <td><span class="badge log info-bg">Info</span></td>
        <td>10:46:19 PM</td>
        <td>
          Navigating to Assign Leave
        </td>
      </tr>
      <tr class="event-row">
        <td><span class="badge log pass-bg">Pass</span></td>
        <td>10:46:23 PM</td>
        <td>
          <p style="color:#85BC63; font-size:13px"><b>Successfully navigated to Assign Leave page</b></p>
        </td>
      </tr>
      <tr class="event-row">
        <td><span class="badge log info-bg">Info</span></td>
        <td>10:46:23 PM</td>
        <td>
          Selecting employee: Peter Mac Anderson
        </td>
      </tr>
      <tr class="event-row">
        <td><span class="badge log fail-bg">Fail</span></td>
        <td>10:46:23 PM</td>
        <td>
          <p style="color:#FF5353; font-size:13px"><b>Error selecting employee: Cannot locate an element using By.chained({By.xpath: //label[text()='Employee Name']/following-sibling::div//input[@placeholder='Type for hints...']})
For documentation on this error, please visit: https://www.selenium.dev/documentation/webdriver/troubleshooting/errors#no-such-element-exception
Build info: version: '4.20.0', revision: '866c76ca80'
System info: os.name: 'Linux', os.arch: 'amd64', os.version: '5.15.0-152-generic', java.version: '21.0.8'
Driver info: driver.version: RemoteWebDriver</b></p>
        </td>
      </tr>
      <tr class="event-row">
        <td><span class="badge log fail-bg">Fail</span></td>
        <td>10:46:23 PM</td>
        <td>
          <textarea readonly class="code-block">java.lang.InterruptedException: Exception
	at me.shormi.pages.Leave_Page.failCase(Leave_Page.java:132)
	at me.shormi.pages.Leave_Page.selectEmployee(Leave_Page.java:191)
	at me.shormi.pages.Leave_Page.assignLeave(Leave_Page.java:379)
	at me.shormi.tests.Leave_Test.assign_multi_day_leave(Leave_Test.java:57)
	at java.base/jdk.internal.reflect.DirectMethodHandleAccessor.invoke(DirectMethodHandleAccessor.java:103)
	at java.base/java.lang.reflect.Method.invoke(Method.java:580)
	at org.testng.internal.invokers.MethodInvocationHelper.invokeMethod(MethodInvocationHelper.java:141)
	at org.testng.internal.invokers.TestInvoker.invokeMethod(TestInvoker.java:686)
	at org.testng.internal.invokers.TestInvoker.invokeTestMethod(TestInvoker.java:230)
	at org.testng.internal.invokers.MethodRunner.runInSequence(MethodRunner.java:63)
	at org.testng.internal.invokers.TestInvoker$MethodInvocationAgent.invoke(TestInvoker.java:992)
	at org.testng.internal.invokers.TestInvoker.invokeTestMethods(TestInvoker.java:203)
	at org.testng.internal.invokers.TestMethodWorker.invokeTestMethods(TestMethodWorker.java:154)
	at org.testng.internal.invokers.TestMethodWorker.run(TestMethodWorker.java:134)
	at java.base/java.util.ArrayList.forEach(ArrayList.java:1596)
	at org.testng.TestRunner.privateRun(TestRunner.java:739)
	at org.testng.TestRunner.run(TestRunner.java:614)
	at org.testng.SuiteRunner.runTest(SuiteRunner.java:421)
	at org.testng.SuiteRunner.runSequentially(SuiteRunner.java:413)
	at org.testng.SuiteRunner.privateRun(SuiteRunner.java:373)
	at org.testng.SuiteRunner.run(SuiteRunner.java:312)
	at org.testng.SuiteRunnerWorker.runSuite(SuiteRunnerWorker.java:52)
	at org.testng.SuiteRunnerWorker.run(SuiteRunnerWorker.java:95)
	at org.testng.TestNG.runSuitesSequentially(TestNG.java:1274)
	at org.testng.TestNG.runSuitesLocally(TestNG.java:1208)
	at org.testng.TestNG.runSuites(TestNG.java:1112)
	at org.testng.TestNG.run(TestNG.java:1079)
	at com.intellij.rt.testng.IDEARemoteTestNG.run(IDEARemoteTestNG.java:65)
	at com.intellij.rt.testng.RemoteTestNGStarter.main(RemoteTestNGStarter.java:105)
</textarea>
          
        </td>
      </tr>
      <tr class="event-row">
        <td><span class="badge log fail-bg">Fail</span></td>
        <td>10:46:23 PM</td>
        <td>
          
    <div class="row mb-3"><div class="col-md-3">
    

<img data-featherlight='/home/shormi/Documents/Project/Selenium-Java-Page-Object-Model-With-TestNG-ExtentReport/screenshots/employee_selection_error.png' src="/home/shormi/Documents/Project/Selenium-Java-Page-Object-Model-With-TestNG-ExtentReport/screenshots/employee_selection_error.png">
  
    

    </div></div>
        </td>
      </tr>
      <tr class="event-row">
        <td><span class="badge log info-bg">Info</span></td>
        <td>10:46:23 PM</td>
        <td>
          Selecting leave type: CAN - Personal
        </td>
      </tr>
      <tr class="event-row">
        <td><span class="badge log fail-bg">Fail</span></td>
        <td>10:46:23 PM</td>
        <td>
          <p style="color:#FF5353; font-size:13px"><b>Error selecting leave type: Cannot locate an element using By.chained({By.xpath: //label[text()='Leave Type']/following-sibling::div//div[contains(@class,'oxd-select-text')]})
For documentation on this error, please visit: https://www.selenium.dev/documentation/webdriver/troubleshooting/errors#no-such-element-exception
Build info: version: '4.20.0', revision: '866c76ca80'
System info: os.name: 'Linux', os.arch: 'amd64', os.version: '5.15.0-152-generic', java.version: '21.0.8'
Driver info: driver.version: RemoteWebDriver</b></p>
        </td>
      </tr>
      <tr class="event-row">
        <td><span class="badge log fail-bg">Fail</span></td>
        <td>10:46:23 PM</td>
        <td>
          <textarea readonly class="code-block">java.lang.InterruptedException: Exception
	at me.shormi.pages.Leave_Page.failCase(Leave_Page.java:132)
	at me.shormi.pages.Leave_Page.selectLeaveType(Leave_Page.java:234)
	at me.shormi.pages.Leave_Page.assignLeave(Leave_Page.java:380)
	at me.shormi.tests.Leave_Test.assign_multi_day_leave(Leave_Test.java:57)
	at java.base/jdk.internal.reflect.DirectMethodHandleAccessor.invoke(DirectMethodHandleAccessor.java:103)
	at java.base/java.lang.reflect.Method.invoke(Method.java:580)
	at org.testng.internal.invokers.MethodInvocationHelper.invokeMethod(MethodInvocationHelper.java:141)
	at org.testng.internal.invokers.TestInvoker.invokeMethod(TestInvoker.java:686)
	at org.testng.internal.invokers.TestInvoker.invokeTestMethod(TestInvoker.java:230)
	at org.testng.internal.invokers.MethodRunner.runInSequence(MethodRunner.java:63)
	at org.testng.internal.invokers.TestInvoker$MethodInvocationAgent.invoke(TestInvoker.java:992)
	at org.testng.internal.invokers.TestInvoker.invokeTestMethods(TestInvoker.java:203)
	at org.testng.internal.invokers.TestMethodWorker.invokeTestMethods(TestMethodWorker.java:154)
	at org.testng.internal.invokers.TestMethodWorker.run(TestMethodWorker.java:134)
	at java.base/java.util.ArrayList.forEach(ArrayList.java:1596)
	at org.testng.TestRunner.privateRun(TestRunner.java:739)
	at org.testng.TestRunner.run(TestRunner.java:614)
	at org.testng.SuiteRunner.runTest(SuiteRunner.java:421)
	at org.testng.SuiteRunner.runSequentially(SuiteRunner.java:413)
	at org.testng.SuiteRunner.privateRun(SuiteRunner.java:373)
	at org.testng.SuiteRunner.run(SuiteRunner.java:312)
	at org.testng.SuiteRunnerWorker.runSuite(SuiteRunnerWorker.java:52)
	at org.testng.SuiteRunnerWorker.run(SuiteRunnerWorker.java:95)
	at org.testng.TestNG.runSuitesSequentially(TestNG.java:1274)
	at org.testng.TestNG.runSuitesLocally(TestNG.java:1208)
	at org.testng.TestNG.runSuites(TestNG.java:1112)
	at org.testng.TestNG.run(TestNG.java:1079)
	at com.intellij.rt.testng.IDEARemoteTestNG.run(IDEARemoteTestNG.java:65)
	at com.intellij.rt.testng.RemoteTestNGStarter.main(RemoteTestNGStarter.java:105)
</textarea>
          
        </td>
      </tr>
      <tr class="event-row">
        <td><span class="badge log fail-bg">Fail</span></td>
        <td>10:46:23 PM</td>
        <td>
          
    <div class="row mb-3"><div class="col-md-3">
    

<img data-featherlight='/home/shormi/Documents/Project/Selenium-Java-Page-Object-Model-With-TestNG-ExtentReport/screenshots/leave_type_selection_error.png' src="/home/shormi/Documents/Project/Selenium-Java-Page-Object-Model-With-TestNG-ExtentReport/screenshots/leave_type_selection_error.png">
  
    

    </div></div>
        </td>
      </tr>
      <tr class="event-row">
        <td><span class="badge log info-bg">Info</span></td>
        <td>10:46:23 PM</td>
        <td>
          Entering from date: 2025-08-18
        </td>
      </tr>
      <tr class="event-row">
        <td><span class="badge log fail-bg">Fail</span></td>
        <td>10:46:23 PM</td>
        <td>
          <p style="color:#FF5353; font-size:13px"><b>Error entering from date: Cannot locate an element using By.chained({By.xpath: //label[text()='From Date']/following-sibling::div//input[@placeholder='yyyy-mm-dd']})
For documentation on this error, please visit: https://www.selenium.dev/documentation/webdriver/troubleshooting/errors#no-such-element-exception
Build info: version: '4.20.0', revision: '866c76ca80'
System info: os.name: 'Linux', os.arch: 'amd64', os.version: '5.15.0-152-generic', java.version: '21.0.8'
Driver info: driver.version: RemoteWebDriver</b></p>
        </td>
      </tr>
      <tr class="event-row">
        <td><span class="badge log fail-bg">Fail</span></td>
        <td>10:46:23 PM</td>
        <td>
          <textarea readonly class="code-block">java.lang.InterruptedException: Exception
	at me.shormi.pages.Leave_Page.failCase(Leave_Page.java:132)
	at me.shormi.pages.Leave_Page.enterFromDate(Leave_Page.java:250)
	at me.shormi.pages.Leave_Page.assignLeave(Leave_Page.java:381)
	at me.shormi.tests.Leave_Test.assign_multi_day_leave(Leave_Test.java:57)
	at java.base/jdk.internal.reflect.DirectMethodHandleAccessor.invoke(DirectMethodHandleAccessor.java:103)
	at java.base/java.lang.reflect.Method.invoke(Method.java:580)
	at org.testng.internal.invokers.MethodInvocationHelper.invokeMethod(MethodInvocationHelper.java:141)
	at org.testng.internal.invokers.TestInvoker.invokeMethod(TestInvoker.java:686)
	at org.testng.internal.invokers.TestInvoker.invokeTestMethod(TestInvoker.java:230)
	at org.testng.internal.invokers.MethodRunner.runInSequence(MethodRunner.java:63)
	at org.testng.internal.invokers.TestInvoker$MethodInvocationAgent.invoke(TestInvoker.java:992)
	at org.testng.internal.invokers.TestInvoker.invokeTestMethods(TestInvoker.java:203)
	at org.testng.internal.invokers.TestMethodWorker.invokeTestMethods(TestMethodWorker.java:154)
	at org.testng.internal.invokers.TestMethodWorker.run(TestMethodWorker.java:134)
	at java.base/java.util.ArrayList.forEach(ArrayList.java:1596)
	at org.testng.TestRunner.privateRun(TestRunner.java:739)
	at org.testng.TestRunner.run(TestRunner.java:614)
	at org.testng.SuiteRunner.runTest(SuiteRunner.java:421)
	at org.testng.SuiteRunner.runSequentially(SuiteRunner.java:413)
	at org.testng.SuiteRunner.privateRun(SuiteRunner.java:373)
	at org.testng.SuiteRunner.run(SuiteRunner.java:312)
	at org.testng.SuiteRunnerWorker.runSuite(SuiteRunnerWorker.java:52)
	at org.testng.SuiteRunnerWorker.run(SuiteRunnerWorker.java:95)
	at org.testng.TestNG.runSuitesSequentially(TestNG.java:1274)
	at org.testng.TestNG.runSuitesLocally(TestNG.java:1208)
	at org.testng.TestNG.runSuites(TestNG.java:1112)
	at org.testng.TestNG.run(TestNG.java:1079)
	at com.intellij.rt.testng.IDEARemoteTestNG.run(IDEARemoteTestNG.java:65)
	at com.intellij.rt.testng.RemoteTestNGStarter.main(RemoteTestNGStarter.java:105)
</textarea>
          
        </td>
      </tr>
      <tr class="event-row">
        <td><span class="badge log fail-bg">Fail</span></td>
        <td>10:46:23 PM</td>
        <td>
          
    <div class="row mb-3"><div class="col-md-3">
    

<img data-featherlight='/home/shormi/Documents/Project/Selenium-Java-Page-Object-Model-With-TestNG-ExtentReport/screenshots/from_date_entry_error.png' src="/home/shormi/Documents/Project/Selenium-Java-Page-Object-Model-With-TestNG-ExtentReport/screenshots/from_date_entry_error.png">
  
    

    </div></div>
        </td>
      </tr>
      <tr class="event-row">
        <td><span class="badge log info-bg">Info</span></td>
        <td>10:46:23 PM</td>
        <td>
          Entering to date: 2025-08-20
        </td>
      </tr>
      <tr class="event-row">
        <td><span class="badge log fail-bg">Fail</span></td>
        <td>10:46:23 PM</td>
        <td>
          <p style="color:#FF5353; font-size:13px"><b>Error entering to date: Cannot locate an element using By.chained({By.xpath: //label[text()='To Date']/following-sibling::div//input[@placeholder='yyyy-mm-dd']})
For documentation on this error, please visit: https://www.selenium.dev/documentation/webdriver/troubleshooting/errors#no-such-element-exception
Build info: version: '4.20.0', revision: '866c76ca80'
System info: os.name: 'Linux', os.arch: 'amd64', os.version: '5.15.0-152-generic', java.version: '21.0.8'
Driver info: driver.version: RemoteWebDriver</b></p>
        </td>
      </tr>
      <tr class="event-row">
        <td><span class="badge log fail-bg">Fail</span></td>
        <td>10:46:23 PM</td>
        <td>
          <textarea readonly class="code-block">java.lang.InterruptedException: Exception
	at me.shormi.pages.Leave_Page.failCase(Leave_Page.java:132)
	at me.shormi.pages.Leave_Page.enterToDate(Leave_Page.java:266)
	at me.shormi.pages.Leave_Page.assignLeave(Leave_Page.java:382)
	at me.shormi.tests.Leave_Test.assign_multi_day_leave(Leave_Test.java:57)
	at java.base/jdk.internal.reflect.DirectMethodHandleAccessor.invoke(DirectMethodHandleAccessor.java:103)
	at java.base/java.lang.reflect.Method.invoke(Method.java:580)
	at org.testng.internal.invokers.MethodInvocationHelper.invokeMethod(MethodInvocationHelper.java:141)
	at org.testng.internal.invokers.TestInvoker.invokeMethod(TestInvoker.java:686)
	at org.testng.internal.invokers.TestInvoker.invokeTestMethod(TestInvoker.java:230)
	at org.testng.internal.invokers.MethodRunner.runInSequence(MethodRunner.java:63)
	at org.testng.internal.invokers.TestInvoker$MethodInvocationAgent.invoke(TestInvoker.java:992)
	at org.testng.internal.invokers.TestInvoker.invokeTestMethods(TestInvoker.java:203)
	at org.testng.internal.invokers.TestMethodWorker.invokeTestMethods(TestMethodWorker.java:154)
	at org.testng.internal.invokers.TestMethodWorker.run(TestMethodWorker.java:134)
	at java.base/java.util.ArrayList.forEach(ArrayList.java:1596)
	at org.testng.TestRunner.privateRun(TestRunner.java:739)
	at org.testng.TestRunner.run(TestRunner.java:614)
	at org.testng.SuiteRunner.runTest(SuiteRunner.java:421)
	at org.testng.SuiteRunner.runSequentially(SuiteRunner.java:413)
	at org.testng.SuiteRunner.privateRun(SuiteRunner.java:373)
	at org.testng.SuiteRunner.run(SuiteRunner.java:312)
	at org.testng.SuiteRunnerWorker.runSuite(SuiteRunnerWorker.java:52)
	at org.testng.SuiteRunnerWorker.run(SuiteRunnerWorker.java:95)
	at org.testng.TestNG.runSuitesSequentially(TestNG.java:1274)
	at org.testng.TestNG.runSuitesLocally(TestNG.java:1208)
	at org.testng.TestNG.runSuites(TestNG.java:1112)
	at org.testng.TestNG.run(TestNG.java:1079)
	at com.intellij.rt.testng.IDEARemoteTestNG.run(IDEARemoteTestNG.java:65)
	at com.intellij.rt.testng.RemoteTestNGStarter.main(RemoteTestNGStarter.java:105)
</textarea>
          
        </td>
      </tr>
      <tr class="event-row">
        <td><span class="badge log fail-bg">Fail</span></td>
        <td>10:46:23 PM</td>
        <td>
          
    <div class="row mb-3"><div class="col-md-3">
    

<img data-featherlight='/home/shormi/Documents/Project/Selenium-Java-Page-Object-Model-With-TestNG-ExtentReport/screenshots/to_date_entry_error.png' src="/home/shormi/Documents/Project/Selenium-Java-Page-Object-Model-With-TestNG-ExtentReport/screenshots/to_date_entry_error.png">
  
    

    </div></div>
        </td>
      </tr>
      <tr class="event-row">
        <td><span class="badge log info-bg">Info</span></td>
        <td>10:46:23 PM</td>
        <td>
          Selecting partial days option: All Days
        </td>
      </tr>
      <tr class="event-row">
        <td><span class="badge log fail-bg">Fail</span></td>
        <td>10:46:23 PM</td>
        <td>
          <p style="color:#FF5353; font-size:13px"><b>Error selecting partial days: Cannot locate an element using By.chained({By.xpath: //label[text()='Partial Days']/following-sibling::div//div[@class='oxd-select-text-input']})
For documentation on this error, please visit: https://www.selenium.dev/documentation/webdriver/troubleshooting/errors#no-such-element-exception
Build info: version: '4.20.0', revision: '866c76ca80'
System info: os.name: 'Linux', os.arch: 'amd64', os.version: '5.15.0-152-generic', java.version: '21.0.8'
Driver info: driver.version: RemoteWebDriver</b></p>
        </td>
      </tr>
      <tr class="event-row">
        <td><span class="badge log fail-bg">Fail</span></td>
        <td>10:46:23 PM</td>
        <td>
          <textarea readonly class="code-block">java.lang.InterruptedException: Exception
	at me.shormi.pages.Leave_Page.failCase(Leave_Page.java:132)
	at me.shormi.pages.Leave_Page.selectPartialDays(Leave_Page.java:304)
	at me.shormi.pages.Leave_Page.assignLeave(Leave_Page.java:383)
	at me.shormi.tests.Leave_Test.assign_multi_day_leave(Leave_Test.java:57)
	at java.base/jdk.internal.reflect.DirectMethodHandleAccessor.invoke(DirectMethodHandleAccessor.java:103)
	at java.base/java.lang.reflect.Method.invoke(Method.java:580)
	at org.testng.internal.invokers.MethodInvocationHelper.invokeMethod(MethodInvocationHelper.java:141)
	at org.testng.internal.invokers.TestInvoker.invokeMethod(TestInvoker.java:686)
	at org.testng.internal.invokers.TestInvoker.invokeTestMethod(TestInvoker.java:230)
	at org.testng.internal.invokers.MethodRunner.runInSequence(MethodRunner.java:63)
	at org.testng.internal.invokers.TestInvoker$MethodInvocationAgent.invoke(TestInvoker.java:992)
	at org.testng.internal.invokers.TestInvoker.invokeTestMethods(TestInvoker.java:203)
	at org.testng.internal.invokers.TestMethodWorker.invokeTestMethods(TestMethodWorker.java:154)
	at org.testng.internal.invokers.TestMethodWorker.run(TestMethodWorker.java:134)
	at java.base/java.util.ArrayList.forEach(ArrayList.java:1596)
	at org.testng.TestRunner.privateRun(TestRunner.java:739)
	at org.testng.TestRunner.run(TestRunner.java:614)
	at org.testng.SuiteRunner.runTest(SuiteRunner.java:421)
	at org.testng.SuiteRunner.runSequentially(SuiteRunner.java:413)
	at org.testng.SuiteRunner.privateRun(SuiteRunner.java:373)
	at org.testng.SuiteRunner.run(SuiteRunner.java:312)
	at org.testng.SuiteRunnerWorker.runSuite(SuiteRunnerWorker.java:52)
	at org.testng.SuiteRunnerWorker.run(SuiteRunnerWorker.java:95)
	at org.testng.TestNG.runSuitesSequentially(TestNG.java:1274)
	at org.testng.TestNG.runSuitesLocally(TestNG.java:1208)
	at org.testng.TestNG.runSuites(TestNG.java:1112)
	at org.testng.TestNG.run(TestNG.java:1079)
	at com.intellij.rt.testng.IDEARemoteTestNG.run(IDEARemoteTestNG.java:65)
	at com.intellij.rt.testng.RemoteTestNGStarter.main(RemoteTestNGStarter.java:105)
</textarea>
          
        </td>
      </tr>
      <tr class="event-row">
        <td><span class="badge log fail-bg">Fail</span></td>
        <td>10:46:23 PM</td>
        <td>
          
    <div class="row mb-3"><div class="col-md-3">
    

<img data-featherlight='/home/shormi/Documents/Project/Selenium-Java-Page-Object-Model-With-TestNG-ExtentReport/screenshots/partial_days_selection_error.png' src="/home/shormi/Documents/Project/Selenium-Java-Page-Object-Model-With-TestNG-ExtentReport/screenshots/partial_days_selection_error.png">
  
    

    </div></div>
        </td>
      </tr>
      <tr class="event-row">
        <td><span class="badge log info-bg">Info</span></td>
        <td>10:46:23 PM</td>
        <td>
          Entering comment: Multi day vacation leave
        </td>
      </tr>
      <tr class="event-row">
        <td><span class="badge log fail-bg">Fail</span></td>
        <td>10:46:23 PM</td>
        <td>
          <p style="color:#FF5353; font-size:13px"><b>Error entering comment: Cannot locate an element using By.chained({By.xpath: //label[text()='Comments']/following-sibling::div//textarea})
For documentation on this error, please visit: https://www.selenium.dev/documentation/webdriver/troubleshooting/errors#no-such-element-exception
Build info: version: '4.20.0', revision: '866c76ca80'
System info: os.name: 'Linux', os.arch: 'amd64', os.version: '5.15.0-152-generic', java.version: '21.0.8'
Driver info: driver.version: RemoteWebDriver</b></p>
        </td>
      </tr>
      <tr class="event-row">
        <td><span class="badge log fail-bg">Fail</span></td>
        <td>10:46:23 PM</td>
        <td>
          <textarea readonly class="code-block">java.lang.InterruptedException: Exception
	at me.shormi.pages.Leave_Page.failCase(Leave_Page.java:132)
	at me.shormi.pages.Leave_Page.enterComment(Leave_Page.java:282)
	at me.shormi.pages.Leave_Page.assignLeave(Leave_Page.java:384)
	at me.shormi.tests.Leave_Test.assign_multi_day_leave(Leave_Test.java:57)
	at java.base/jdk.internal.reflect.DirectMethodHandleAccessor.invoke(DirectMethodHandleAccessor.java:103)
	at java.base/java.lang.reflect.Method.invoke(Method.java:580)
	at org.testng.internal.invokers.MethodInvocationHelper.invokeMethod(MethodInvocationHelper.java:141)
	at org.testng.internal.invokers.TestInvoker.invokeMethod(TestInvoker.java:686)
	at org.testng.internal.invokers.TestInvoker.invokeTestMethod(TestInvoker.java:230)
	at org.testng.internal.invokers.MethodRunner.runInSequence(MethodRunner.java:63)
	at org.testng.internal.invokers.TestInvoker$MethodInvocationAgent.invoke(TestInvoker.java:992)
	at org.testng.internal.invokers.TestInvoker.invokeTestMethods(TestInvoker.java:203)
	at org.testng.internal.invokers.TestMethodWorker.invokeTestMethods(TestMethodWorker.java:154)
	at org.testng.internal.invokers.TestMethodWorker.run(TestMethodWorker.java:134)
	at java.base/java.util.ArrayList.forEach(ArrayList.java:1596)
	at org.testng.TestRunner.privateRun(TestRunner.java:739)
	at org.testng.TestRunner.run(TestRunner.java:614)
	at org.testng.SuiteRunner.runTest(SuiteRunner.java:421)
	at org.testng.SuiteRunner.runSequentially(SuiteRunner.java:413)
	at org.testng.SuiteRunner.privateRun(SuiteRunner.java:373)
	at org.testng.SuiteRunner.run(SuiteRunner.java:312)
	at org.testng.SuiteRunnerWorker.runSuite(SuiteRunnerWorker.java:52)
	at org.testng.SuiteRunnerWorker.run(SuiteRunnerWorker.java:95)
	at org.testng.TestNG.runSuitesSequentially(TestNG.java:1274)
	at org.testng.TestNG.runSuitesLocally(TestNG.java:1208)
	at org.testng.TestNG.runSuites(TestNG.java:1112)
	at org.testng.TestNG.run(TestNG.java:1079)
	at com.intellij.rt.testng.IDEARemoteTestNG.run(IDEARemoteTestNG.java:65)
	at com.intellij.rt.testng.RemoteTestNGStarter.main(RemoteTestNGStarter.java:105)
</textarea>
          
        </td>
      </tr>
      <tr class="event-row">
        <td><span class="badge log fail-bg">Fail</span></td>
        <td>10:46:23 PM</td>
        <td>
          
    <div class="row mb-3"><div class="col-md-3">
    

<img data-featherlight='/home/shormi/Documents/Project/Selenium-Java-Page-Object-Model-With-TestNG-ExtentReport/screenshots/comment_entry_error.png' src="/home/shormi/Documents/Project/Selenium-Java-Page-Object-Model-With-TestNG-ExtentReport/screenshots/comment_entry_error.png">
  
    

    </div></div>
        </td>
      </tr>
      <tr class="event-row">
        <td><span class="badge log info-bg">Info</span></td>
        <td>10:46:23 PM</td>
        <td>
          Clicking Assign button
        </td>
      </tr>
      <tr class="event-row">
        <td><span class="badge log pass-bg">Pass</span></td>
        <td>10:46:26 PM</td>
        <td>
          <p style="color:#85BC63; font-size:13px"><b>Successfully clicked Assign button</b></p>
        </td>
      </tr>
      <tr class="event-row">
        <td><span class="badge log info-bg">Info</span></td>
        <td>10:46:26 PM</td>
        <td>
          Verifying success message
        </td>
      </tr>
      <tr class="event-row">
        <td><span class="badge log fail-bg">Fail</span></td>
        <td>10:46:28 PM</td>
        <td>
          <p style="color:#FF5353; font-size:13px"><b>Error verifying success message: Cannot locate an element using By.chained({By.xpath: //div[@class='oxd-toast-container']//p[contains(text(),'Successfully Saved')]})
For documentation on this error, please visit: https://www.selenium.dev/documentation/webdriver/troubleshooting/errors#no-such-element-exception
Build info: version: '4.20.0', revision: '866c76ca80'
System info: os.name: 'Linux', os.arch: 'amd64', os.version: '5.15.0-152-generic', java.version: '21.0.8'
Driver info: driver.version: RemoteWebDriver</b></p>
        </td>
      </tr>
      <tr class="event-row">
        <td><span class="badge log fail-bg">Fail</span></td>
        <td>10:46:28 PM</td>
        <td>
          <textarea readonly class="code-block">java.lang.InterruptedException: Exception
	at me.shormi.pages.Leave_Page.failCase(Leave_Page.java:132)
	at me.shormi.pages.Leave_Page.verifySuccessMessage(Leave_Page.java:350)
	at me.shormi.pages.Leave_Page.assignLeave(Leave_Page.java:386)
	at me.shormi.tests.Leave_Test.assign_multi_day_leave(Leave_Test.java:57)
	at java.base/jdk.internal.reflect.DirectMethodHandleAccessor.invoke(DirectMethodHandleAccessor.java:103)
	at java.base/java.lang.reflect.Method.invoke(Method.java:580)
	at org.testng.internal.invokers.MethodInvocationHelper.invokeMethod(MethodInvocationHelper.java:141)
	at org.testng.internal.invokers.TestInvoker.invokeMethod(TestInvoker.java:686)
	at org.testng.internal.invokers.TestInvoker.invokeTestMethod(TestInvoker.java:230)
	at org.testng.internal.invokers.MethodRunner.runInSequence(MethodRunner.java:63)
	at org.testng.internal.invokers.TestInvoker$MethodInvocationAgent.invoke(TestInvoker.java:992)
	at org.testng.internal.invokers.TestInvoker.invokeTestMethods(TestInvoker.java:203)
	at org.testng.internal.invokers.TestMethodWorker.invokeTestMethods(TestMethodWorker.java:154)
	at org.testng.internal.invokers.TestMethodWorker.run(TestMethodWorker.java:134)
	at java.base/java.util.ArrayList.forEach(ArrayList.java:1596)
	at org.testng.TestRunner.privateRun(TestRunner.java:739)
	at org.testng.TestRunner.run(TestRunner.java:614)
	at org.testng.SuiteRunner.runTest(SuiteRunner.java:421)
	at org.testng.SuiteRunner.runSequentially(SuiteRunner.java:413)
	at org.testng.SuiteRunner.privateRun(SuiteRunner.java:373)
	at org.testng.SuiteRunner.run(SuiteRunner.java:312)
	at org.testng.SuiteRunnerWorker.runSuite(SuiteRunnerWorker.java:52)
	at org.testng.SuiteRunnerWorker.run(SuiteRunnerWorker.java:95)
	at org.testng.TestNG.runSuitesSequentially(TestNG.java:1274)
	at org.testng.TestNG.runSuitesLocally(TestNG.java:1208)
	at org.testng.TestNG.runSuites(TestNG.java:1112)
	at org.testng.TestNG.run(TestNG.java:1079)
	at com.intellij.rt.testng.IDEARemoteTestNG.run(IDEARemoteTestNG.java:65)
	at com.intellij.rt.testng.RemoteTestNGStarter.main(RemoteTestNGStarter.java:105)
</textarea>
          
        </td>
      </tr>
      <tr class="event-row">
        <td><span class="badge log fail-bg">Fail</span></td>
        <td>10:46:28 PM</td>
        <td>
          
    <div class="row mb-3"><div class="col-md-3">
    

<img data-featherlight='/home/shormi/Documents/Project/Selenium-Java-Page-Object-Model-With-TestNG-ExtentReport/screenshots/success_message_verification_error.png' src="/home/shormi/Documents/Project/Selenium-Java-Page-Object-Model-With-TestNG-ExtentReport/screenshots/success_message_verification_error.png">
  
    

    </div></div>
        </td>
      </tr>
      <tr class="event-row">
        <td><span class="badge log info-bg">Info</span></td>
        <td>10:46:28 PM</td>
        <td>
          Verifying success message
        </td>
      </tr>
      <tr class="event-row">
        <td><span class="badge log fail-bg">Fail</span></td>
        <td>10:46:31 PM</td>
        <td>
          <p style="color:#FF5353; font-size:13px"><b>Error verifying success message: Cannot locate an element using By.chained({By.xpath: //div[@class='oxd-toast-container']//p[contains(text(),'Successfully Saved')]})
For documentation on this error, please visit: https://www.selenium.dev/documentation/webdriver/troubleshooting/errors#no-such-element-exception
Build info: version: '4.20.0', revision: '866c76ca80'
System info: os.name: 'Linux', os.arch: 'amd64', os.version: '5.15.0-152-generic', java.version: '21.0.8'
Driver info: driver.version: RemoteWebDriver</b></p>
        </td>
      </tr>
      <tr class="event-row">
        <td><span class="badge log fail-bg">Fail</span></td>
        <td>10:46:31 PM</td>
        <td>
          <textarea readonly class="code-block">java.lang.InterruptedException: Exception
	at me.shormi.pages.Leave_Page.failCase(Leave_Page.java:132)
	at me.shormi.pages.Leave_Page.verifySuccessMessage(Leave_Page.java:350)
	at me.shormi.tests.Leave_Test.assign_multi_day_leave(Leave_Test.java:59)
	at java.base/jdk.internal.reflect.DirectMethodHandleAccessor.invoke(DirectMethodHandleAccessor.java:103)
	at java.base/java.lang.reflect.Method.invoke(Method.java:580)
	at org.testng.internal.invokers.MethodInvocationHelper.invokeMethod(MethodInvocationHelper.java:141)
	at org.testng.internal.invokers.TestInvoker.invokeMethod(TestInvoker.java:686)
	at org.testng.internal.invokers.TestInvoker.invokeTestMethod(TestInvoker.java:230)
	at org.testng.internal.invokers.MethodRunner.runInSequence(MethodRunner.java:63)
	at org.testng.internal.invokers.TestInvoker$MethodInvocationAgent.invoke(TestInvoker.java:992)
	at org.testng.internal.invokers.TestInvoker.invokeTestMethods(TestInvoker.java:203)
	at org.testng.internal.invokers.TestMethodWorker.invokeTestMethods(TestMethodWorker.java:154)
	at org.testng.internal.invokers.TestMethodWorker.run(TestMethodWorker.java:134)
	at java.base/java.util.ArrayList.forEach(ArrayList.java:1596)
	at org.testng.TestRunner.privateRun(TestRunner.java:739)
	at org.testng.TestRunner.run(TestRunner.java:614)
	at org.testng.SuiteRunner.runTest(SuiteRunner.java:421)
	at org.testng.SuiteRunner.runSequentially(SuiteRunner.java:413)
	at org.testng.SuiteRunner.privateRun(SuiteRunner.java:373)
	at org.testng.SuiteRunner.run(SuiteRunner.java:312)
	at org.testng.SuiteRunnerWorker.runSuite(SuiteRunnerWorker.java:52)
	at org.testng.SuiteRunnerWorker.run(SuiteRunnerWorker.java:95)
	at org.testng.TestNG.runSuitesSequentially(TestNG.java:1274)
	at org.testng.TestNG.runSuitesLocally(TestNG.java:1208)
	at org.testng.TestNG.runSuites(TestNG.java:1112)
	at org.testng.TestNG.run(TestNG.java:1079)
	at com.intellij.rt.testng.IDEARemoteTestNG.run(IDEARemoteTestNG.java:65)
	at com.intellij.rt.testng.RemoteTestNGStarter.main(RemoteTestNGStarter.java:105)
</textarea>
          
        </td>
      </tr>
      <tr class="event-row">
        <td><span class="badge log fail-bg">Fail</span></td>
        <td>10:46:31 PM</td>
        <td>
          
    <div class="row mb-3"><div class="col-md-3">
    

<img data-featherlight='/home/shormi/Documents/Project/Selenium-Java-Page-Object-Model-With-TestNG-ExtentReport/screenshots/success_message_verification_error.png' src="/home/shormi/Documents/Project/Selenium-Java-Page-Object-Model-With-TestNG-ExtentReport/screenshots/success_message_verification_error.png">
  
    

    </div></div>
        </td>
      </tr>
  </tbody>
</table>
          </div>
        </div>
      </div>
      <div class="card">
        <div class="card-header">
          <div class="card-toolbar node-info">
            <ul class="list-inline d-none d-sm-block">
              <li><span class="badge fail-bg log ">Fail</span></li>
              <li><span class='badge badge-default'>00:13:212</span></li>
              <li><span><i class="fa fa-paperclip"></i></span></li>
            </ul>
          </div>
          <div class="card-title">
            <a class="node " id="12"><span><p style="color:green; font-size:13px"><b>TC-OR-07: Assign Leave Without Employee</b></p></span></a>
            <div class="node-attr">
<span class="badge badge-pill badge-default">Tester</span>
<span class="badge badge-pill badge-default">Windows</span>            </div>
          </div>
        </div>
        <div class="">
          <div class="card-body">
            
<table class="table table-sm">
  <thead><tr><th class="status-col">Status</th><th class="timestamp-col">Timestamp</th><th class="details-col">Details</th></tr></thead>
  <tbody>
      <tr class="event-row">
        <td><span class="badge log info-bg">Info</span></td>
        <td>10:46:31 PM</td>
        <td>
          Navigating to Leave menu
        </td>
      </tr>
      <tr class="event-row">
        <td><span class="badge log pass-bg">Pass</span></td>
        <td>10:46:35 PM</td>
        <td>
          <p style="color:#85BC63; font-size:13px"><b>Successfully navigated to Leave menu</b></p>
        </td>
      </tr>
      <tr class="event-row">
        <td><span class="badge log info-bg">Info</span></td>
        <td>10:46:35 PM</td>
        <td>
          Navigating to Assign Leave
        </td>
      </tr>
      <tr class="event-row">
        <td><span class="badge log pass-bg">Pass</span></td>
        <td>10:46:38 PM</td>
        <td>
          <p style="color:#85BC63; font-size:13px"><b>Successfully navigated to Assign Leave page</b></p>
        </td>
      </tr>
      <tr class="event-row">
        <td><span class="badge log info-bg">Info</span></td>
        <td>10:46:38 PM</td>
        <td>
          Selecting leave type: CAN - Personal
        </td>
      </tr>
      <tr class="event-row">
        <td><span class="badge log fail-bg">Fail</span></td>
        <td>10:46:38 PM</td>
        <td>
          <p style="color:#FF5353; font-size:13px"><b>Error selecting leave type: Cannot locate an element using By.chained({By.xpath: //label[text()='Leave Type']/following-sibling::div//div[contains(@class,'oxd-select-text')]})
For documentation on this error, please visit: https://www.selenium.dev/documentation/webdriver/troubleshooting/errors#no-such-element-exception
Build info: version: '4.20.0', revision: '866c76ca80'
System info: os.name: 'Linux', os.arch: 'amd64', os.version: '5.15.0-152-generic', java.version: '21.0.8'
Driver info: driver.version: RemoteWebDriver</b></p>
        </td>
      </tr>
      <tr class="event-row">
        <td><span class="badge log fail-bg">Fail</span></td>
        <td>10:46:38 PM</td>
        <td>
          <textarea readonly class="code-block">java.lang.InterruptedException: Exception
	at me.shormi.pages.Leave_Page.failCase(Leave_Page.java:132)
	at me.shormi.pages.Leave_Page.selectLeaveType(Leave_Page.java:234)
	at me.shormi.tests.Leave_Test.assign_leave_without_employee(Leave_Test.java:69)
	at java.base/jdk.internal.reflect.DirectMethodHandleAccessor.invoke(DirectMethodHandleAccessor.java:103)
	at java.base/java.lang.reflect.Method.invoke(Method.java:580)
	at org.testng.internal.invokers.MethodInvocationHelper.invokeMethod(MethodInvocationHelper.java:141)
	at org.testng.internal.invokers.TestInvoker.invokeMethod(TestInvoker.java:686)
	at org.testng.internal.invokers.TestInvoker.invokeTestMethod(TestInvoker.java:230)
	at org.testng.internal.invokers.MethodRunner.runInSequence(MethodRunner.java:63)
	at org.testng.internal.invokers.TestInvoker$MethodInvocationAgent.invoke(TestInvoker.java:992)
	at org.testng.internal.invokers.TestInvoker.invokeTestMethods(TestInvoker.java:203)
	at org.testng.internal.invokers.TestMethodWorker.invokeTestMethods(TestMethodWorker.java:154)
	at org.testng.internal.invokers.TestMethodWorker.run(TestMethodWorker.java:134)
	at java.base/java.util.ArrayList.forEach(ArrayList.java:1596)
	at org.testng.TestRunner.privateRun(TestRunner.java:739)
	at org.testng.TestRunner.run(TestRunner.java:614)
	at org.testng.SuiteRunner.runTest(SuiteRunner.java:421)
	at org.testng.SuiteRunner.runSequentially(SuiteRunner.java:413)
	at org.testng.SuiteRunner.privateRun(SuiteRunner.java:373)
	at org.testng.SuiteRunner.run(SuiteRunner.java:312)
	at org.testng.SuiteRunnerWorker.runSuite(SuiteRunnerWorker.java:52)
	at org.testng.SuiteRunnerWorker.run(SuiteRunnerWorker.java:95)
	at org.testng.TestNG.runSuitesSequentially(TestNG.java:1274)
	at org.testng.TestNG.runSuitesLocally(TestNG.java:1208)
	at org.testng.TestNG.runSuites(TestNG.java:1112)
	at org.testng.TestNG.run(TestNG.java:1079)
	at com.intellij.rt.testng.IDEARemoteTestNG.run(IDEARemoteTestNG.java:65)
	at com.intellij.rt.testng.RemoteTestNGStarter.main(RemoteTestNGStarter.java:105)
</textarea>
          
        </td>
      </tr>
      <tr class="event-row">
        <td><span class="badge log fail-bg">Fail</span></td>
        <td>10:46:38 PM</td>
        <td>
          
    <div class="row mb-3"><div class="col-md-3">
    

<img data-featherlight='/home/shormi/Documents/Project/Selenium-Java-Page-Object-Model-With-TestNG-ExtentReport/screenshots/leave_type_selection_error.png' src="/home/shormi/Documents/Project/Selenium-Java-Page-Object-Model-With-TestNG-ExtentReport/screenshots/leave_type_selection_error.png">
  
    

    </div></div>
        </td>
      </tr>
      <tr class="event-row">
        <td><span class="badge log info-bg">Info</span></td>
        <td>10:46:38 PM</td>
        <td>
          Entering from date: 2025-08-18
        </td>
      </tr>
      <tr class="event-row">
        <td><span class="badge log fail-bg">Fail</span></td>
        <td>10:46:38 PM</td>
        <td>
          <p style="color:#FF5353; font-size:13px"><b>Error entering from date: Cannot locate an element using By.chained({By.xpath: //label[text()='From Date']/following-sibling::div//input[@placeholder='yyyy-mm-dd']})
For documentation on this error, please visit: https://www.selenium.dev/documentation/webdriver/troubleshooting/errors#no-such-element-exception
Build info: version: '4.20.0', revision: '866c76ca80'
System info: os.name: 'Linux', os.arch: 'amd64', os.version: '5.15.0-152-generic', java.version: '21.0.8'
Driver info: driver.version: RemoteWebDriver</b></p>
        </td>
      </tr>
      <tr class="event-row">
        <td><span class="badge log fail-bg">Fail</span></td>
        <td>10:46:38 PM</td>
        <td>
          <textarea readonly class="code-block">java.lang.InterruptedException: Exception
	at me.shormi.pages.Leave_Page.failCase(Leave_Page.java:132)
	at me.shormi.pages.Leave_Page.enterFromDate(Leave_Page.java:250)
	at me.shormi.tests.Leave_Test.assign_leave_without_employee(Leave_Test.java:70)
	at java.base/jdk.internal.reflect.DirectMethodHandleAccessor.invoke(DirectMethodHandleAccessor.java:103)
	at java.base/java.lang.reflect.Method.invoke(Method.java:580)
	at org.testng.internal.invokers.MethodInvocationHelper.invokeMethod(MethodInvocationHelper.java:141)
	at org.testng.internal.invokers.TestInvoker.invokeMethod(TestInvoker.java:686)
	at org.testng.internal.invokers.TestInvoker.invokeTestMethod(TestInvoker.java:230)
	at org.testng.internal.invokers.MethodRunner.runInSequence(MethodRunner.java:63)
	at org.testng.internal.invokers.TestInvoker$MethodInvocationAgent.invoke(TestInvoker.java:992)
	at org.testng.internal.invokers.TestInvoker.invokeTestMethods(TestInvoker.java:203)
	at org.testng.internal.invokers.TestMethodWorker.invokeTestMethods(TestMethodWorker.java:154)
	at org.testng.internal.invokers.TestMethodWorker.run(TestMethodWorker.java:134)
	at java.base/java.util.ArrayList.forEach(ArrayList.java:1596)
	at org.testng.TestRunner.privateRun(TestRunner.java:739)
	at org.testng.TestRunner.run(TestRunner.java:614)
	at org.testng.SuiteRunner.runTest(SuiteRunner.java:421)
	at org.testng.SuiteRunner.runSequentially(SuiteRunner.java:413)
	at org.testng.SuiteRunner.privateRun(SuiteRunner.java:373)
	at org.testng.SuiteRunner.run(SuiteRunner.java:312)
	at org.testng.SuiteRunnerWorker.runSuite(SuiteRunnerWorker.java:52)
	at org.testng.SuiteRunnerWorker.run(SuiteRunnerWorker.java:95)
	at org.testng.TestNG.runSuitesSequentially(TestNG.java:1274)
	at org.testng.TestNG.runSuitesLocally(TestNG.java:1208)
	at org.testng.TestNG.runSuites(TestNG.java:1112)
	at org.testng.TestNG.run(TestNG.java:1079)
	at com.intellij.rt.testng.IDEARemoteTestNG.run(IDEARemoteTestNG.java:65)
	at com.intellij.rt.testng.RemoteTestNGStarter.main(RemoteTestNGStarter.java:105)
</textarea>
          
        </td>
      </tr>
      <tr class="event-row">
        <td><span class="badge log fail-bg">Fail</span></td>
        <td>10:46:38 PM</td>
        <td>
          
    <div class="row mb-3"><div class="col-md-3">
    

<img data-featherlight='/home/shormi/Documents/Project/Selenium-Java-Page-Object-Model-With-TestNG-ExtentReport/screenshots/from_date_entry_error.png' src="/home/shormi/Documents/Project/Selenium-Java-Page-Object-Model-With-TestNG-ExtentReport/screenshots/from_date_entry_error.png">
  
    

    </div></div>
        </td>
      </tr>
      <tr class="event-row">
        <td><span class="badge log info-bg">Info</span></td>
        <td>10:46:38 PM</td>
        <td>
          Entering to date: 2025-08-18
        </td>
      </tr>
      <tr class="event-row">
        <td><span class="badge log fail-bg">Fail</span></td>
        <td>10:46:38 PM</td>
        <td>
          <p style="color:#FF5353; font-size:13px"><b>Error entering to date: Cannot locate an element using By.chained({By.xpath: //label[text()='To Date']/following-sibling::div//input[@placeholder='yyyy-mm-dd']})
For documentation on this error, please visit: https://www.selenium.dev/documentation/webdriver/troubleshooting/errors#no-such-element-exception
Build info: version: '4.20.0', revision: '866c76ca80'
System info: os.name: 'Linux', os.arch: 'amd64', os.version: '5.15.0-152-generic', java.version: '21.0.8'
Driver info: driver.version: RemoteWebDriver</b></p>
        </td>
      </tr>
      <tr class="event-row">
        <td><span class="badge log fail-bg">Fail</span></td>
        <td>10:46:38 PM</td>
        <td>
          <textarea readonly class="code-block">java.lang.InterruptedException: Exception
	at me.shormi.pages.Leave_Page.failCase(Leave_Page.java:132)
	at me.shormi.pages.Leave_Page.enterToDate(Leave_Page.java:266)
	at me.shormi.tests.Leave_Test.assign_leave_without_employee(Leave_Test.java:71)
	at java.base/jdk.internal.reflect.DirectMethodHandleAccessor.invoke(DirectMethodHandleAccessor.java:103)
	at java.base/java.lang.reflect.Method.invoke(Method.java:580)
	at org.testng.internal.invokers.MethodInvocationHelper.invokeMethod(MethodInvocationHelper.java:141)
	at org.testng.internal.invokers.TestInvoker.invokeMethod(TestInvoker.java:686)
	at org.testng.internal.invokers.TestInvoker.invokeTestMethod(TestInvoker.java:230)
	at org.testng.internal.invokers.MethodRunner.runInSequence(MethodRunner.java:63)
	at org.testng.internal.invokers.TestInvoker$MethodInvocationAgent.invoke(TestInvoker.java:992)
	at org.testng.internal.invokers.TestInvoker.invokeTestMethods(TestInvoker.java:203)
	at org.testng.internal.invokers.TestMethodWorker.invokeTestMethods(TestMethodWorker.java:154)
	at org.testng.internal.invokers.TestMethodWorker.run(TestMethodWorker.java:134)
	at java.base/java.util.ArrayList.forEach(ArrayList.java:1596)
	at org.testng.TestRunner.privateRun(TestRunner.java:739)
	at org.testng.TestRunner.run(TestRunner.java:614)
	at org.testng.SuiteRunner.runTest(SuiteRunner.java:421)
	at org.testng.SuiteRunner.runSequentially(SuiteRunner.java:413)
	at org.testng.SuiteRunner.privateRun(SuiteRunner.java:373)
	at org.testng.SuiteRunner.run(SuiteRunner.java:312)
	at org.testng.SuiteRunnerWorker.runSuite(SuiteRunnerWorker.java:52)
	at org.testng.SuiteRunnerWorker.run(SuiteRunnerWorker.java:95)
	at org.testng.TestNG.runSuitesSequentially(TestNG.java:1274)
	at org.testng.TestNG.runSuitesLocally(TestNG.java:1208)
	at org.testng.TestNG.runSuites(TestNG.java:1112)
	at org.testng.TestNG.run(TestNG.java:1079)
	at com.intellij.rt.testng.IDEARemoteTestNG.run(IDEARemoteTestNG.java:65)
	at com.intellij.rt.testng.RemoteTestNGStarter.main(RemoteTestNGStarter.java:105)
</textarea>
          
        </td>
      </tr>
      <tr class="event-row">
        <td><span class="badge log fail-bg">Fail</span></td>
        <td>10:46:39 PM</td>
        <td>
          
    <div class="row mb-3"><div class="col-md-3">
    

<img data-featherlight='/home/shormi/Documents/Project/Selenium-Java-Page-Object-Model-With-TestNG-ExtentReport/screenshots/to_date_entry_error.png' src="/home/shormi/Documents/Project/Selenium-Java-Page-Object-Model-With-TestNG-ExtentReport/screenshots/to_date_entry_error.png">
  
    

    </div></div>
        </td>
      </tr>
      <tr class="event-row">
        <td><span class="badge log info-bg">Info</span></td>
        <td>10:46:39 PM</td>
        <td>
          Entering comment: Leave without selecting employee
        </td>
      </tr>
      <tr class="event-row">
        <td><span class="badge log fail-bg">Fail</span></td>
        <td>10:46:39 PM</td>
        <td>
          <p style="color:#FF5353; font-size:13px"><b>Error entering comment: Cannot locate an element using By.chained({By.xpath: //label[text()='Comments']/following-sibling::div//textarea})
For documentation on this error, please visit: https://www.selenium.dev/documentation/webdriver/troubleshooting/errors#no-such-element-exception
Build info: version: '4.20.0', revision: '866c76ca80'
System info: os.name: 'Linux', os.arch: 'amd64', os.version: '5.15.0-152-generic', java.version: '21.0.8'
Driver info: driver.version: RemoteWebDriver</b></p>
        </td>
      </tr>
      <tr class="event-row">
        <td><span class="badge log fail-bg">Fail</span></td>
        <td>10:46:39 PM</td>
        <td>
          <textarea readonly class="code-block">java.lang.InterruptedException: Exception
	at me.shormi.pages.Leave_Page.failCase(Leave_Page.java:132)
	at me.shormi.pages.Leave_Page.enterComment(Leave_Page.java:282)
	at me.shormi.tests.Leave_Test.assign_leave_without_employee(Leave_Test.java:72)
	at java.base/jdk.internal.reflect.DirectMethodHandleAccessor.invoke(DirectMethodHandleAccessor.java:103)
	at java.base/java.lang.reflect.Method.invoke(Method.java:580)
	at org.testng.internal.invokers.MethodInvocationHelper.invokeMethod(MethodInvocationHelper.java:141)
	at org.testng.internal.invokers.TestInvoker.invokeMethod(TestInvoker.java:686)
	at org.testng.internal.invokers.TestInvoker.invokeTestMethod(TestInvoker.java:230)
	at org.testng.internal.invokers.MethodRunner.runInSequence(MethodRunner.java:63)
	at org.testng.internal.invokers.TestInvoker$MethodInvocationAgent.invoke(TestInvoker.java:992)
	at org.testng.internal.invokers.TestInvoker.invokeTestMethods(TestInvoker.java:203)
	at org.testng.internal.invokers.TestMethodWorker.invokeTestMethods(TestMethodWorker.java:154)
	at org.testng.internal.invokers.TestMethodWorker.run(TestMethodWorker.java:134)
	at java.base/java.util.ArrayList.forEach(ArrayList.java:1596)
	at org.testng.TestRunner.privateRun(TestRunner.java:739)
	at org.testng.TestRunner.run(TestRunner.java:614)
	at org.testng.SuiteRunner.runTest(SuiteRunner.java:421)
	at org.testng.SuiteRunner.runSequentially(SuiteRunner.java:413)
	at org.testng.SuiteRunner.privateRun(SuiteRunner.java:373)
	at org.testng.SuiteRunner.run(SuiteRunner.java:312)
	at org.testng.SuiteRunnerWorker.runSuite(SuiteRunnerWorker.java:52)
	at org.testng.SuiteRunnerWorker.run(SuiteRunnerWorker.java:95)
	at org.testng.TestNG.runSuitesSequentially(TestNG.java:1274)
	at org.testng.TestNG.runSuitesLocally(TestNG.java:1208)
	at org.testng.TestNG.runSuites(TestNG.java:1112)
	at org.testng.TestNG.run(TestNG.java:1079)
	at com.intellij.rt.testng.IDEARemoteTestNG.run(IDEARemoteTestNG.java:65)
	at com.intellij.rt.testng.RemoteTestNGStarter.main(RemoteTestNGStarter.java:105)
</textarea>
          
        </td>
      </tr>
      <tr class="event-row">
        <td><span class="badge log fail-bg">Fail</span></td>
        <td>10:46:39 PM</td>
        <td>
          
    <div class="row mb-3"><div class="col-md-3">
    

<img data-featherlight='/home/shormi/Documents/Project/Selenium-Java-Page-Object-Model-With-TestNG-ExtentReport/screenshots/comment_entry_error.png' src="/home/shormi/Documents/Project/Selenium-Java-Page-Object-Model-With-TestNG-ExtentReport/screenshots/comment_entry_error.png">
  
    

    </div></div>
        </td>
      </tr>
      <tr class="event-row">
        <td><span class="badge log info-bg">Info</span></td>
        <td>10:46:39 PM</td>
        <td>
          Clicking Assign button
        </td>
      </tr>
      <tr class="event-row">
        <td><span class="badge log pass-bg">Pass</span></td>
        <td>10:46:42 PM</td>
        <td>
          <p style="color:#85BC63; font-size:13px"><b>Successfully clicked Assign button</b></p>
        </td>
      </tr>
      <tr class="event-row">
        <td><span class="badge log info-bg">Info</span></td>
        <td>10:46:42 PM</td>
        <td>
          Verifying required field message
        </td>
      </tr>
      <tr class="event-row">
        <td><span class="badge log fail-bg">Fail</span></td>
        <td>10:46:44 PM</td>
        <td>
          <p style="color:#FF5353; font-size:13px"><b>Error verifying required field message: Cannot locate an element using By.chained({By.xpath: //div[@class='oxd-toast-container']//p[contains(text(),'Required')]})
For documentation on this error, please visit: https://www.selenium.dev/documentation/webdriver/troubleshooting/errors#no-such-element-exception
Build info: version: '4.20.0', revision: '866c76ca80'
System info: os.name: 'Linux', os.arch: 'amd64', os.version: '5.15.0-152-generic', java.version: '21.0.8'
Driver info: driver.version: RemoteWebDriver</b></p>
        </td>
      </tr>
      <tr class="event-row">
        <td><span class="badge log fail-bg">Fail</span></td>
        <td>10:46:44 PM</td>
        <td>
          <textarea readonly class="code-block">java.lang.InterruptedException: Exception
	at me.shormi.pages.Leave_Page.failCase(Leave_Page.java:132)
	at me.shormi.pages.Leave_Page.verifyRequiredFieldMessage(Leave_Page.java:371)
	at me.shormi.tests.Leave_Test.assign_leave_without_employee(Leave_Test.java:74)
	at java.base/jdk.internal.reflect.DirectMethodHandleAccessor.invoke(DirectMethodHandleAccessor.java:103)
	at java.base/java.lang.reflect.Method.invoke(Method.java:580)
	at org.testng.internal.invokers.MethodInvocationHelper.invokeMethod(MethodInvocationHelper.java:141)
	at org.testng.internal.invokers.TestInvoker.invokeMethod(TestInvoker.java:686)
	at org.testng.internal.invokers.TestInvoker.invokeTestMethod(TestInvoker.java:230)
	at org.testng.internal.invokers.MethodRunner.runInSequence(MethodRunner.java:63)
	at org.testng.internal.invokers.TestInvoker$MethodInvocationAgent.invoke(TestInvoker.java:992)
	at org.testng.internal.invokers.TestInvoker.invokeTestMethods(TestInvoker.java:203)
	at org.testng.internal.invokers.TestMethodWorker.invokeTestMethods(TestMethodWorker.java:154)
	at org.testng.internal.invokers.TestMethodWorker.run(TestMethodWorker.java:134)
	at java.base/java.util.ArrayList.forEach(ArrayList.java:1596)
	at org.testng.TestRunner.privateRun(TestRunner.java:739)
	at org.testng.TestRunner.run(TestRunner.java:614)
	at org.testng.SuiteRunner.runTest(SuiteRunner.java:421)
	at org.testng.SuiteRunner.runSequentially(SuiteRunner.java:413)
	at org.testng.SuiteRunner.privateRun(SuiteRunner.java:373)
	at org.testng.SuiteRunner.run(SuiteRunner.java:312)
	at org.testng.SuiteRunnerWorker.runSuite(SuiteRunnerWorker.java:52)
	at org.testng.SuiteRunnerWorker.run(SuiteRunnerWorker.java:95)
	at org.testng.TestNG.runSuitesSequentially(TestNG.java:1274)
	at org.testng.TestNG.runSuitesLocally(TestNG.java:1208)
	at org.testng.TestNG.runSuites(TestNG.java:1112)
	at org.testng.TestNG.run(TestNG.java:1079)
	at com.intellij.rt.testng.IDEARemoteTestNG.run(IDEARemoteTestNG.java:65)
	at com.intellij.rt.testng.RemoteTestNGStarter.main(RemoteTestNGStarter.java:105)
</textarea>
          
        </td>
      </tr>
      <tr class="event-row">
        <td><span class="badge log fail-bg">Fail</span></td>
        <td>10:46:44 PM</td>
        <td>
          
    <div class="row mb-3"><div class="col-md-3">
    

<img data-featherlight='/home/shormi/Documents/Project/Selenium-Java-Page-Object-Model-With-TestNG-ExtentReport/screenshots/required_field_verification_error.png' src="/home/shormi/Documents/Project/Selenium-Java-Page-Object-Model-With-TestNG-ExtentReport/screenshots/required_field_verification_error.png">
  
    

    </div></div>
        </td>
      </tr>
  </tbody>
</table>
          </div>
        </div>
      </div>
      <div class="card">
        <div class="card-header">
          <div class="card-toolbar node-info">
            <ul class="list-inline d-none d-sm-block">
              <li><span class="badge fail-bg log ">Fail</span></li>
              <li><span class='badge badge-default'>00:11:113</span></li>
              <li><span><i class="fa fa-paperclip"></i></span></li>
            </ul>
          </div>
          <div class="card-title">
            <a class="node " id="13"><span><p style="color:green; font-size:13px"><b>TC-OR-08: Assign Leave Invalid Date Range</b></p></span></a>
            <div class="node-attr">
<span class="badge badge-pill badge-default">Tester</span>
<span class="badge badge-pill badge-default">Windows</span>            </div>
          </div>
        </div>
        <div class="">
          <div class="card-body">
            
<table class="table table-sm">
  <thead><tr><th class="status-col">Status</th><th class="timestamp-col">Timestamp</th><th class="details-col">Details</th></tr></thead>
  <tbody>
      <tr class="event-row">
        <td><span class="badge log info-bg">Info</span></td>
        <td>10:46:44 PM</td>
        <td>
          Navigating to Leave menu
        </td>
      </tr>
      <tr class="event-row">
        <td><span class="badge log pass-bg">Pass</span></td>
        <td>10:46:48 PM</td>
        <td>
          <p style="color:#85BC63; font-size:13px"><b>Successfully navigated to Leave menu</b></p>
        </td>
      </tr>
      <tr class="event-row">
        <td><span class="badge log info-bg">Info</span></td>
        <td>10:46:48 PM</td>
        <td>
          Navigating to Assign Leave
        </td>
      </tr>
      <tr class="event-row">
        <td><span class="badge log pass-bg">Pass</span></td>
        <td>10:46:51 PM</td>
        <td>
          <p style="color:#85BC63; font-size:13px"><b>Successfully navigated to Assign Leave page</b></p>
        </td>
      </tr>
      <tr class="event-row">
        <td><span class="badge log info-bg">Info</span></td>
        <td>10:46:51 PM</td>
        <td>
          Selecting employee: Peter Mac Anderson
        </td>
      </tr>
      <tr class="event-row">
        <td><span class="badge log fail-bg">Fail</span></td>
        <td>10:46:51 PM</td>
        <td>
          <p style="color:#FF5353; font-size:13px"><b>Error selecting employee: Cannot locate an element using By.chained({By.xpath: //label[text()='Employee Name']/following-sibling::div//input[@placeholder='Type for hints...']})
For documentation on this error, please visit: https://www.selenium.dev/documentation/webdriver/troubleshooting/errors#no-such-element-exception
Build info: version: '4.20.0', revision: '866c76ca80'
System info: os.name: 'Linux', os.arch: 'amd64', os.version: '5.15.0-152-generic', java.version: '21.0.8'
Driver info: driver.version: RemoteWebDriver</b></p>
        </td>
      </tr>
      <tr class="event-row">
        <td><span class="badge log fail-bg">Fail</span></td>
        <td>10:46:51 PM</td>
        <td>
          <textarea readonly class="code-block">java.lang.InterruptedException: Exception
	at me.shormi.pages.Leave_Page.failCase(Leave_Page.java:132)
	at me.shormi.pages.Leave_Page.selectEmployee(Leave_Page.java:191)
	at me.shormi.tests.Leave_Test.assign_leave_with_invalid_date_range(Leave_Test.java:83)
	at java.base/jdk.internal.reflect.DirectMethodHandleAccessor.invoke(DirectMethodHandleAccessor.java:103)
	at java.base/java.lang.reflect.Method.invoke(Method.java:580)
	at org.testng.internal.invokers.MethodInvocationHelper.invokeMethod(MethodInvocationHelper.java:141)
	at org.testng.internal.invokers.TestInvoker.invokeMethod(TestInvoker.java:686)
	at org.testng.internal.invokers.TestInvoker.invokeTestMethod(TestInvoker.java:230)
	at org.testng.internal.invokers.MethodRunner.runInSequence(MethodRunner.java:63)
	at org.testng.internal.invokers.TestInvoker$MethodInvocationAgent.invoke(TestInvoker.java:992)
	at org.testng.internal.invokers.TestInvoker.invokeTestMethods(TestInvoker.java:203)
	at org.testng.internal.invokers.TestMethodWorker.invokeTestMethods(TestMethodWorker.java:154)
	at org.testng.internal.invokers.TestMethodWorker.run(TestMethodWorker.java:134)
	at java.base/java.util.ArrayList.forEach(ArrayList.java:1596)
	at org.testng.TestRunner.privateRun(TestRunner.java:739)
	at org.testng.TestRunner.run(TestRunner.java:614)
	at org.testng.SuiteRunner.runTest(SuiteRunner.java:421)
	at org.testng.SuiteRunner.runSequentially(SuiteRunner.java:413)
	at org.testng.SuiteRunner.privateRun(SuiteRunner.java:373)
	at org.testng.SuiteRunner.run(SuiteRunner.java:312)
	at org.testng.SuiteRunnerWorker.runSuite(SuiteRunnerWorker.java:52)
	at org.testng.SuiteRunnerWorker.run(SuiteRunnerWorker.java:95)
	at org.testng.TestNG.runSuitesSequentially(TestNG.java:1274)
	at org.testng.TestNG.runSuitesLocally(TestNG.java:1208)
	at org.testng.TestNG.runSuites(TestNG.java:1112)
	at org.testng.TestNG.run(TestNG.java:1079)
	at com.intellij.rt.testng.IDEARemoteTestNG.run(IDEARemoteTestNG.java:65)
	at com.intellij.rt.testng.RemoteTestNGStarter.main(RemoteTestNGStarter.java:105)
</textarea>
          
        </td>
      </tr>
      <tr class="event-row">
        <td><span class="badge log fail-bg">Fail</span></td>
        <td>10:46:52 PM</td>
        <td>
          
    <div class="row mb-3"><div class="col-md-3">
    

<img data-featherlight='/home/shormi/Documents/Project/Selenium-Java-Page-Object-Model-With-TestNG-ExtentReport/screenshots/employee_selection_error.png' src="/home/shormi/Documents/Project/Selenium-Java-Page-Object-Model-With-TestNG-ExtentReport/screenshots/employee_selection_error.png">
  
    

    </div></div>
        </td>
      </tr>
      <tr class="event-row">
        <td><span class="badge log info-bg">Info</span></td>
        <td>10:46:52 PM</td>
        <td>
          Selecting leave type: CAN - Personal
        </td>
      </tr>
      <tr class="event-row">
        <td><span class="badge log fail-bg">Fail</span></td>
        <td>10:46:52 PM</td>
        <td>
          <p style="color:#FF5353; font-size:13px"><b>Error selecting leave type: Cannot locate an element using By.chained({By.xpath: //label[text()='Leave Type']/following-sibling::div//div[contains(@class,'oxd-select-text')]})
For documentation on this error, please visit: https://www.selenium.dev/documentation/webdriver/troubleshooting/errors#no-such-element-exception
Build info: version: '4.20.0', revision: '866c76ca80'
System info: os.name: 'Linux', os.arch: 'amd64', os.version: '5.15.0-152-generic', java.version: '21.0.8'
Driver info: driver.version: RemoteWebDriver</b></p>
        </td>
      </tr>
      <tr class="event-row">
        <td><span class="badge log fail-bg">Fail</span></td>
        <td>10:46:52 PM</td>
        <td>
          <textarea readonly class="code-block">java.lang.InterruptedException: Exception
	at me.shormi.pages.Leave_Page.failCase(Leave_Page.java:132)
	at me.shormi.pages.Leave_Page.selectLeaveType(Leave_Page.java:234)
	at me.shormi.tests.Leave_Test.assign_leave_with_invalid_date_range(Leave_Test.java:84)
	at java.base/jdk.internal.reflect.DirectMethodHandleAccessor.invoke(DirectMethodHandleAccessor.java:103)
	at java.base/java.lang.reflect.Method.invoke(Method.java:580)
	at org.testng.internal.invokers.MethodInvocationHelper.invokeMethod(MethodInvocationHelper.java:141)
	at org.testng.internal.invokers.TestInvoker.invokeMethod(TestInvoker.java:686)
	at org.testng.internal.invokers.TestInvoker.invokeTestMethod(TestInvoker.java:230)
	at org.testng.internal.invokers.MethodRunner.runInSequence(MethodRunner.java:63)
	at org.testng.internal.invokers.TestInvoker$MethodInvocationAgent.invoke(TestInvoker.java:992)
	at org.testng.internal.invokers.TestInvoker.invokeTestMethods(TestInvoker.java:203)
	at org.testng.internal.invokers.TestMethodWorker.invokeTestMethods(TestMethodWorker.java:154)
	at org.testng.internal.invokers.TestMethodWorker.run(TestMethodWorker.java:134)
	at java.base/java.util.ArrayList.forEach(ArrayList.java:1596)
	at org.testng.TestRunner.privateRun(TestRunner.java:739)
	at org.testng.TestRunner.run(TestRunner.java:614)
	at org.testng.SuiteRunner.runTest(SuiteRunner.java:421)
	at org.testng.SuiteRunner.runSequentially(SuiteRunner.java:413)
	at org.testng.SuiteRunner.privateRun(SuiteRunner.java:373)
	at org.testng.SuiteRunner.run(SuiteRunner.java:312)
	at org.testng.SuiteRunnerWorker.runSuite(SuiteRunnerWorker.java:52)
	at org.testng.SuiteRunnerWorker.run(SuiteRunnerWorker.java:95)
	at org.testng.TestNG.runSuitesSequentially(TestNG.java:1274)
	at org.testng.TestNG.runSuitesLocally(TestNG.java:1208)
	at org.testng.TestNG.runSuites(TestNG.java:1112)
	at org.testng.TestNG.run(TestNG.java:1079)
	at com.intellij.rt.testng.IDEARemoteTestNG.run(IDEARemoteTestNG.java:65)
	at com.intellij.rt.testng.RemoteTestNGStarter.main(RemoteTestNGStarter.java:105)
</textarea>
          
        </td>
      </tr>
      <tr class="event-row">
        <td><span class="badge log fail-bg">Fail</span></td>
        <td>10:46:52 PM</td>
        <td>
          
    <div class="row mb-3"><div class="col-md-3">
    

<img data-featherlight='/home/shormi/Documents/Project/Selenium-Java-Page-Object-Model-With-TestNG-ExtentReport/screenshots/leave_type_selection_error.png' src="/home/shormi/Documents/Project/Selenium-Java-Page-Object-Model-With-TestNG-ExtentReport/screenshots/leave_type_selection_error.png">
  
    

    </div></div>
        </td>
      </tr>
      <tr class="event-row">
        <td><span class="badge log info-bg">Info</span></td>
        <td>10:46:52 PM</td>
        <td>
          Entering from date: 2025-08-20
        </td>
      </tr>
      <tr class="event-row">
        <td><span class="badge log fail-bg">Fail</span></td>
        <td>10:46:52 PM</td>
        <td>
          <p style="color:#FF5353; font-size:13px"><b>Error entering from date: Cannot locate an element using By.chained({By.xpath: //label[text()='From Date']/following-sibling::div//input[@placeholder='yyyy-mm-dd']})
For documentation on this error, please visit: https://www.selenium.dev/documentation/webdriver/troubleshooting/errors#no-such-element-exception
Build info: version: '4.20.0', revision: '866c76ca80'
System info: os.name: 'Linux', os.arch: 'amd64', os.version: '5.15.0-152-generic', java.version: '21.0.8'
Driver info: driver.version: RemoteWebDriver</b></p>
        </td>
      </tr>
      <tr class="event-row">
        <td><span class="badge log fail-bg">Fail</span></td>
        <td>10:46:52 PM</td>
        <td>
          <textarea readonly class="code-block">java.lang.InterruptedException: Exception
	at me.shormi.pages.Leave_Page.failCase(Leave_Page.java:132)
	at me.shormi.pages.Leave_Page.enterFromDate(Leave_Page.java:250)
	at me.shormi.tests.Leave_Test.assign_leave_with_invalid_date_range(Leave_Test.java:85)
	at java.base/jdk.internal.reflect.DirectMethodHandleAccessor.invoke(DirectMethodHandleAccessor.java:103)
	at java.base/java.lang.reflect.Method.invoke(Method.java:580)
	at org.testng.internal.invokers.MethodInvocationHelper.invokeMethod(MethodInvocationHelper.java:141)
	at org.testng.internal.invokers.TestInvoker.invokeMethod(TestInvoker.java:686)
	at org.testng.internal.invokers.TestInvoker.invokeTestMethod(TestInvoker.java:230)
	at org.testng.internal.invokers.MethodRunner.runInSequence(MethodRunner.java:63)
	at org.testng.internal.invokers.TestInvoker$MethodInvocationAgent.invoke(TestInvoker.java:992)
	at org.testng.internal.invokers.TestInvoker.invokeTestMethods(TestInvoker.java:203)
	at org.testng.internal.invokers.TestMethodWorker.invokeTestMethods(TestMethodWorker.java:154)
	at org.testng.internal.invokers.TestMethodWorker.run(TestMethodWorker.java:134)
	at java.base/java.util.ArrayList.forEach(ArrayList.java:1596)
	at org.testng.TestRunner.privateRun(TestRunner.java:739)
	at org.testng.TestRunner.run(TestRunner.java:614)
	at org.testng.SuiteRunner.runTest(SuiteRunner.java:421)
	at org.testng.SuiteRunner.runSequentially(SuiteRunner.java:413)
	at org.testng.SuiteRunner.privateRun(SuiteRunner.java:373)
	at org.testng.SuiteRunner.run(SuiteRunner.java:312)
	at org.testng.SuiteRunnerWorker.runSuite(SuiteRunnerWorker.java:52)
	at org.testng.SuiteRunnerWorker.run(SuiteRunnerWorker.java:95)
	at org.testng.TestNG.runSuitesSequentially(TestNG.java:1274)
	at org.testng.TestNG.runSuitesLocally(TestNG.java:1208)
	at org.testng.TestNG.runSuites(TestNG.java:1112)
	at org.testng.TestNG.run(TestNG.java:1079)
	at com.intellij.rt.testng.IDEARemoteTestNG.run(IDEARemoteTestNG.java:65)
	at com.intellij.rt.testng.RemoteTestNGStarter.main(RemoteTestNGStarter.java:105)
</textarea>
          
        </td>
      </tr>
      <tr class="event-row">
        <td><span class="badge log fail-bg">Fail</span></td>
        <td>10:46:52 PM</td>
        <td>
          
    <div class="row mb-3"><div class="col-md-3">
    

<img data-featherlight='/home/shormi/Documents/Project/Selenium-Java-Page-Object-Model-With-TestNG-ExtentReport/screenshots/from_date_entry_error.png' src="/home/shormi/Documents/Project/Selenium-Java-Page-Object-Model-With-TestNG-ExtentReport/screenshots/from_date_entry_error.png">
  
    

    </div></div>
        </td>
      </tr>
      <tr class="event-row">
        <td><span class="badge log info-bg">Info</span></td>
        <td>10:46:52 PM</td>
        <td>
          Entering to date: 2025-08-18
        </td>
      </tr>
      <tr class="event-row">
        <td><span class="badge log fail-bg">Fail</span></td>
        <td>10:46:52 PM</td>
        <td>
          <p style="color:#FF5353; font-size:13px"><b>Error entering to date: Cannot locate an element using By.chained({By.xpath: //label[text()='To Date']/following-sibling::div//input[@placeholder='yyyy-mm-dd']})
For documentation on this error, please visit: https://www.selenium.dev/documentation/webdriver/troubleshooting/errors#no-such-element-exception
Build info: version: '4.20.0', revision: '866c76ca80'
System info: os.name: 'Linux', os.arch: 'amd64', os.version: '5.15.0-152-generic', java.version: '21.0.8'
Driver info: driver.version: RemoteWebDriver</b></p>
        </td>
      </tr>
      <tr class="event-row">
        <td><span class="badge log fail-bg">Fail</span></td>
        <td>10:46:52 PM</td>
        <td>
          <textarea readonly class="code-block">java.lang.InterruptedException: Exception
	at me.shormi.pages.Leave_Page.failCase(Leave_Page.java:132)
	at me.shormi.pages.Leave_Page.enterToDate(Leave_Page.java:266)
	at me.shormi.tests.Leave_Test.assign_leave_with_invalid_date_range(Leave_Test.java:86)
	at java.base/jdk.internal.reflect.DirectMethodHandleAccessor.invoke(DirectMethodHandleAccessor.java:103)
	at java.base/java.lang.reflect.Method.invoke(Method.java:580)
	at org.testng.internal.invokers.MethodInvocationHelper.invokeMethod(MethodInvocationHelper.java:141)
	at org.testng.internal.invokers.TestInvoker.invokeMethod(TestInvoker.java:686)
	at org.testng.internal.invokers.TestInvoker.invokeTestMethod(TestInvoker.java:230)
	at org.testng.internal.invokers.MethodRunner.runInSequence(MethodRunner.java:63)
	at org.testng.internal.invokers.TestInvoker$MethodInvocationAgent.invoke(TestInvoker.java:992)
	at org.testng.internal.invokers.TestInvoker.invokeTestMethods(TestInvoker.java:203)
	at org.testng.internal.invokers.TestMethodWorker.invokeTestMethods(TestMethodWorker.java:154)
	at org.testng.internal.invokers.TestMethodWorker.run(TestMethodWorker.java:134)
	at java.base/java.util.ArrayList.forEach(ArrayList.java:1596)
	at org.testng.TestRunner.privateRun(TestRunner.java:739)
	at org.testng.TestRunner.run(TestRunner.java:614)
	at org.testng.SuiteRunner.runTest(SuiteRunner.java:421)
	at org.testng.SuiteRunner.runSequentially(SuiteRunner.java:413)
	at org.testng.SuiteRunner.privateRun(SuiteRunner.java:373)
	at org.testng.SuiteRunner.run(SuiteRunner.java:312)
	at org.testng.SuiteRunnerWorker.runSuite(SuiteRunnerWorker.java:52)
	at org.testng.SuiteRunnerWorker.run(SuiteRunnerWorker.java:95)
	at org.testng.TestNG.runSuitesSequentially(TestNG.java:1274)
	at org.testng.TestNG.runSuitesLocally(TestNG.java:1208)
	at org.testng.TestNG.runSuites(TestNG.java:1112)
	at org.testng.TestNG.run(TestNG.java:1079)
	at com.intellij.rt.testng.IDEARemoteTestNG.run(IDEARemoteTestNG.java:65)
	at com.intellij.rt.testng.RemoteTestNGStarter.main(RemoteTestNGStarter.java:105)
</textarea>
          
        </td>
      </tr>
      <tr class="event-row">
        <td><span class="badge log fail-bg">Fail</span></td>
        <td>10:46:52 PM</td>
        <td>
          
    <div class="row mb-3"><div class="col-md-3">
    

<img data-featherlight='/home/shormi/Documents/Project/Selenium-Java-Page-Object-Model-With-TestNG-ExtentReport/screenshots/to_date_entry_error.png' src="/home/shormi/Documents/Project/Selenium-Java-Page-Object-Model-With-TestNG-ExtentReport/screenshots/to_date_entry_error.png">
  
    

    </div></div>
        </td>
      </tr>
      <tr class="event-row">
        <td><span class="badge log info-bg">Info</span></td>
        <td>10:46:52 PM</td>
        <td>
          Entering comment: Invalid date range test
        </td>
      </tr>
      <tr class="event-row">
        <td><span class="badge log fail-bg">Fail</span></td>
        <td>10:46:52 PM</td>
        <td>
          <p style="color:#FF5353; font-size:13px"><b>Error entering comment: Cannot locate an element using By.chained({By.xpath: //label[text()='Comments']/following-sibling::div//textarea})
For documentation on this error, please visit: https://www.selenium.dev/documentation/webdriver/troubleshooting/errors#no-such-element-exception
Build info: version: '4.20.0', revision: '866c76ca80'
System info: os.name: 'Linux', os.arch: 'amd64', os.version: '5.15.0-152-generic', java.version: '21.0.8'
Driver info: driver.version: RemoteWebDriver</b></p>
        </td>
      </tr>
      <tr class="event-row">
        <td><span class="badge log fail-bg">Fail</span></td>
        <td>10:46:52 PM</td>
        <td>
          <textarea readonly class="code-block">java.lang.InterruptedException: Exception
	at me.shormi.pages.Leave_Page.failCase(Leave_Page.java:132)
	at me.shormi.pages.Leave_Page.enterComment(Leave_Page.java:282)
	at me.shormi.tests.Leave_Test.assign_leave_with_invalid_date_range(Leave_Test.java:87)
	at java.base/jdk.internal.reflect.DirectMethodHandleAccessor.invoke(DirectMethodHandleAccessor.java:103)
	at java.base/java.lang.reflect.Method.invoke(Method.java:580)
	at org.testng.internal.invokers.MethodInvocationHelper.invokeMethod(MethodInvocationHelper.java:141)
	at org.testng.internal.invokers.TestInvoker.invokeMethod(TestInvoker.java:686)
	at org.testng.internal.invokers.TestInvoker.invokeTestMethod(TestInvoker.java:230)
	at org.testng.internal.invokers.MethodRunner.runInSequence(MethodRunner.java:63)
	at org.testng.internal.invokers.TestInvoker$MethodInvocationAgent.invoke(TestInvoker.java:992)
	at org.testng.internal.invokers.TestInvoker.invokeTestMethods(TestInvoker.java:203)
	at org.testng.internal.invokers.TestMethodWorker.invokeTestMethods(TestMethodWorker.java:154)
	at org.testng.internal.invokers.TestMethodWorker.run(TestMethodWorker.java:134)
	at java.base/java.util.ArrayList.forEach(ArrayList.java:1596)
	at org.testng.TestRunner.privateRun(TestRunner.java:739)
	at org.testng.TestRunner.run(TestRunner.java:614)
	at org.testng.SuiteRunner.runTest(SuiteRunner.java:421)
	at org.testng.SuiteRunner.runSequentially(SuiteRunner.java:413)
	at org.testng.SuiteRunner.privateRun(SuiteRunner.java:373)
	at org.testng.SuiteRunner.run(SuiteRunner.java:312)
	at org.testng.SuiteRunnerWorker.runSuite(SuiteRunnerWorker.java:52)
	at org.testng.SuiteRunnerWorker.run(SuiteRunnerWorker.java:95)
	at org.testng.TestNG.runSuitesSequentially(TestNG.java:1274)
	at org.testng.TestNG.runSuitesLocally(TestNG.java:1208)
	at org.testng.TestNG.runSuites(TestNG.java:1112)
	at org.testng.TestNG.run(TestNG.java:1079)
	at com.intellij.rt.testng.IDEARemoteTestNG.run(IDEARemoteTestNG.java:65)
	at com.intellij.rt.testng.RemoteTestNGStarter.main(RemoteTestNGStarter.java:105)
</textarea>
          
        </td>
      </tr>
      <tr class="event-row">
        <td><span class="badge log fail-bg">Fail</span></td>
        <td>10:46:52 PM</td>
        <td>
          
    <div class="row mb-3"><div class="col-md-3">
    

<img data-featherlight='/home/shormi/Documents/Project/Selenium-Java-Page-Object-Model-With-TestNG-ExtentReport/screenshots/comment_entry_error.png' src="/home/shormi/Documents/Project/Selenium-Java-Page-Object-Model-With-TestNG-ExtentReport/screenshots/comment_entry_error.png">
  
    

    </div></div>
        </td>
      </tr>
      <tr class="event-row">
        <td><span class="badge log info-bg">Info</span></td>
        <td>10:46:52 PM</td>
        <td>
          Clicking Assign button
        </td>
      </tr>
      <tr class="event-row">
        <td><span class="badge log pass-bg">Pass</span></td>
        <td>10:46:55 PM</td>
        <td>
          <p style="color:#85BC63; font-size:13px"><b>Successfully clicked Assign button</b></p>
        </td>
      </tr>
  </tbody>
</table>
          </div>
        </div>
      </div>
      <div class="card">
        <div class="card-header">
          <div class="card-toolbar node-info">
            <ul class="list-inline d-none d-sm-block">
              <li><span class="badge fail-bg log ">Fail</span></li>
              <li><span class='badge badge-default'>00:13:734</span></li>
              <li><span><i class="fa fa-paperclip"></i></span></li>
            </ul>
          </div>
          <div class="card-title">
            <a class="node " id="14"><span><p style="color:green; font-size:13px"><b>Assign Leave - Past Dates</b></p></span></a>
            <div class="node-attr">
<span class="badge badge-pill badge-default">Tester</span>
<span class="badge badge-pill badge-default">Windows</span>            </div>
          </div>
        </div>
        <div class="">
          <div class="card-body">
            
<table class="table table-sm">
  <thead><tr><th class="status-col">Status</th><th class="timestamp-col">Timestamp</th><th class="details-col">Details</th></tr></thead>
  <tbody>
      <tr class="event-row">
        <td><span class="badge log info-bg">Info</span></td>
        <td>10:46:55 PM</td>
        <td>
          Navigating to Leave menu
        </td>
      </tr>
      <tr class="event-row">
        <td><span class="badge log pass-bg">Pass</span></td>
        <td>10:46:59 PM</td>
        <td>
          <p style="color:#85BC63; font-size:13px"><b>Successfully navigated to Leave menu</b></p>
        </td>
      </tr>
      <tr class="event-row">
        <td><span class="badge log info-bg">Info</span></td>
        <td>10:46:59 PM</td>
        <td>
          Navigating to Assign Leave
        </td>
      </tr>
      <tr class="event-row">
        <td><span class="badge log pass-bg">Pass</span></td>
        <td>10:47:03 PM</td>
        <td>
          <p style="color:#85BC63; font-size:13px"><b>Successfully navigated to Assign Leave page</b></p>
        </td>
      </tr>
      <tr class="event-row">
        <td><span class="badge log info-bg">Info</span></td>
        <td>10:47:03 PM</td>
        <td>
          Selecting employee: Peter Mac Anderson
        </td>
      </tr>
      <tr class="event-row">
        <td><span class="badge log fail-bg">Fail</span></td>
        <td>10:47:03 PM</td>
        <td>
          <p style="color:#FF5353; font-size:13px"><b>Error selecting employee: Cannot locate an element using By.chained({By.xpath: //label[text()='Employee Name']/following-sibling::div//input[@placeholder='Type for hints...']})
For documentation on this error, please visit: https://www.selenium.dev/documentation/webdriver/troubleshooting/errors#no-such-element-exception
Build info: version: '4.20.0', revision: '866c76ca80'
System info: os.name: 'Linux', os.arch: 'amd64', os.version: '5.15.0-152-generic', java.version: '21.0.8'
Driver info: driver.version: RemoteWebDriver</b></p>
        </td>
      </tr>
      <tr class="event-row">
        <td><span class="badge log fail-bg">Fail</span></td>
        <td>10:47:03 PM</td>
        <td>
          <textarea readonly class="code-block">java.lang.InterruptedException: Exception
	at me.shormi.pages.Leave_Page.failCase(Leave_Page.java:132)
	at me.shormi.pages.Leave_Page.selectEmployee(Leave_Page.java:191)
	at me.shormi.pages.Leave_Page.assignLeave(Leave_Page.java:379)
	at me.shormi.tests.Leave_Test.assign_leave_with_past_dates(Leave_Test.java:96)
	at java.base/jdk.internal.reflect.DirectMethodHandleAccessor.invoke(DirectMethodHandleAccessor.java:103)
	at java.base/java.lang.reflect.Method.invoke(Method.java:580)
	at org.testng.internal.invokers.MethodInvocationHelper.invokeMethod(MethodInvocationHelper.java:141)
	at org.testng.internal.invokers.TestInvoker.invokeMethod(TestInvoker.java:686)
	at org.testng.internal.invokers.TestInvoker.invokeTestMethod(TestInvoker.java:230)
	at org.testng.internal.invokers.MethodRunner.runInSequence(MethodRunner.java:63)
	at org.testng.internal.invokers.TestInvoker$MethodInvocationAgent.invoke(TestInvoker.java:992)
	at org.testng.internal.invokers.TestInvoker.invokeTestMethods(TestInvoker.java:203)
	at org.testng.internal.invokers.TestMethodWorker.invokeTestMethods(TestMethodWorker.java:154)
	at org.testng.internal.invokers.TestMethodWorker.run(TestMethodWorker.java:134)
	at java.base/java.util.ArrayList.forEach(ArrayList.java:1596)
	at org.testng.TestRunner.privateRun(TestRunner.java:739)
	at org.testng.TestRunner.run(TestRunner.java:614)
	at org.testng.SuiteRunner.runTest(SuiteRunner.java:421)
	at org.testng.SuiteRunner.runSequentially(SuiteRunner.java:413)
	at org.testng.SuiteRunner.privateRun(SuiteRunner.java:373)
	at org.testng.SuiteRunner.run(SuiteRunner.java:312)
	at org.testng.SuiteRunnerWorker.runSuite(SuiteRunnerWorker.java:52)
	at org.testng.SuiteRunnerWorker.run(SuiteRunnerWorker.java:95)
	at org.testng.TestNG.runSuitesSequentially(TestNG.java:1274)
	at org.testng.TestNG.runSuitesLocally(TestNG.java:1208)
	at org.testng.TestNG.runSuites(TestNG.java:1112)
	at org.testng.TestNG.run(TestNG.java:1079)
	at com.intellij.rt.testng.IDEARemoteTestNG.run(IDEARemoteTestNG.java:65)
	at com.intellij.rt.testng.RemoteTestNGStarter.main(RemoteTestNGStarter.java:105)
</textarea>
          
        </td>
      </tr>
      <tr class="event-row">
        <td><span class="badge log fail-bg">Fail</span></td>
        <td>10:47:03 PM</td>
        <td>
          
    <div class="row mb-3"><div class="col-md-3">
    

<img data-featherlight='/home/shormi/Documents/Project/Selenium-Java-Page-Object-Model-With-TestNG-ExtentReport/screenshots/employee_selection_error.png' src="/home/shormi/Documents/Project/Selenium-Java-Page-Object-Model-With-TestNG-ExtentReport/screenshots/employee_selection_error.png">
  
    

    </div></div>
        </td>
      </tr>
      <tr class="event-row">
        <td><span class="badge log info-bg">Info</span></td>
        <td>10:47:03 PM</td>
        <td>
          Selecting leave type: CAN - Personal
        </td>
      </tr>
      <tr class="event-row">
        <td><span class="badge log fail-bg">Fail</span></td>
        <td>10:47:03 PM</td>
        <td>
          <p style="color:#FF5353; font-size:13px"><b>Error selecting leave type: Cannot locate an element using By.chained({By.xpath: //label[text()='Leave Type']/following-sibling::div//div[contains(@class,'oxd-select-text')]})
For documentation on this error, please visit: https://www.selenium.dev/documentation/webdriver/troubleshooting/errors#no-such-element-exception
Build info: version: '4.20.0', revision: '866c76ca80'
System info: os.name: 'Linux', os.arch: 'amd64', os.version: '5.15.0-152-generic', java.version: '21.0.8'
Driver info: driver.version: RemoteWebDriver</b></p>
        </td>
      </tr>
      <tr class="event-row">
        <td><span class="badge log fail-bg">Fail</span></td>
        <td>10:47:03 PM</td>
        <td>
          <textarea readonly class="code-block">java.lang.InterruptedException: Exception
	at me.shormi.pages.Leave_Page.failCase(Leave_Page.java:132)
	at me.shormi.pages.Leave_Page.selectLeaveType(Leave_Page.java:234)
	at me.shormi.pages.Leave_Page.assignLeave(Leave_Page.java:380)
	at me.shormi.tests.Leave_Test.assign_leave_with_past_dates(Leave_Test.java:96)
	at java.base/jdk.internal.reflect.DirectMethodHandleAccessor.invoke(DirectMethodHandleAccessor.java:103)
	at java.base/java.lang.reflect.Method.invoke(Method.java:580)
	at org.testng.internal.invokers.MethodInvocationHelper.invokeMethod(MethodInvocationHelper.java:141)
	at org.testng.internal.invokers.TestInvoker.invokeMethod(TestInvoker.java:686)
	at org.testng.internal.invokers.TestInvoker.invokeTestMethod(TestInvoker.java:230)
	at org.testng.internal.invokers.MethodRunner.runInSequence(MethodRunner.java:63)
	at org.testng.internal.invokers.TestInvoker$MethodInvocationAgent.invoke(TestInvoker.java:992)
	at org.testng.internal.invokers.TestInvoker.invokeTestMethods(TestInvoker.java:203)
	at org.testng.internal.invokers.TestMethodWorker.invokeTestMethods(TestMethodWorker.java:154)
	at org.testng.internal.invokers.TestMethodWorker.run(TestMethodWorker.java:134)
	at java.base/java.util.ArrayList.forEach(ArrayList.java:1596)
	at org.testng.TestRunner.privateRun(TestRunner.java:739)
	at org.testng.TestRunner.run(TestRunner.java:614)
	at org.testng.SuiteRunner.runTest(SuiteRunner.java:421)
	at org.testng.SuiteRunner.runSequentially(SuiteRunner.java:413)
	at org.testng.SuiteRunner.privateRun(SuiteRunner.java:373)
	at org.testng.SuiteRunner.run(SuiteRunner.java:312)
	at org.testng.SuiteRunnerWorker.runSuite(SuiteRunnerWorker.java:52)
	at org.testng.SuiteRunnerWorker.run(SuiteRunnerWorker.java:95)
	at org.testng.TestNG.runSuitesSequentially(TestNG.java:1274)
	at org.testng.TestNG.runSuitesLocally(TestNG.java:1208)
	at org.testng.TestNG.runSuites(TestNG.java:1112)
	at org.testng.TestNG.run(TestNG.java:1079)
	at com.intellij.rt.testng.IDEARemoteTestNG.run(IDEARemoteTestNG.java:65)
	at com.intellij.rt.testng.RemoteTestNGStarter.main(RemoteTestNGStarter.java:105)
</textarea>
          
        </td>
      </tr>
      <tr class="event-row">
        <td><span class="badge log fail-bg">Fail</span></td>
        <td>10:47:03 PM</td>
        <td>
          
    <div class="row mb-3"><div class="col-md-3">
    

<img data-featherlight='/home/shormi/Documents/Project/Selenium-Java-Page-Object-Model-With-TestNG-ExtentReport/screenshots/leave_type_selection_error.png' src="/home/shormi/Documents/Project/Selenium-Java-Page-Object-Model-With-TestNG-ExtentReport/screenshots/leave_type_selection_error.png">
  
    

    </div></div>
        </td>
      </tr>
      <tr class="event-row">
        <td><span class="badge log info-bg">Info</span></td>
        <td>10:47:03 PM</td>
        <td>
          Entering from date: 2023-12-25
        </td>
      </tr>
      <tr class="event-row">
        <td><span class="badge log fail-bg">Fail</span></td>
        <td>10:47:03 PM</td>
        <td>
          <p style="color:#FF5353; font-size:13px"><b>Error entering from date: Cannot locate an element using By.chained({By.xpath: //label[text()='From Date']/following-sibling::div//input[@placeholder='yyyy-mm-dd']})
For documentation on this error, please visit: https://www.selenium.dev/documentation/webdriver/troubleshooting/errors#no-such-element-exception
Build info: version: '4.20.0', revision: '866c76ca80'
System info: os.name: 'Linux', os.arch: 'amd64', os.version: '5.15.0-152-generic', java.version: '21.0.8'
Driver info: driver.version: RemoteWebDriver</b></p>
        </td>
      </tr>
      <tr class="event-row">
        <td><span class="badge log fail-bg">Fail</span></td>
        <td>10:47:03 PM</td>
        <td>
          <textarea readonly class="code-block">java.lang.InterruptedException: Exception
	at me.shormi.pages.Leave_Page.failCase(Leave_Page.java:132)
	at me.shormi.pages.Leave_Page.enterFromDate(Leave_Page.java:250)
	at me.shormi.pages.Leave_Page.assignLeave(Leave_Page.java:381)
	at me.shormi.tests.Leave_Test.assign_leave_with_past_dates(Leave_Test.java:96)
	at java.base/jdk.internal.reflect.DirectMethodHandleAccessor.invoke(DirectMethodHandleAccessor.java:103)
	at java.base/java.lang.reflect.Method.invoke(Method.java:580)
	at org.testng.internal.invokers.MethodInvocationHelper.invokeMethod(MethodInvocationHelper.java:141)
	at org.testng.internal.invokers.TestInvoker.invokeMethod(TestInvoker.java:686)
	at org.testng.internal.invokers.TestInvoker.invokeTestMethod(TestInvoker.java:230)
	at org.testng.internal.invokers.MethodRunner.runInSequence(MethodRunner.java:63)
	at org.testng.internal.invokers.TestInvoker$MethodInvocationAgent.invoke(TestInvoker.java:992)
	at org.testng.internal.invokers.TestInvoker.invokeTestMethods(TestInvoker.java:203)
	at org.testng.internal.invokers.TestMethodWorker.invokeTestMethods(TestMethodWorker.java:154)
	at org.testng.internal.invokers.TestMethodWorker.run(TestMethodWorker.java:134)
	at java.base/java.util.ArrayList.forEach(ArrayList.java:1596)
	at org.testng.TestRunner.privateRun(TestRunner.java:739)
	at org.testng.TestRunner.run(TestRunner.java:614)
	at org.testng.SuiteRunner.runTest(SuiteRunner.java:421)
	at org.testng.SuiteRunner.runSequentially(SuiteRunner.java:413)
	at org.testng.SuiteRunner.privateRun(SuiteRunner.java:373)
	at org.testng.SuiteRunner.run(SuiteRunner.java:312)
	at org.testng.SuiteRunnerWorker.runSuite(SuiteRunnerWorker.java:52)
	at org.testng.SuiteRunnerWorker.run(SuiteRunnerWorker.java:95)
	at org.testng.TestNG.runSuitesSequentially(TestNG.java:1274)
	at org.testng.TestNG.runSuitesLocally(TestNG.java:1208)
	at org.testng.TestNG.runSuites(TestNG.java:1112)
	at org.testng.TestNG.run(TestNG.java:1079)
	at com.intellij.rt.testng.IDEARemoteTestNG.run(IDEARemoteTestNG.java:65)
	at com.intellij.rt.testng.RemoteTestNGStarter.main(RemoteTestNGStarter.java:105)
</textarea>
          
        </td>
      </tr>
      <tr class="event-row">
        <td><span class="badge log fail-bg">Fail</span></td>
        <td>10:47:03 PM</td>
        <td>
          
    <div class="row mb-3"><div class="col-md-3">
    

<img data-featherlight='/home/shormi/Documents/Project/Selenium-Java-Page-Object-Model-With-TestNG-ExtentReport/screenshots/from_date_entry_error.png' src="/home/shormi/Documents/Project/Selenium-Java-Page-Object-Model-With-TestNG-ExtentReport/screenshots/from_date_entry_error.png">
  
    

    </div></div>
        </td>
      </tr>
      <tr class="event-row">
        <td><span class="badge log info-bg">Info</span></td>
        <td>10:47:03 PM</td>
        <td>
          Entering to date: 2023-12-26
        </td>
      </tr>
      <tr class="event-row">
        <td><span class="badge log fail-bg">Fail</span></td>
        <td>10:47:03 PM</td>
        <td>
          <p style="color:#FF5353; font-size:13px"><b>Error entering to date: Cannot locate an element using By.chained({By.xpath: //label[text()='To Date']/following-sibling::div//input[@placeholder='yyyy-mm-dd']})
For documentation on this error, please visit: https://www.selenium.dev/documentation/webdriver/troubleshooting/errors#no-such-element-exception
Build info: version: '4.20.0', revision: '866c76ca80'
System info: os.name: 'Linux', os.arch: 'amd64', os.version: '5.15.0-152-generic', java.version: '21.0.8'
Driver info: driver.version: RemoteWebDriver</b></p>
        </td>
      </tr>
      <tr class="event-row">
        <td><span class="badge log fail-bg">Fail</span></td>
        <td>10:47:03 PM</td>
        <td>
          <textarea readonly class="code-block">java.lang.InterruptedException: Exception
	at me.shormi.pages.Leave_Page.failCase(Leave_Page.java:132)
	at me.shormi.pages.Leave_Page.enterToDate(Leave_Page.java:266)
	at me.shormi.pages.Leave_Page.assignLeave(Leave_Page.java:382)
	at me.shormi.tests.Leave_Test.assign_leave_with_past_dates(Leave_Test.java:96)
	at java.base/jdk.internal.reflect.DirectMethodHandleAccessor.invoke(DirectMethodHandleAccessor.java:103)
	at java.base/java.lang.reflect.Method.invoke(Method.java:580)
	at org.testng.internal.invokers.MethodInvocationHelper.invokeMethod(MethodInvocationHelper.java:141)
	at org.testng.internal.invokers.TestInvoker.invokeMethod(TestInvoker.java:686)
	at org.testng.internal.invokers.TestInvoker.invokeTestMethod(TestInvoker.java:230)
	at org.testng.internal.invokers.MethodRunner.runInSequence(MethodRunner.java:63)
	at org.testng.internal.invokers.TestInvoker$MethodInvocationAgent.invoke(TestInvoker.java:992)
	at org.testng.internal.invokers.TestInvoker.invokeTestMethods(TestInvoker.java:203)
	at org.testng.internal.invokers.TestMethodWorker.invokeTestMethods(TestMethodWorker.java:154)
	at org.testng.internal.invokers.TestMethodWorker.run(TestMethodWorker.java:134)
	at java.base/java.util.ArrayList.forEach(ArrayList.java:1596)
	at org.testng.TestRunner.privateRun(TestRunner.java:739)
	at org.testng.TestRunner.run(TestRunner.java:614)
	at org.testng.SuiteRunner.runTest(SuiteRunner.java:421)
	at org.testng.SuiteRunner.runSequentially(SuiteRunner.java:413)
	at org.testng.SuiteRunner.privateRun(SuiteRunner.java:373)
	at org.testng.SuiteRunner.run(SuiteRunner.java:312)
	at org.testng.SuiteRunnerWorker.runSuite(SuiteRunnerWorker.java:52)
	at org.testng.SuiteRunnerWorker.run(SuiteRunnerWorker.java:95)
	at org.testng.TestNG.runSuitesSequentially(TestNG.java:1274)
	at org.testng.TestNG.runSuitesLocally(TestNG.java:1208)
	at org.testng.TestNG.runSuites(TestNG.java:1112)
	at org.testng.TestNG.run(TestNG.java:1079)
	at com.intellij.rt.testng.IDEARemoteTestNG.run(IDEARemoteTestNG.java:65)
	at com.intellij.rt.testng.RemoteTestNGStarter.main(RemoteTestNGStarter.java:105)
</textarea>
          
        </td>
      </tr>
      <tr class="event-row">
        <td><span class="badge log fail-bg">Fail</span></td>
        <td>10:47:03 PM</td>
        <td>
          
    <div class="row mb-3"><div class="col-md-3">
    

<img data-featherlight='/home/shormi/Documents/Project/Selenium-Java-Page-Object-Model-With-TestNG-ExtentReport/screenshots/to_date_entry_error.png' src="/home/shormi/Documents/Project/Selenium-Java-Page-Object-Model-With-TestNG-ExtentReport/screenshots/to_date_entry_error.png">
  
    

    </div></div>
        </td>
      </tr>
      <tr class="event-row">
        <td><span class="badge log info-bg">Info</span></td>
        <td>10:47:03 PM</td>
        <td>
          Selecting partial days option: All Days
        </td>
      </tr>
      <tr class="event-row">
        <td><span class="badge log fail-bg">Fail</span></td>
        <td>10:47:03 PM</td>
        <td>
          <p style="color:#FF5353; font-size:13px"><b>Error selecting partial days: Cannot locate an element using By.chained({By.xpath: //label[text()='Partial Days']/following-sibling::div//div[@class='oxd-select-text-input']})
For documentation on this error, please visit: https://www.selenium.dev/documentation/webdriver/troubleshooting/errors#no-such-element-exception
Build info: version: '4.20.0', revision: '866c76ca80'
System info: os.name: 'Linux', os.arch: 'amd64', os.version: '5.15.0-152-generic', java.version: '21.0.8'
Driver info: driver.version: RemoteWebDriver</b></p>
        </td>
      </tr>
      <tr class="event-row">
        <td><span class="badge log fail-bg">Fail</span></td>
        <td>10:47:03 PM</td>
        <td>
          <textarea readonly class="code-block">java.lang.InterruptedException: Exception
	at me.shormi.pages.Leave_Page.failCase(Leave_Page.java:132)
	at me.shormi.pages.Leave_Page.selectPartialDays(Leave_Page.java:304)
	at me.shormi.pages.Leave_Page.assignLeave(Leave_Page.java:383)
	at me.shormi.tests.Leave_Test.assign_leave_with_past_dates(Leave_Test.java:96)
	at java.base/jdk.internal.reflect.DirectMethodHandleAccessor.invoke(DirectMethodHandleAccessor.java:103)
	at java.base/java.lang.reflect.Method.invoke(Method.java:580)
	at org.testng.internal.invokers.MethodInvocationHelper.invokeMethod(MethodInvocationHelper.java:141)
	at org.testng.internal.invokers.TestInvoker.invokeMethod(TestInvoker.java:686)
	at org.testng.internal.invokers.TestInvoker.invokeTestMethod(TestInvoker.java:230)
	at org.testng.internal.invokers.MethodRunner.runInSequence(MethodRunner.java:63)
	at org.testng.internal.invokers.TestInvoker$MethodInvocationAgent.invoke(TestInvoker.java:992)
	at org.testng.internal.invokers.TestInvoker.invokeTestMethods(TestInvoker.java:203)
	at org.testng.internal.invokers.TestMethodWorker.invokeTestMethods(TestMethodWorker.java:154)
	at org.testng.internal.invokers.TestMethodWorker.run(TestMethodWorker.java:134)
	at java.base/java.util.ArrayList.forEach(ArrayList.java:1596)
	at org.testng.TestRunner.privateRun(TestRunner.java:739)
	at org.testng.TestRunner.run(TestRunner.java:614)
	at org.testng.SuiteRunner.runTest(SuiteRunner.java:421)
	at org.testng.SuiteRunner.runSequentially(SuiteRunner.java:413)
	at org.testng.SuiteRunner.privateRun(SuiteRunner.java:373)
	at org.testng.SuiteRunner.run(SuiteRunner.java:312)
	at org.testng.SuiteRunnerWorker.runSuite(SuiteRunnerWorker.java:52)
	at org.testng.SuiteRunnerWorker.run(SuiteRunnerWorker.java:95)
	at org.testng.TestNG.runSuitesSequentially(TestNG.java:1274)
	at org.testng.TestNG.runSuitesLocally(TestNG.java:1208)
	at org.testng.TestNG.runSuites(TestNG.java:1112)
	at org.testng.TestNG.run(TestNG.java:1079)
	at com.intellij.rt.testng.IDEARemoteTestNG.run(IDEARemoteTestNG.java:65)
	at com.intellij.rt.testng.RemoteTestNGStarter.main(RemoteTestNGStarter.java:105)
</textarea>
          
        </td>
      </tr>
      <tr class="event-row">
        <td><span class="badge log fail-bg">Fail</span></td>
        <td>10:47:03 PM</td>
        <td>
          
    <div class="row mb-3"><div class="col-md-3">
    

<img data-featherlight='/home/shormi/Documents/Project/Selenium-Java-Page-Object-Model-With-TestNG-ExtentReport/screenshots/partial_days_selection_error.png' src="/home/shormi/Documents/Project/Selenium-Java-Page-Object-Model-With-TestNG-ExtentReport/screenshots/partial_days_selection_error.png">
  
    

    </div></div>
        </td>
      </tr>
      <tr class="event-row">
        <td><span class="badge log info-bg">Info</span></td>
        <td>10:47:03 PM</td>
        <td>
          Entering comment: Past date test
        </td>
      </tr>
      <tr class="event-row">
        <td><span class="badge log fail-bg">Fail</span></td>
        <td>10:47:03 PM</td>
        <td>
          <p style="color:#FF5353; font-size:13px"><b>Error entering comment: Cannot locate an element using By.chained({By.xpath: //label[text()='Comments']/following-sibling::div//textarea})
For documentation on this error, please visit: https://www.selenium.dev/documentation/webdriver/troubleshooting/errors#no-such-element-exception
Build info: version: '4.20.0', revision: '866c76ca80'
System info: os.name: 'Linux', os.arch: 'amd64', os.version: '5.15.0-152-generic', java.version: '21.0.8'
Driver info: driver.version: RemoteWebDriver</b></p>
        </td>
      </tr>
      <tr class="event-row">
        <td><span class="badge log fail-bg">Fail</span></td>
        <td>10:47:03 PM</td>
        <td>
          <textarea readonly class="code-block">java.lang.InterruptedException: Exception
	at me.shormi.pages.Leave_Page.failCase(Leave_Page.java:132)
	at me.shormi.pages.Leave_Page.enterComment(Leave_Page.java:282)
	at me.shormi.pages.Leave_Page.assignLeave(Leave_Page.java:384)
	at me.shormi.tests.Leave_Test.assign_leave_with_past_dates(Leave_Test.java:96)
	at java.base/jdk.internal.reflect.DirectMethodHandleAccessor.invoke(DirectMethodHandleAccessor.java:103)
	at java.base/java.lang.reflect.Method.invoke(Method.java:580)
	at org.testng.internal.invokers.MethodInvocationHelper.invokeMethod(MethodInvocationHelper.java:141)
	at org.testng.internal.invokers.TestInvoker.invokeMethod(TestInvoker.java:686)
	at org.testng.internal.invokers.TestInvoker.invokeTestMethod(TestInvoker.java:230)
	at org.testng.internal.invokers.MethodRunner.runInSequence(MethodRunner.java:63)
	at org.testng.internal.invokers.TestInvoker$MethodInvocationAgent.invoke(TestInvoker.java:992)
	at org.testng.internal.invokers.TestInvoker.invokeTestMethods(TestInvoker.java:203)
	at org.testng.internal.invokers.TestMethodWorker.invokeTestMethods(TestMethodWorker.java:154)
	at org.testng.internal.invokers.TestMethodWorker.run(TestMethodWorker.java:134)
	at java.base/java.util.ArrayList.forEach(ArrayList.java:1596)
	at org.testng.TestRunner.privateRun(TestRunner.java:739)
	at org.testng.TestRunner.run(TestRunner.java:614)
	at org.testng.SuiteRunner.runTest(SuiteRunner.java:421)
	at org.testng.SuiteRunner.runSequentially(SuiteRunner.java:413)
	at org.testng.SuiteRunner.privateRun(SuiteRunner.java:373)
	at org.testng.SuiteRunner.run(SuiteRunner.java:312)
	at org.testng.SuiteRunnerWorker.runSuite(SuiteRunnerWorker.java:52)
	at org.testng.SuiteRunnerWorker.run(SuiteRunnerWorker.java:95)
	at org.testng.TestNG.runSuitesSequentially(TestNG.java:1274)
	at org.testng.TestNG.runSuitesLocally(TestNG.java:1208)
	at org.testng.TestNG.runSuites(TestNG.java:1112)
	at org.testng.TestNG.run(TestNG.java:1079)
	at com.intellij.rt.testng.IDEARemoteTestNG.run(IDEARemoteTestNG.java:65)
	at com.intellij.rt.testng.RemoteTestNGStarter.main(RemoteTestNGStarter.java:105)
</textarea>
          
        </td>
      </tr>
      <tr class="event-row">
        <td><span class="badge log fail-bg">Fail</span></td>
        <td>10:47:03 PM</td>
        <td>
          
    <div class="row mb-3"><div class="col-md-3">
    

<img data-featherlight='/home/shormi/Documents/Project/Selenium-Java-Page-Object-Model-With-TestNG-ExtentReport/screenshots/comment_entry_error.png' src="/home/shormi/Documents/Project/Selenium-Java-Page-Object-Model-With-TestNG-ExtentReport/screenshots/comment_entry_error.png">
  
    

    </div></div>
        </td>
      </tr>
      <tr class="event-row">
        <td><span class="badge log info-bg">Info</span></td>
        <td>10:47:03 PM</td>
        <td>
          Clicking Assign button
        </td>
      </tr>
      <tr class="event-row">
        <td><span class="badge log pass-bg">Pass</span></td>
        <td>10:47:07 PM</td>
        <td>
          <p style="color:#85BC63; font-size:13px"><b>Successfully clicked Assign button</b></p>
        </td>
      </tr>
      <tr class="event-row">
        <td><span class="badge log info-bg">Info</span></td>
        <td>10:47:07 PM</td>
        <td>
          Verifying success message
        </td>
      </tr>
      <tr class="event-row">
        <td><span class="badge log fail-bg">Fail</span></td>
        <td>10:47:09 PM</td>
        <td>
          <p style="color:#FF5353; font-size:13px"><b>Error verifying success message: Cannot locate an element using By.chained({By.xpath: //div[@class='oxd-toast-container']//p[contains(text(),'Successfully Saved')]})
For documentation on this error, please visit: https://www.selenium.dev/documentation/webdriver/troubleshooting/errors#no-such-element-exception
Build info: version: '4.20.0', revision: '866c76ca80'
System info: os.name: 'Linux', os.arch: 'amd64', os.version: '5.15.0-152-generic', java.version: '21.0.8'
Driver info: driver.version: RemoteWebDriver</b></p>
        </td>
      </tr>
      <tr class="event-row">
        <td><span class="badge log fail-bg">Fail</span></td>
        <td>10:47:09 PM</td>
        <td>
          <textarea readonly class="code-block">java.lang.InterruptedException: Exception
	at me.shormi.pages.Leave_Page.failCase(Leave_Page.java:132)
	at me.shormi.pages.Leave_Page.verifySuccessMessage(Leave_Page.java:350)
	at me.shormi.pages.Leave_Page.assignLeave(Leave_Page.java:386)
	at me.shormi.tests.Leave_Test.assign_leave_with_past_dates(Leave_Test.java:96)
	at java.base/jdk.internal.reflect.DirectMethodHandleAccessor.invoke(DirectMethodHandleAccessor.java:103)
	at java.base/java.lang.reflect.Method.invoke(Method.java:580)
	at org.testng.internal.invokers.MethodInvocationHelper.invokeMethod(MethodInvocationHelper.java:141)
	at org.testng.internal.invokers.TestInvoker.invokeMethod(TestInvoker.java:686)
	at org.testng.internal.invokers.TestInvoker.invokeTestMethod(TestInvoker.java:230)
	at org.testng.internal.invokers.MethodRunner.runInSequence(MethodRunner.java:63)
	at org.testng.internal.invokers.TestInvoker$MethodInvocationAgent.invoke(TestInvoker.java:992)
	at org.testng.internal.invokers.TestInvoker.invokeTestMethods(TestInvoker.java:203)
	at org.testng.internal.invokers.TestMethodWorker.invokeTestMethods(TestMethodWorker.java:154)
	at org.testng.internal.invokers.TestMethodWorker.run(TestMethodWorker.java:134)
	at java.base/java.util.ArrayList.forEach(ArrayList.java:1596)
	at org.testng.TestRunner.privateRun(TestRunner.java:739)
	at org.testng.TestRunner.run(TestRunner.java:614)
	at org.testng.SuiteRunner.runTest(SuiteRunner.java:421)
	at org.testng.SuiteRunner.runSequentially(SuiteRunner.java:413)
	at org.testng.SuiteRunner.privateRun(SuiteRunner.java:373)
	at org.testng.SuiteRunner.run(SuiteRunner.java:312)
	at org.testng.SuiteRunnerWorker.runSuite(SuiteRunnerWorker.java:52)
	at org.testng.SuiteRunnerWorker.run(SuiteRunnerWorker.java:95)
	at org.testng.TestNG.runSuitesSequentially(TestNG.java:1274)
	at org.testng.TestNG.runSuitesLocally(TestNG.java:1208)
	at org.testng.TestNG.runSuites(TestNG.java:1112)
	at org.testng.TestNG.run(TestNG.java:1079)
	at com.intellij.rt.testng.IDEARemoteTestNG.run(IDEARemoteTestNG.java:65)
	at com.intellij.rt.testng.RemoteTestNGStarter.main(RemoteTestNGStarter.java:105)
</textarea>
          
        </td>
      </tr>
      <tr class="event-row">
        <td><span class="badge log fail-bg">Fail</span></td>
        <td>10:47:09 PM</td>
        <td>
          
    <div class="row mb-3"><div class="col-md-3">
    

<img data-featherlight='/home/shormi/Documents/Project/Selenium-Java-Page-Object-Model-With-TestNG-ExtentReport/screenshots/success_message_verification_error.png' src="/home/shormi/Documents/Project/Selenium-Java-Page-Object-Model-With-TestNG-ExtentReport/screenshots/success_message_verification_error.png">
  
    

    </div></div>
        </td>
      </tr>
  </tbody>
</table>
          </div>
        </div>
      </div>
      <div class="card">
        <div class="card-header">
          <div class="card-toolbar node-info">
            <ul class="list-inline d-none d-sm-block">
              <li><span class="badge fail-bg log ">Fail</span></li>
              <li><span class='badge badge-default'>00:13:316</span></li>
              <li><span><i class="fa fa-paperclip"></i></span></li>
            </ul>
          </div>
          <div class="card-title">
            <a class="node " id="15"><span><p style="color:green; font-size:13px"><b>Assign Leave - Long Comment</b></p></span></a>
            <div class="node-attr">
<span class="badge badge-pill badge-default">Tester</span>
<span class="badge badge-pill badge-default">Windows</span>            </div>
          </div>
        </div>
        <div class="">
          <div class="card-body">
            
<table class="table table-sm">
  <thead><tr><th class="status-col">Status</th><th class="timestamp-col">Timestamp</th><th class="details-col">Details</th></tr></thead>
  <tbody>
      <tr class="event-row">
        <td><span class="badge log info-bg">Info</span></td>
        <td>10:47:09 PM</td>
        <td>
          Navigating to Leave menu
        </td>
      </tr>
      <tr class="event-row">
        <td><span class="badge log pass-bg">Pass</span></td>
        <td>10:47:13 PM</td>
        <td>
          <p style="color:#85BC63; font-size:13px"><b>Successfully navigated to Leave menu</b></p>
        </td>
      </tr>
      <tr class="event-row">
        <td><span class="badge log info-bg">Info</span></td>
        <td>10:47:13 PM</td>
        <td>
          Navigating to Assign Leave
        </td>
      </tr>
      <tr class="event-row">
        <td><span class="badge log pass-bg">Pass</span></td>
        <td>10:47:16 PM</td>
        <td>
          <p style="color:#85BC63; font-size:13px"><b>Successfully navigated to Assign Leave page</b></p>
        </td>
      </tr>
      <tr class="event-row">
        <td><span class="badge log info-bg">Info</span></td>
        <td>10:47:16 PM</td>
        <td>
          Selecting employee: Peter Mac Anderson
        </td>
      </tr>
      <tr class="event-row">
        <td><span class="badge log fail-bg">Fail</span></td>
        <td>10:47:16 PM</td>
        <td>
          <p style="color:#FF5353; font-size:13px"><b>Error selecting employee: Cannot locate an element using By.chained({By.xpath: //label[text()='Employee Name']/following-sibling::div//input[@placeholder='Type for hints...']})
For documentation on this error, please visit: https://www.selenium.dev/documentation/webdriver/troubleshooting/errors#no-such-element-exception
Build info: version: '4.20.0', revision: '866c76ca80'
System info: os.name: 'Linux', os.arch: 'amd64', os.version: '5.15.0-152-generic', java.version: '21.0.8'
Driver info: driver.version: RemoteWebDriver</b></p>
        </td>
      </tr>
      <tr class="event-row">
        <td><span class="badge log fail-bg">Fail</span></td>
        <td>10:47:16 PM</td>
        <td>
          <textarea readonly class="code-block">java.lang.InterruptedException: Exception
	at me.shormi.pages.Leave_Page.failCase(Leave_Page.java:132)
	at me.shormi.pages.Leave_Page.selectEmployee(Leave_Page.java:191)
	at me.shormi.pages.Leave_Page.assignLeave(Leave_Page.java:379)
	at me.shormi.tests.Leave_Test.assign_leave_with_long_comment(Leave_Test.java:106)
	at java.base/jdk.internal.reflect.DirectMethodHandleAccessor.invoke(DirectMethodHandleAccessor.java:103)
	at java.base/java.lang.reflect.Method.invoke(Method.java:580)
	at org.testng.internal.invokers.MethodInvocationHelper.invokeMethod(MethodInvocationHelper.java:141)
	at org.testng.internal.invokers.TestInvoker.invokeMethod(TestInvoker.java:686)
	at org.testng.internal.invokers.TestInvoker.invokeTestMethod(TestInvoker.java:230)
	at org.testng.internal.invokers.MethodRunner.runInSequence(MethodRunner.java:63)
	at org.testng.internal.invokers.TestInvoker$MethodInvocationAgent.invoke(TestInvoker.java:992)
	at org.testng.internal.invokers.TestInvoker.invokeTestMethods(TestInvoker.java:203)
	at org.testng.internal.invokers.TestMethodWorker.invokeTestMethods(TestMethodWorker.java:154)
	at org.testng.internal.invokers.TestMethodWorker.run(TestMethodWorker.java:134)
	at java.base/java.util.ArrayList.forEach(ArrayList.java:1596)
	at org.testng.TestRunner.privateRun(TestRunner.java:739)
	at org.testng.TestRunner.run(TestRunner.java:614)
	at org.testng.SuiteRunner.runTest(SuiteRunner.java:421)
	at org.testng.SuiteRunner.runSequentially(SuiteRunner.java:413)
	at org.testng.SuiteRunner.privateRun(SuiteRunner.java:373)
	at org.testng.SuiteRunner.run(SuiteRunner.java:312)
	at org.testng.SuiteRunnerWorker.runSuite(SuiteRunnerWorker.java:52)
	at org.testng.SuiteRunnerWorker.run(SuiteRunnerWorker.java:95)
	at org.testng.TestNG.runSuitesSequentially(TestNG.java:1274)
	at org.testng.TestNG.runSuitesLocally(TestNG.java:1208)
	at org.testng.TestNG.runSuites(TestNG.java:1112)
	at org.testng.TestNG.run(TestNG.java:1079)
	at com.intellij.rt.testng.IDEARemoteTestNG.run(IDEARemoteTestNG.java:65)
	at com.intellij.rt.testng.RemoteTestNGStarter.main(RemoteTestNGStarter.java:105)
</textarea>
          
        </td>
      </tr>
      <tr class="event-row">
        <td><span class="badge log fail-bg">Fail</span></td>
        <td>10:47:16 PM</td>
        <td>
          
    <div class="row mb-3"><div class="col-md-3">
    

<img data-featherlight='/home/shormi/Documents/Project/Selenium-Java-Page-Object-Model-With-TestNG-ExtentReport/screenshots/employee_selection_error.png' src="/home/shormi/Documents/Project/Selenium-Java-Page-Object-Model-With-TestNG-ExtentReport/screenshots/employee_selection_error.png">
  
    

    </div></div>
        </td>
      </tr>
      <tr class="event-row">
        <td><span class="badge log info-bg">Info</span></td>
        <td>10:47:16 PM</td>
        <td>
          Selecting leave type: CAN - Vacation
        </td>
      </tr>
      <tr class="event-row">
        <td><span class="badge log fail-bg">Fail</span></td>
        <td>10:47:16 PM</td>
        <td>
          <p style="color:#FF5353; font-size:13px"><b>Error selecting leave type: Cannot locate an element using By.chained({By.xpath: //label[text()='Leave Type']/following-sibling::div//div[contains(@class,'oxd-select-text')]})
For documentation on this error, please visit: https://www.selenium.dev/documentation/webdriver/troubleshooting/errors#no-such-element-exception
Build info: version: '4.20.0', revision: '866c76ca80'
System info: os.name: 'Linux', os.arch: 'amd64', os.version: '5.15.0-152-generic', java.version: '21.0.8'
Driver info: driver.version: RemoteWebDriver</b></p>
        </td>
      </tr>
      <tr class="event-row">
        <td><span class="badge log fail-bg">Fail</span></td>
        <td>10:47:16 PM</td>
        <td>
          <textarea readonly class="code-block">java.lang.InterruptedException: Exception
	at me.shormi.pages.Leave_Page.failCase(Leave_Page.java:132)
	at me.shormi.pages.Leave_Page.selectLeaveType(Leave_Page.java:234)
	at me.shormi.pages.Leave_Page.assignLeave(Leave_Page.java:380)
	at me.shormi.tests.Leave_Test.assign_leave_with_long_comment(Leave_Test.java:106)
	at java.base/jdk.internal.reflect.DirectMethodHandleAccessor.invoke(DirectMethodHandleAccessor.java:103)
	at java.base/java.lang.reflect.Method.invoke(Method.java:580)
	at org.testng.internal.invokers.MethodInvocationHelper.invokeMethod(MethodInvocationHelper.java:141)
	at org.testng.internal.invokers.TestInvoker.invokeMethod(TestInvoker.java:686)
	at org.testng.internal.invokers.TestInvoker.invokeTestMethod(TestInvoker.java:230)
	at org.testng.internal.invokers.MethodRunner.runInSequence(MethodRunner.java:63)
	at org.testng.internal.invokers.TestInvoker$MethodInvocationAgent.invoke(TestInvoker.java:992)
	at org.testng.internal.invokers.TestInvoker.invokeTestMethods(TestInvoker.java:203)
	at org.testng.internal.invokers.TestMethodWorker.invokeTestMethods(TestMethodWorker.java:154)
	at org.testng.internal.invokers.TestMethodWorker.run(TestMethodWorker.java:134)
	at java.base/java.util.ArrayList.forEach(ArrayList.java:1596)
	at org.testng.TestRunner.privateRun(TestRunner.java:739)
	at org.testng.TestRunner.run(TestRunner.java:614)
	at org.testng.SuiteRunner.runTest(SuiteRunner.java:421)
	at org.testng.SuiteRunner.runSequentially(SuiteRunner.java:413)
	at org.testng.SuiteRunner.privateRun(SuiteRunner.java:373)
	at org.testng.SuiteRunner.run(SuiteRunner.java:312)
	at org.testng.SuiteRunnerWorker.runSuite(SuiteRunnerWorker.java:52)
	at org.testng.SuiteRunnerWorker.run(SuiteRunnerWorker.java:95)
	at org.testng.TestNG.runSuitesSequentially(TestNG.java:1274)
	at org.testng.TestNG.runSuitesLocally(TestNG.java:1208)
	at org.testng.TestNG.runSuites(TestNG.java:1112)
	at org.testng.TestNG.run(TestNG.java:1079)
	at com.intellij.rt.testng.IDEARemoteTestNG.run(IDEARemoteTestNG.java:65)
	at com.intellij.rt.testng.RemoteTestNGStarter.main(RemoteTestNGStarter.java:105)
</textarea>
          
        </td>
      </tr>
      <tr class="event-row">
        <td><span class="badge log fail-bg">Fail</span></td>
        <td>10:47:16 PM</td>
        <td>
          
    <div class="row mb-3"><div class="col-md-3">
    

<img data-featherlight='/home/shormi/Documents/Project/Selenium-Java-Page-Object-Model-With-TestNG-ExtentReport/screenshots/leave_type_selection_error.png' src="/home/shormi/Documents/Project/Selenium-Java-Page-Object-Model-With-TestNG-ExtentReport/screenshots/leave_type_selection_error.png">
  
    

    </div></div>
        </td>
      </tr>
      <tr class="event-row">
        <td><span class="badge log info-bg">Info</span></td>
        <td>10:47:16 PM</td>
        <td>
          Entering from date: 2025-02-15
        </td>
      </tr>
      <tr class="event-row">
        <td><span class="badge log fail-bg">Fail</span></td>
        <td>10:47:16 PM</td>
        <td>
          <p style="color:#FF5353; font-size:13px"><b>Error entering from date: Cannot locate an element using By.chained({By.xpath: //label[text()='From Date']/following-sibling::div//input[@placeholder='yyyy-mm-dd']})
For documentation on this error, please visit: https://www.selenium.dev/documentation/webdriver/troubleshooting/errors#no-such-element-exception
Build info: version: '4.20.0', revision: '866c76ca80'
System info: os.name: 'Linux', os.arch: 'amd64', os.version: '5.15.0-152-generic', java.version: '21.0.8'
Driver info: driver.version: RemoteWebDriver</b></p>
        </td>
      </tr>
      <tr class="event-row">
        <td><span class="badge log fail-bg">Fail</span></td>
        <td>10:47:16 PM</td>
        <td>
          <textarea readonly class="code-block">java.lang.InterruptedException: Exception
	at me.shormi.pages.Leave_Page.failCase(Leave_Page.java:132)
	at me.shormi.pages.Leave_Page.enterFromDate(Leave_Page.java:250)
	at me.shormi.pages.Leave_Page.assignLeave(Leave_Page.java:381)
	at me.shormi.tests.Leave_Test.assign_leave_with_long_comment(Leave_Test.java:106)
	at java.base/jdk.internal.reflect.DirectMethodHandleAccessor.invoke(DirectMethodHandleAccessor.java:103)
	at java.base/java.lang.reflect.Method.invoke(Method.java:580)
	at org.testng.internal.invokers.MethodInvocationHelper.invokeMethod(MethodInvocationHelper.java:141)
	at org.testng.internal.invokers.TestInvoker.invokeMethod(TestInvoker.java:686)
	at org.testng.internal.invokers.TestInvoker.invokeTestMethod(TestInvoker.java:230)
	at org.testng.internal.invokers.MethodRunner.runInSequence(MethodRunner.java:63)
	at org.testng.internal.invokers.TestInvoker$MethodInvocationAgent.invoke(TestInvoker.java:992)
	at org.testng.internal.invokers.TestInvoker.invokeTestMethods(TestInvoker.java:203)
	at org.testng.internal.invokers.TestMethodWorker.invokeTestMethods(TestMethodWorker.java:154)
	at org.testng.internal.invokers.TestMethodWorker.run(TestMethodWorker.java:134)
	at java.base/java.util.ArrayList.forEach(ArrayList.java:1596)
	at org.testng.TestRunner.privateRun(TestRunner.java:739)
	at org.testng.TestRunner.run(TestRunner.java:614)
	at org.testng.SuiteRunner.runTest(SuiteRunner.java:421)
	at org.testng.SuiteRunner.runSequentially(SuiteRunner.java:413)
	at org.testng.SuiteRunner.privateRun(SuiteRunner.java:373)
	at org.testng.SuiteRunner.run(SuiteRunner.java:312)
	at org.testng.SuiteRunnerWorker.runSuite(SuiteRunnerWorker.java:52)
	at org.testng.SuiteRunnerWorker.run(SuiteRunnerWorker.java:95)
	at org.testng.TestNG.runSuitesSequentially(TestNG.java:1274)
	at org.testng.TestNG.runSuitesLocally(TestNG.java:1208)
	at org.testng.TestNG.runSuites(TestNG.java:1112)
	at org.testng.TestNG.run(TestNG.java:1079)
	at com.intellij.rt.testng.IDEARemoteTestNG.run(IDEARemoteTestNG.java:65)
	at com.intellij.rt.testng.RemoteTestNGStarter.main(RemoteTestNGStarter.java:105)
</textarea>
          
        </td>
      </tr>
      <tr class="event-row">
        <td><span class="badge log fail-bg">Fail</span></td>
        <td>10:47:17 PM</td>
        <td>
          
    <div class="row mb-3"><div class="col-md-3">
    

<img data-featherlight='/home/shormi/Documents/Project/Selenium-Java-Page-Object-Model-With-TestNG-ExtentReport/screenshots/from_date_entry_error.png' src="/home/shormi/Documents/Project/Selenium-Java-Page-Object-Model-With-TestNG-ExtentReport/screenshots/from_date_entry_error.png">
  
    

    </div></div>
        </td>
      </tr>
      <tr class="event-row">
        <td><span class="badge log info-bg">Info</span></td>
        <td>10:47:17 PM</td>
        <td>
          Entering to date: 2025-02-16
        </td>
      </tr>
      <tr class="event-row">
        <td><span class="badge log fail-bg">Fail</span></td>
        <td>10:47:17 PM</td>
        <td>
          <p style="color:#FF5353; font-size:13px"><b>Error entering to date: Cannot locate an element using By.chained({By.xpath: //label[text()='To Date']/following-sibling::div//input[@placeholder='yyyy-mm-dd']})
For documentation on this error, please visit: https://www.selenium.dev/documentation/webdriver/troubleshooting/errors#no-such-element-exception
Build info: version: '4.20.0', revision: '866c76ca80'
System info: os.name: 'Linux', os.arch: 'amd64', os.version: '5.15.0-152-generic', java.version: '21.0.8'
Driver info: driver.version: RemoteWebDriver</b></p>
        </td>
      </tr>
      <tr class="event-row">
        <td><span class="badge log fail-bg">Fail</span></td>
        <td>10:47:17 PM</td>
        <td>
          <textarea readonly class="code-block">java.lang.InterruptedException: Exception
	at me.shormi.pages.Leave_Page.failCase(Leave_Page.java:132)
	at me.shormi.pages.Leave_Page.enterToDate(Leave_Page.java:266)
	at me.shormi.pages.Leave_Page.assignLeave(Leave_Page.java:382)
	at me.shormi.tests.Leave_Test.assign_leave_with_long_comment(Leave_Test.java:106)
	at java.base/jdk.internal.reflect.DirectMethodHandleAccessor.invoke(DirectMethodHandleAccessor.java:103)
	at java.base/java.lang.reflect.Method.invoke(Method.java:580)
	at org.testng.internal.invokers.MethodInvocationHelper.invokeMethod(MethodInvocationHelper.java:141)
	at org.testng.internal.invokers.TestInvoker.invokeMethod(TestInvoker.java:686)
	at org.testng.internal.invokers.TestInvoker.invokeTestMethod(TestInvoker.java:230)
	at org.testng.internal.invokers.MethodRunner.runInSequence(MethodRunner.java:63)
	at org.testng.internal.invokers.TestInvoker$MethodInvocationAgent.invoke(TestInvoker.java:992)
	at org.testng.internal.invokers.TestInvoker.invokeTestMethods(TestInvoker.java:203)
	at org.testng.internal.invokers.TestMethodWorker.invokeTestMethods(TestMethodWorker.java:154)
	at org.testng.internal.invokers.TestMethodWorker.run(TestMethodWorker.java:134)
	at java.base/java.util.ArrayList.forEach(ArrayList.java:1596)
	at org.testng.TestRunner.privateRun(TestRunner.java:739)
	at org.testng.TestRunner.run(TestRunner.java:614)
	at org.testng.SuiteRunner.runTest(SuiteRunner.java:421)
	at org.testng.SuiteRunner.runSequentially(SuiteRunner.java:413)
	at org.testng.SuiteRunner.privateRun(SuiteRunner.java:373)
	at org.testng.SuiteRunner.run(SuiteRunner.java:312)
	at org.testng.SuiteRunnerWorker.runSuite(SuiteRunnerWorker.java:52)
	at org.testng.SuiteRunnerWorker.run(SuiteRunnerWorker.java:95)
	at org.testng.TestNG.runSuitesSequentially(TestNG.java:1274)
	at org.testng.TestNG.runSuitesLocally(TestNG.java:1208)
	at org.testng.TestNG.runSuites(TestNG.java:1112)
	at org.testng.TestNG.run(TestNG.java:1079)
	at com.intellij.rt.testng.IDEARemoteTestNG.run(IDEARemoteTestNG.java:65)
	at com.intellij.rt.testng.RemoteTestNGStarter.main(RemoteTestNGStarter.java:105)
</textarea>
          
        </td>
      </tr>
      <tr class="event-row">
        <td><span class="badge log fail-bg">Fail</span></td>
        <td>10:47:17 PM</td>
        <td>
          
    <div class="row mb-3"><div class="col-md-3">
    

<img data-featherlight='/home/shormi/Documents/Project/Selenium-Java-Page-Object-Model-With-TestNG-ExtentReport/screenshots/to_date_entry_error.png' src="/home/shormi/Documents/Project/Selenium-Java-Page-Object-Model-With-TestNG-ExtentReport/screenshots/to_date_entry_error.png">
  
    

    </div></div>
        </td>
      </tr>
      <tr class="event-row">
        <td><span class="badge log info-bg">Info</span></td>
        <td>10:47:17 PM</td>
        <td>
          Selecting partial days option: All Days
        </td>
      </tr>
      <tr class="event-row">
        <td><span class="badge log fail-bg">Fail</span></td>
        <td>10:47:17 PM</td>
        <td>
          <p style="color:#FF5353; font-size:13px"><b>Error selecting partial days: Cannot locate an element using By.chained({By.xpath: //label[text()='Partial Days']/following-sibling::div//div[@class='oxd-select-text-input']})
For documentation on this error, please visit: https://www.selenium.dev/documentation/webdriver/troubleshooting/errors#no-such-element-exception
Build info: version: '4.20.0', revision: '866c76ca80'
System info: os.name: 'Linux', os.arch: 'amd64', os.version: '5.15.0-152-generic', java.version: '21.0.8'
Driver info: driver.version: RemoteWebDriver</b></p>
        </td>
      </tr>
      <tr class="event-row">
        <td><span class="badge log fail-bg">Fail</span></td>
        <td>10:47:17 PM</td>
        <td>
          <textarea readonly class="code-block">java.lang.InterruptedException: Exception
	at me.shormi.pages.Leave_Page.failCase(Leave_Page.java:132)
	at me.shormi.pages.Leave_Page.selectPartialDays(Leave_Page.java:304)
	at me.shormi.pages.Leave_Page.assignLeave(Leave_Page.java:383)
	at me.shormi.tests.Leave_Test.assign_leave_with_long_comment(Leave_Test.java:106)
	at java.base/jdk.internal.reflect.DirectMethodHandleAccessor.invoke(DirectMethodHandleAccessor.java:103)
	at java.base/java.lang.reflect.Method.invoke(Method.java:580)
	at org.testng.internal.invokers.MethodInvocationHelper.invokeMethod(MethodInvocationHelper.java:141)
	at org.testng.internal.invokers.TestInvoker.invokeMethod(TestInvoker.java:686)
	at org.testng.internal.invokers.TestInvoker.invokeTestMethod(TestInvoker.java:230)
	at org.testng.internal.invokers.MethodRunner.runInSequence(MethodRunner.java:63)
	at org.testng.internal.invokers.TestInvoker$MethodInvocationAgent.invoke(TestInvoker.java:992)
	at org.testng.internal.invokers.TestInvoker.invokeTestMethods(TestInvoker.java:203)
	at org.testng.internal.invokers.TestMethodWorker.invokeTestMethods(TestMethodWorker.java:154)
	at org.testng.internal.invokers.TestMethodWorker.run(TestMethodWorker.java:134)
	at java.base/java.util.ArrayList.forEach(ArrayList.java:1596)
	at org.testng.TestRunner.privateRun(TestRunner.java:739)
	at org.testng.TestRunner.run(TestRunner.java:614)
	at org.testng.SuiteRunner.runTest(SuiteRunner.java:421)
	at org.testng.SuiteRunner.runSequentially(SuiteRunner.java:413)
	at org.testng.SuiteRunner.privateRun(SuiteRunner.java:373)
	at org.testng.SuiteRunner.run(SuiteRunner.java:312)
	at org.testng.SuiteRunnerWorker.runSuite(SuiteRunnerWorker.java:52)
	at org.testng.SuiteRunnerWorker.run(SuiteRunnerWorker.java:95)
	at org.testng.TestNG.runSuitesSequentially(TestNG.java:1274)
	at org.testng.TestNG.runSuitesLocally(TestNG.java:1208)
	at org.testng.TestNG.runSuites(TestNG.java:1112)
	at org.testng.TestNG.run(TestNG.java:1079)
	at com.intellij.rt.testng.IDEARemoteTestNG.run(IDEARemoteTestNG.java:65)
	at com.intellij.rt.testng.RemoteTestNGStarter.main(RemoteTestNGStarter.java:105)
</textarea>
          
        </td>
      </tr>
      <tr class="event-row">
        <td><span class="badge log fail-bg">Fail</span></td>
        <td>10:47:17 PM</td>
        <td>
          
    <div class="row mb-3"><div class="col-md-3">
    

<img data-featherlight='/home/shormi/Documents/Project/Selenium-Java-Page-Object-Model-With-TestNG-ExtentReport/screenshots/partial_days_selection_error.png' src="/home/shormi/Documents/Project/Selenium-Java-Page-Object-Model-With-TestNG-ExtentReport/screenshots/partial_days_selection_error.png">
  
    

    </div></div>
        </td>
      </tr>
      <tr class="event-row">
        <td><span class="badge log info-bg">Info</span></td>
        <td>10:47:17 PM</td>
        <td>
          Entering comment: This is a very long comment to test the textarea functionality. It should handle multiple lines and longer text without any issues. Testing the maximum character limit and text wrapping functionality.
        </td>
      </tr>
      <tr class="event-row">
        <td><span class="badge log fail-bg">Fail</span></td>
        <td>10:47:17 PM</td>
        <td>
          <p style="color:#FF5353; font-size:13px"><b>Error entering comment: Cannot locate an element using By.chained({By.xpath: //label[text()='Comments']/following-sibling::div//textarea})
For documentation on this error, please visit: https://www.selenium.dev/documentation/webdriver/troubleshooting/errors#no-such-element-exception
Build info: version: '4.20.0', revision: '866c76ca80'
System info: os.name: 'Linux', os.arch: 'amd64', os.version: '5.15.0-152-generic', java.version: '21.0.8'
Driver info: driver.version: RemoteWebDriver</b></p>
        </td>
      </tr>
      <tr class="event-row">
        <td><span class="badge log fail-bg">Fail</span></td>
        <td>10:47:17 PM</td>
        <td>
          <textarea readonly class="code-block">java.lang.InterruptedException: Exception
	at me.shormi.pages.Leave_Page.failCase(Leave_Page.java:132)
	at me.shormi.pages.Leave_Page.enterComment(Leave_Page.java:282)
	at me.shormi.pages.Leave_Page.assignLeave(Leave_Page.java:384)
	at me.shormi.tests.Leave_Test.assign_leave_with_long_comment(Leave_Test.java:106)
	at java.base/jdk.internal.reflect.DirectMethodHandleAccessor.invoke(DirectMethodHandleAccessor.java:103)
	at java.base/java.lang.reflect.Method.invoke(Method.java:580)
	at org.testng.internal.invokers.MethodInvocationHelper.invokeMethod(MethodInvocationHelper.java:141)
	at org.testng.internal.invokers.TestInvoker.invokeMethod(TestInvoker.java:686)
	at org.testng.internal.invokers.TestInvoker.invokeTestMethod(TestInvoker.java:230)
	at org.testng.internal.invokers.MethodRunner.runInSequence(MethodRunner.java:63)
	at org.testng.internal.invokers.TestInvoker$MethodInvocationAgent.invoke(TestInvoker.java:992)
	at org.testng.internal.invokers.TestInvoker.invokeTestMethods(TestInvoker.java:203)
	at org.testng.internal.invokers.TestMethodWorker.invokeTestMethods(TestMethodWorker.java:154)
	at org.testng.internal.invokers.TestMethodWorker.run(TestMethodWorker.java:134)
	at java.base/java.util.ArrayList.forEach(ArrayList.java:1596)
	at org.testng.TestRunner.privateRun(TestRunner.java:739)
	at org.testng.TestRunner.run(TestRunner.java:614)
	at org.testng.SuiteRunner.runTest(SuiteRunner.java:421)
	at org.testng.SuiteRunner.runSequentially(SuiteRunner.java:413)
	at org.testng.SuiteRunner.privateRun(SuiteRunner.java:373)
	at org.testng.SuiteRunner.run(SuiteRunner.java:312)
	at org.testng.SuiteRunnerWorker.runSuite(SuiteRunnerWorker.java:52)
	at org.testng.SuiteRunnerWorker.run(SuiteRunnerWorker.java:95)
	at org.testng.TestNG.runSuitesSequentially(TestNG.java:1274)
	at org.testng.TestNG.runSuitesLocally(TestNG.java:1208)
	at org.testng.TestNG.runSuites(TestNG.java:1112)
	at org.testng.TestNG.run(TestNG.java:1079)
	at com.intellij.rt.testng.IDEARemoteTestNG.run(IDEARemoteTestNG.java:65)
	at com.intellij.rt.testng.RemoteTestNGStarter.main(RemoteTestNGStarter.java:105)
</textarea>
          
        </td>
      </tr>
      <tr class="event-row">
        <td><span class="badge log fail-bg">Fail</span></td>
        <td>10:47:17 PM</td>
        <td>
          
    <div class="row mb-3"><div class="col-md-3">
    

<img data-featherlight='/home/shormi/Documents/Project/Selenium-Java-Page-Object-Model-With-TestNG-ExtentReport/screenshots/comment_entry_error.png' src="/home/shormi/Documents/Project/Selenium-Java-Page-Object-Model-With-TestNG-ExtentReport/screenshots/comment_entry_error.png">
  
    

    </div></div>
        </td>
      </tr>
      <tr class="event-row">
        <td><span class="badge log info-bg">Info</span></td>
        <td>10:47:17 PM</td>
        <td>
          Clicking Assign button
        </td>
      </tr>
      <tr class="event-row">
        <td><span class="badge log pass-bg">Pass</span></td>
        <td>10:47:20 PM</td>
        <td>
          <p style="color:#85BC63; font-size:13px"><b>Successfully clicked Assign button</b></p>
        </td>
      </tr>
      <tr class="event-row">
        <td><span class="badge log info-bg">Info</span></td>
        <td>10:47:20 PM</td>
        <td>
          Verifying success message
        </td>
      </tr>
      <tr class="event-row">
        <td><span class="badge log fail-bg">Fail</span></td>
        <td>10:47:22 PM</td>
        <td>
          <p style="color:#FF5353; font-size:13px"><b>Error verifying success message: Cannot locate an element using By.chained({By.xpath: //div[@class='oxd-toast-container']//p[contains(text(),'Successfully Saved')]})
For documentation on this error, please visit: https://www.selenium.dev/documentation/webdriver/troubleshooting/errors#no-such-element-exception
Build info: version: '4.20.0', revision: '866c76ca80'
System info: os.name: 'Linux', os.arch: 'amd64', os.version: '5.15.0-152-generic', java.version: '21.0.8'
Driver info: driver.version: RemoteWebDriver</b></p>
        </td>
      </tr>
      <tr class="event-row">
        <td><span class="badge log fail-bg">Fail</span></td>
        <td>10:47:22 PM</td>
        <td>
          <textarea readonly class="code-block">java.lang.InterruptedException: Exception
	at me.shormi.pages.Leave_Page.failCase(Leave_Page.java:132)
	at me.shormi.pages.Leave_Page.verifySuccessMessage(Leave_Page.java:350)
	at me.shormi.pages.Leave_Page.assignLeave(Leave_Page.java:386)
	at me.shormi.tests.Leave_Test.assign_leave_with_long_comment(Leave_Test.java:106)
	at java.base/jdk.internal.reflect.DirectMethodHandleAccessor.invoke(DirectMethodHandleAccessor.java:103)
	at java.base/java.lang.reflect.Method.invoke(Method.java:580)
	at org.testng.internal.invokers.MethodInvocationHelper.invokeMethod(MethodInvocationHelper.java:141)
	at org.testng.internal.invokers.TestInvoker.invokeMethod(TestInvoker.java:686)
	at org.testng.internal.invokers.TestInvoker.invokeTestMethod(TestInvoker.java:230)
	at org.testng.internal.invokers.MethodRunner.runInSequence(MethodRunner.java:63)
	at org.testng.internal.invokers.TestInvoker$MethodInvocationAgent.invoke(TestInvoker.java:992)
	at org.testng.internal.invokers.TestInvoker.invokeTestMethods(TestInvoker.java:203)
	at org.testng.internal.invokers.TestMethodWorker.invokeTestMethods(TestMethodWorker.java:154)
	at org.testng.internal.invokers.TestMethodWorker.run(TestMethodWorker.java:134)
	at java.base/java.util.ArrayList.forEach(ArrayList.java:1596)
	at org.testng.TestRunner.privateRun(TestRunner.java:739)
	at org.testng.TestRunner.run(TestRunner.java:614)
	at org.testng.SuiteRunner.runTest(SuiteRunner.java:421)
	at org.testng.SuiteRunner.runSequentially(SuiteRunner.java:413)
	at org.testng.SuiteRunner.privateRun(SuiteRunner.java:373)
	at org.testng.SuiteRunner.run(SuiteRunner.java:312)
	at org.testng.SuiteRunnerWorker.runSuite(SuiteRunnerWorker.java:52)
	at org.testng.SuiteRunnerWorker.run(SuiteRunnerWorker.java:95)
	at org.testng.TestNG.runSuitesSequentially(TestNG.java:1274)
	at org.testng.TestNG.runSuitesLocally(TestNG.java:1208)
	at org.testng.TestNG.runSuites(TestNG.java:1112)
	at org.testng.TestNG.run(TestNG.java:1079)
	at com.intellij.rt.testng.IDEARemoteTestNG.run(IDEARemoteTestNG.java:65)
	at com.intellij.rt.testng.RemoteTestNGStarter.main(RemoteTestNGStarter.java:105)
</textarea>
          
        </td>
      </tr>
      <tr class="event-row">
        <td><span class="badge log fail-bg">Fail</span></td>
        <td>10:47:22 PM</td>
        <td>
          
    <div class="row mb-3"><div class="col-md-3">
    

<img data-featherlight='/home/shormi/Documents/Project/Selenium-Java-Page-Object-Model-With-TestNG-ExtentReport/screenshots/success_message_verification_error.png' src="/home/shormi/Documents/Project/Selenium-Java-Page-Object-Model-With-TestNG-ExtentReport/screenshots/success_message_verification_error.png">
  
    

    </div></div>
        </td>
      </tr>
  </tbody>
</table>
          </div>
        </div>
      </div>
      <div class="card">
        <div class="card-header">
          <div class="card-toolbar node-info">
            <ul class="list-inline d-none d-sm-block">
              <li><span class="badge fail-bg log ">Fail</span></li>
              <li><span class='badge badge-default'>00:08:421</span></li>
              <li><span><i class="fa fa-paperclip"></i></span></li>
            </ul>
          </div>
          <div class="card-title">
            <a class="node " id="16"><span><p style="color:green; font-size:13px"><b>Cancel Functionality</b></p></span></a>
            <div class="node-attr">
<span class="badge badge-pill badge-default">Tester</span>
<span class="badge badge-pill badge-default">Windows</span>            </div>
          </div>
        </div>
        <div class="">
          <div class="card-body">
            
<table class="table table-sm">
  <thead><tr><th class="status-col">Status</th><th class="timestamp-col">Timestamp</th><th class="details-col">Details</th></tr></thead>
  <tbody>
      <tr class="event-row">
        <td><span class="badge log info-bg">Info</span></td>
        <td>10:47:22 PM</td>
        <td>
          Navigating to Leave menu
        </td>
      </tr>
      <tr class="event-row">
        <td><span class="badge log pass-bg">Pass</span></td>
        <td>10:47:26 PM</td>
        <td>
          <p style="color:#85BC63; font-size:13px"><b>Successfully navigated to Leave menu</b></p>
        </td>
      </tr>
      <tr class="event-row">
        <td><span class="badge log info-bg">Info</span></td>
        <td>10:47:26 PM</td>
        <td>
          Navigating to Assign Leave
        </td>
      </tr>
      <tr class="event-row">
        <td><span class="badge log pass-bg">Pass</span></td>
        <td>10:47:30 PM</td>
        <td>
          <p style="color:#85BC63; font-size:13px"><b>Successfully navigated to Assign Leave page</b></p>
        </td>
      </tr>
      <tr class="event-row">
        <td><span class="badge log info-bg">Info</span></td>
        <td>10:47:30 PM</td>
        <td>
          Selecting employee: Peter Mac Anderson
        </td>
      </tr>
      <tr class="event-row">
        <td><span class="badge log fail-bg">Fail</span></td>
        <td>10:47:30 PM</td>
        <td>
          <p style="color:#FF5353; font-size:13px"><b>Error selecting employee: Cannot locate an element using By.chained({By.xpath: //label[text()='Employee Name']/following-sibling::div//input[@placeholder='Type for hints...']})
For documentation on this error, please visit: https://www.selenium.dev/documentation/webdriver/troubleshooting/errors#no-such-element-exception
Build info: version: '4.20.0', revision: '866c76ca80'
System info: os.name: 'Linux', os.arch: 'amd64', os.version: '5.15.0-152-generic', java.version: '21.0.8'
Driver info: driver.version: RemoteWebDriver</b></p>
        </td>
      </tr>
      <tr class="event-row">
        <td><span class="badge log fail-bg">Fail</span></td>
        <td>10:47:30 PM</td>
        <td>
          <textarea readonly class="code-block">java.lang.InterruptedException: Exception
	at me.shormi.pages.Leave_Page.failCase(Leave_Page.java:132)
	at me.shormi.pages.Leave_Page.selectEmployee(Leave_Page.java:191)
	at me.shormi.tests.Leave_Test.test_cancel_functionality(Leave_Test.java:115)
	at java.base/jdk.internal.reflect.DirectMethodHandleAccessor.invoke(DirectMethodHandleAccessor.java:103)
	at java.base/java.lang.reflect.Method.invoke(Method.java:580)
	at org.testng.internal.invokers.MethodInvocationHelper.invokeMethod(MethodInvocationHelper.java:141)
	at org.testng.internal.invokers.TestInvoker.invokeMethod(TestInvoker.java:686)
	at org.testng.internal.invokers.TestInvoker.invokeTestMethod(TestInvoker.java:230)
	at org.testng.internal.invokers.MethodRunner.runInSequence(MethodRunner.java:63)
	at org.testng.internal.invokers.TestInvoker$MethodInvocationAgent.invoke(TestInvoker.java:992)
	at org.testng.internal.invokers.TestInvoker.invokeTestMethods(TestInvoker.java:203)
	at org.testng.internal.invokers.TestMethodWorker.invokeTestMethods(TestMethodWorker.java:154)
	at org.testng.internal.invokers.TestMethodWorker.run(TestMethodWorker.java:134)
	at java.base/java.util.ArrayList.forEach(ArrayList.java:1596)
	at org.testng.TestRunner.privateRun(TestRunner.java:739)
	at org.testng.TestRunner.run(TestRunner.java:614)
	at org.testng.SuiteRunner.runTest(SuiteRunner.java:421)
	at org.testng.SuiteRunner.runSequentially(SuiteRunner.java:413)
	at org.testng.SuiteRunner.privateRun(SuiteRunner.java:373)
	at org.testng.SuiteRunner.run(SuiteRunner.java:312)
	at org.testng.SuiteRunnerWorker.runSuite(SuiteRunnerWorker.java:52)
	at org.testng.SuiteRunnerWorker.run(SuiteRunnerWorker.java:95)
	at org.testng.TestNG.runSuitesSequentially(TestNG.java:1274)
	at org.testng.TestNG.runSuitesLocally(TestNG.java:1208)
	at org.testng.TestNG.runSuites(TestNG.java:1112)
	at org.testng.TestNG.run(TestNG.java:1079)
	at com.intellij.rt.testng.IDEARemoteTestNG.run(IDEARemoteTestNG.java:65)
	at com.intellij.rt.testng.RemoteTestNGStarter.main(RemoteTestNGStarter.java:105)
</textarea>
          
        </td>
      </tr>
      <tr class="event-row">
        <td><span class="badge log fail-bg">Fail</span></td>
        <td>10:47:30 PM</td>
        <td>
          
    <div class="row mb-3"><div class="col-md-3">
    

<img data-featherlight='/home/shormi/Documents/Project/Selenium-Java-Page-Object-Model-With-TestNG-ExtentReport/screenshots/employee_selection_error.png' src="/home/shormi/Documents/Project/Selenium-Java-Page-Object-Model-With-TestNG-ExtentReport/screenshots/employee_selection_error.png">
  
    

    </div></div>
        </td>
      </tr>
      <tr class="event-row">
        <td><span class="badge log info-bg">Info</span></td>
        <td>10:47:30 PM</td>
        <td>
          Selecting leave type: CAN - Personal
        </td>
      </tr>
      <tr class="event-row">
        <td><span class="badge log fail-bg">Fail</span></td>
        <td>10:47:30 PM</td>
        <td>
          <p style="color:#FF5353; font-size:13px"><b>Error selecting leave type: Cannot locate an element using By.chained({By.xpath: //label[text()='Leave Type']/following-sibling::div//div[contains(@class,'oxd-select-text')]})
For documentation on this error, please visit: https://www.selenium.dev/documentation/webdriver/troubleshooting/errors#no-such-element-exception
Build info: version: '4.20.0', revision: '866c76ca80'
System info: os.name: 'Linux', os.arch: 'amd64', os.version: '5.15.0-152-generic', java.version: '21.0.8'
Driver info: driver.version: RemoteWebDriver</b></p>
        </td>
      </tr>
      <tr class="event-row">
        <td><span class="badge log fail-bg">Fail</span></td>
        <td>10:47:30 PM</td>
        <td>
          <textarea readonly class="code-block">java.lang.InterruptedException: Exception
	at me.shormi.pages.Leave_Page.failCase(Leave_Page.java:132)
	at me.shormi.pages.Leave_Page.selectLeaveType(Leave_Page.java:234)
	at me.shormi.tests.Leave_Test.test_cancel_functionality(Leave_Test.java:116)
	at java.base/jdk.internal.reflect.DirectMethodHandleAccessor.invoke(DirectMethodHandleAccessor.java:103)
	at java.base/java.lang.reflect.Method.invoke(Method.java:580)
	at org.testng.internal.invokers.MethodInvocationHelper.invokeMethod(MethodInvocationHelper.java:141)
	at org.testng.internal.invokers.TestInvoker.invokeMethod(TestInvoker.java:686)
	at org.testng.internal.invokers.TestInvoker.invokeTestMethod(TestInvoker.java:230)
	at org.testng.internal.invokers.MethodRunner.runInSequence(MethodRunner.java:63)
	at org.testng.internal.invokers.TestInvoker$MethodInvocationAgent.invoke(TestInvoker.java:992)
	at org.testng.internal.invokers.TestInvoker.invokeTestMethods(TestInvoker.java:203)
	at org.testng.internal.invokers.TestMethodWorker.invokeTestMethods(TestMethodWorker.java:154)
	at org.testng.internal.invokers.TestMethodWorker.run(TestMethodWorker.java:134)
	at java.base/java.util.ArrayList.forEach(ArrayList.java:1596)
	at org.testng.TestRunner.privateRun(TestRunner.java:739)
	at org.testng.TestRunner.run(TestRunner.java:614)
	at org.testng.SuiteRunner.runTest(SuiteRunner.java:421)
	at org.testng.SuiteRunner.runSequentially(SuiteRunner.java:413)
	at org.testng.SuiteRunner.privateRun(SuiteRunner.java:373)
	at org.testng.SuiteRunner.run(SuiteRunner.java:312)
	at org.testng.SuiteRunnerWorker.runSuite(SuiteRunnerWorker.java:52)
	at org.testng.SuiteRunnerWorker.run(SuiteRunnerWorker.java:95)
	at org.testng.TestNG.runSuitesSequentially(TestNG.java:1274)
	at org.testng.TestNG.runSuitesLocally(TestNG.java:1208)
	at org.testng.TestNG.runSuites(TestNG.java:1112)
	at org.testng.TestNG.run(TestNG.java:1079)
	at com.intellij.rt.testng.IDEARemoteTestNG.run(IDEARemoteTestNG.java:65)
	at com.intellij.rt.testng.RemoteTestNGStarter.main(RemoteTestNGStarter.java:105)
</textarea>
          
        </td>
      </tr>
      <tr class="event-row">
        <td><span class="badge log fail-bg">Fail</span></td>
        <td>10:47:30 PM</td>
        <td>
          
    <div class="row mb-3"><div class="col-md-3">
    

<img data-featherlight='/home/shormi/Documents/Project/Selenium-Java-Page-Object-Model-With-TestNG-ExtentReport/screenshots/leave_type_selection_error.png' src="/home/shormi/Documents/Project/Selenium-Java-Page-Object-Model-With-TestNG-ExtentReport/screenshots/leave_type_selection_error.png">
  
    

    </div></div>
        </td>
      </tr>
      <tr class="event-row">
        <td><span class="badge log info-bg">Info</span></td>
        <td>10:47:30 PM</td>
        <td>
          Entering from date: 2024-12-25
        </td>
      </tr>
      <tr class="event-row">
        <td><span class="badge log fail-bg">Fail</span></td>
        <td>10:47:30 PM</td>
        <td>
          <p style="color:#FF5353; font-size:13px"><b>Error entering from date: Cannot locate an element using By.chained({By.xpath: //label[text()='From Date']/following-sibling::div//input[@placeholder='yyyy-mm-dd']})
For documentation on this error, please visit: https://www.selenium.dev/documentation/webdriver/troubleshooting/errors#no-such-element-exception
Build info: version: '4.20.0', revision: '866c76ca80'
System info: os.name: 'Linux', os.arch: 'amd64', os.version: '5.15.0-152-generic', java.version: '21.0.8'
Driver info: driver.version: RemoteWebDriver</b></p>
        </td>
      </tr>
      <tr class="event-row">
        <td><span class="badge log fail-bg">Fail</span></td>
        <td>10:47:30 PM</td>
        <td>
          <textarea readonly class="code-block">java.lang.InterruptedException: Exception
	at me.shormi.pages.Leave_Page.failCase(Leave_Page.java:132)
	at me.shormi.pages.Leave_Page.enterFromDate(Leave_Page.java:250)
	at me.shormi.tests.Leave_Test.test_cancel_functionality(Leave_Test.java:117)
	at java.base/jdk.internal.reflect.DirectMethodHandleAccessor.invoke(DirectMethodHandleAccessor.java:103)
	at java.base/java.lang.reflect.Method.invoke(Method.java:580)
	at org.testng.internal.invokers.MethodInvocationHelper.invokeMethod(MethodInvocationHelper.java:141)
	at org.testng.internal.invokers.TestInvoker.invokeMethod(TestInvoker.java:686)
	at org.testng.internal.invokers.TestInvoker.invokeTestMethod(TestInvoker.java:230)
	at org.testng.internal.invokers.MethodRunner.runInSequence(MethodRunner.java:63)
	at org.testng.internal.invokers.TestInvoker$MethodInvocationAgent.invoke(TestInvoker.java:992)
	at org.testng.internal.invokers.TestInvoker.invokeTestMethods(TestInvoker.java:203)
	at org.testng.internal.invokers.TestMethodWorker.invokeTestMethods(TestMethodWorker.java:154)
	at org.testng.internal.invokers.TestMethodWorker.run(TestMethodWorker.java:134)
	at java.base/java.util.ArrayList.forEach(ArrayList.java:1596)
	at org.testng.TestRunner.privateRun(TestRunner.java:739)
	at org.testng.TestRunner.run(TestRunner.java:614)
	at org.testng.SuiteRunner.runTest(SuiteRunner.java:421)
	at org.testng.SuiteRunner.runSequentially(SuiteRunner.java:413)
	at org.testng.SuiteRunner.privateRun(SuiteRunner.java:373)
	at org.testng.SuiteRunner.run(SuiteRunner.java:312)
	at org.testng.SuiteRunnerWorker.runSuite(SuiteRunnerWorker.java:52)
	at org.testng.SuiteRunnerWorker.run(SuiteRunnerWorker.java:95)
	at org.testng.TestNG.runSuitesSequentially(TestNG.java:1274)
	at org.testng.TestNG.runSuitesLocally(TestNG.java:1208)
	at org.testng.TestNG.runSuites(TestNG.java:1112)
	at org.testng.TestNG.run(TestNG.java:1079)
	at com.intellij.rt.testng.IDEARemoteTestNG.run(IDEARemoteTestNG.java:65)
	at com.intellij.rt.testng.RemoteTestNGStarter.main(RemoteTestNGStarter.java:105)
</textarea>
          
        </td>
      </tr>
      <tr class="event-row">
        <td><span class="badge log fail-bg">Fail</span></td>
        <td>10:47:30 PM</td>
        <td>
          
    <div class="row mb-3"><div class="col-md-3">
    

<img data-featherlight='/home/shormi/Documents/Project/Selenium-Java-Page-Object-Model-With-TestNG-ExtentReport/screenshots/from_date_entry_error.png' src="/home/shormi/Documents/Project/Selenium-Java-Page-Object-Model-With-TestNG-ExtentReport/screenshots/from_date_entry_error.png">
  
    

    </div></div>
        </td>
      </tr>
      <tr class="event-row">
        <td><span class="badge log info-bg">Info</span></td>
        <td>10:47:30 PM</td>
        <td>
          Entering to date: 2024-12-26
        </td>
      </tr>
      <tr class="event-row">
        <td><span class="badge log fail-bg">Fail</span></td>
        <td>10:47:30 PM</td>
        <td>
          <p style="color:#FF5353; font-size:13px"><b>Error entering to date: Cannot locate an element using By.chained({By.xpath: //label[text()='To Date']/following-sibling::div//input[@placeholder='yyyy-mm-dd']})
For documentation on this error, please visit: https://www.selenium.dev/documentation/webdriver/troubleshooting/errors#no-such-element-exception
Build info: version: '4.20.0', revision: '866c76ca80'
System info: os.name: 'Linux', os.arch: 'amd64', os.version: '5.15.0-152-generic', java.version: '21.0.8'
Driver info: driver.version: RemoteWebDriver</b></p>
        </td>
      </tr>
      <tr class="event-row">
        <td><span class="badge log fail-bg">Fail</span></td>
        <td>10:47:30 PM</td>
        <td>
          <textarea readonly class="code-block">java.lang.InterruptedException: Exception
	at me.shormi.pages.Leave_Page.failCase(Leave_Page.java:132)
	at me.shormi.pages.Leave_Page.enterToDate(Leave_Page.java:266)
	at me.shormi.tests.Leave_Test.test_cancel_functionality(Leave_Test.java:118)
	at java.base/jdk.internal.reflect.DirectMethodHandleAccessor.invoke(DirectMethodHandleAccessor.java:103)
	at java.base/java.lang.reflect.Method.invoke(Method.java:580)
	at org.testng.internal.invokers.MethodInvocationHelper.invokeMethod(MethodInvocationHelper.java:141)
	at org.testng.internal.invokers.TestInvoker.invokeMethod(TestInvoker.java:686)
	at org.testng.internal.invokers.TestInvoker.invokeTestMethod(TestInvoker.java:230)
	at org.testng.internal.invokers.MethodRunner.runInSequence(MethodRunner.java:63)
	at org.testng.internal.invokers.TestInvoker$MethodInvocationAgent.invoke(TestInvoker.java:992)
	at org.testng.internal.invokers.TestInvoker.invokeTestMethods(TestInvoker.java:203)
	at org.testng.internal.invokers.TestMethodWorker.invokeTestMethods(TestMethodWorker.java:154)
	at org.testng.internal.invokers.TestMethodWorker.run(TestMethodWorker.java:134)
	at java.base/java.util.ArrayList.forEach(ArrayList.java:1596)
	at org.testng.TestRunner.privateRun(TestRunner.java:739)
	at org.testng.TestRunner.run(TestRunner.java:614)
	at org.testng.SuiteRunner.runTest(SuiteRunner.java:421)
	at org.testng.SuiteRunner.runSequentially(SuiteRunner.java:413)
	at org.testng.SuiteRunner.privateRun(SuiteRunner.java:373)
	at org.testng.SuiteRunner.run(SuiteRunner.java:312)
	at org.testng.SuiteRunnerWorker.runSuite(SuiteRunnerWorker.java:52)
	at org.testng.SuiteRunnerWorker.run(SuiteRunnerWorker.java:95)
	at org.testng.TestNG.runSuitesSequentially(TestNG.java:1274)
	at org.testng.TestNG.runSuitesLocally(TestNG.java:1208)
	at org.testng.TestNG.runSuites(TestNG.java:1112)
	at org.testng.TestNG.run(TestNG.java:1079)
	at com.intellij.rt.testng.IDEARemoteTestNG.run(IDEARemoteTestNG.java:65)
	at com.intellij.rt.testng.RemoteTestNGStarter.main(RemoteTestNGStarter.java:105)
</textarea>
          
        </td>
      </tr>
      <tr class="event-row">
        <td><span class="badge log fail-bg">Fail</span></td>
        <td>10:47:30 PM</td>
        <td>
          
    <div class="row mb-3"><div class="col-md-3">
    

<img data-featherlight='/home/shormi/Documents/Project/Selenium-Java-Page-Object-Model-With-TestNG-ExtentReport/screenshots/to_date_entry_error.png' src="/home/shormi/Documents/Project/Selenium-Java-Page-Object-Model-With-TestNG-ExtentReport/screenshots/to_date_entry_error.png">
  
    

    </div></div>
        </td>
      </tr>
      <tr class="event-row">
        <td><span class="badge log info-bg">Info</span></td>
        <td>10:47:30 PM</td>
        <td>
          Entering comment: Test comment
        </td>
      </tr>
      <tr class="event-row">
        <td><span class="badge log fail-bg">Fail</span></td>
        <td>10:47:30 PM</td>
        <td>
          <p style="color:#FF5353; font-size:13px"><b>Error entering comment: Cannot locate an element using By.chained({By.xpath: //label[text()='Comments']/following-sibling::div//textarea})
For documentation on this error, please visit: https://www.selenium.dev/documentation/webdriver/troubleshooting/errors#no-such-element-exception
Build info: version: '4.20.0', revision: '866c76ca80'
System info: os.name: 'Linux', os.arch: 'amd64', os.version: '5.15.0-152-generic', java.version: '21.0.8'
Driver info: driver.version: RemoteWebDriver</b></p>
        </td>
      </tr>
      <tr class="event-row">
        <td><span class="badge log fail-bg">Fail</span></td>
        <td>10:47:30 PM</td>
        <td>
          <textarea readonly class="code-block">java.lang.InterruptedException: Exception
	at me.shormi.pages.Leave_Page.failCase(Leave_Page.java:132)
	at me.shormi.pages.Leave_Page.enterComment(Leave_Page.java:282)
	at me.shormi.tests.Leave_Test.test_cancel_functionality(Leave_Test.java:119)
	at java.base/jdk.internal.reflect.DirectMethodHandleAccessor.invoke(DirectMethodHandleAccessor.java:103)
	at java.base/java.lang.reflect.Method.invoke(Method.java:580)
	at org.testng.internal.invokers.MethodInvocationHelper.invokeMethod(MethodInvocationHelper.java:141)
	at org.testng.internal.invokers.TestInvoker.invokeMethod(TestInvoker.java:686)
	at org.testng.internal.invokers.TestInvoker.invokeTestMethod(TestInvoker.java:230)
	at org.testng.internal.invokers.MethodRunner.runInSequence(MethodRunner.java:63)
	at org.testng.internal.invokers.TestInvoker$MethodInvocationAgent.invoke(TestInvoker.java:992)
	at org.testng.internal.invokers.TestInvoker.invokeTestMethods(TestInvoker.java:203)
	at org.testng.internal.invokers.TestMethodWorker.invokeTestMethods(TestMethodWorker.java:154)
	at org.testng.internal.invokers.TestMethodWorker.run(TestMethodWorker.java:134)
	at java.base/java.util.ArrayList.forEach(ArrayList.java:1596)
	at org.testng.TestRunner.privateRun(TestRunner.java:739)
	at org.testng.TestRunner.run(TestRunner.java:614)
	at org.testng.SuiteRunner.runTest(SuiteRunner.java:421)
	at org.testng.SuiteRunner.runSequentially(SuiteRunner.java:413)
	at org.testng.SuiteRunner.privateRun(SuiteRunner.java:373)
	at org.testng.SuiteRunner.run(SuiteRunner.java:312)
	at org.testng.SuiteRunnerWorker.runSuite(SuiteRunnerWorker.java:52)
	at org.testng.SuiteRunnerWorker.run(SuiteRunnerWorker.java:95)
	at org.testng.TestNG.runSuitesSequentially(TestNG.java:1274)
	at org.testng.TestNG.runSuitesLocally(TestNG.java:1208)
	at org.testng.TestNG.runSuites(TestNG.java:1112)
	at org.testng.TestNG.run(TestNG.java:1079)
	at com.intellij.rt.testng.IDEARemoteTestNG.run(IDEARemoteTestNG.java:65)
	at com.intellij.rt.testng.RemoteTestNGStarter.main(RemoteTestNGStarter.java:105)
</textarea>
          
        </td>
      </tr>
      <tr class="event-row">
        <td><span class="badge log fail-bg">Fail</span></td>
        <td>10:47:30 PM</td>
        <td>
          
    <div class="row mb-3"><div class="col-md-3">
    

<img data-featherlight='/home/shormi/Documents/Project/Selenium-Java-Page-Object-Model-With-TestNG-ExtentReport/screenshots/comment_entry_error.png' src="/home/shormi/Documents/Project/Selenium-Java-Page-Object-Model-With-TestNG-ExtentReport/screenshots/comment_entry_error.png">
  
    

    </div></div>
        </td>
      </tr>
      <tr class="event-row">
        <td><span class="badge log info-bg">Info</span></td>
        <td>10:47:30 PM</td>
        <td>
          Clicking Cancel button
        </td>
      </tr>
      <tr class="event-row">
        <td><span class="badge log fail-bg">Fail</span></td>
        <td>10:47:30 PM</td>
        <td>
          <p style="color:#FF5353; font-size:13px"><b>Error clicking Cancel button: Cannot locate an element using By.chained({By.xpath: //button[@type='button'][contains(@class,'oxd-button--ghost')]})
For documentation on this error, please visit: https://www.selenium.dev/documentation/webdriver/troubleshooting/errors#no-such-element-exception
Build info: version: '4.20.0', revision: '866c76ca80'
System info: os.name: 'Linux', os.arch: 'amd64', os.version: '5.15.0-152-generic', java.version: '21.0.8'
Driver info: driver.version: RemoteWebDriver</b></p>
        </td>
      </tr>
      <tr class="event-row">
        <td><span class="badge log fail-bg">Fail</span></td>
        <td>10:47:30 PM</td>
        <td>
          <textarea readonly class="code-block">java.lang.InterruptedException: Exception
	at me.shormi.pages.Leave_Page.failCase(Leave_Page.java:132)
	at me.shormi.pages.Leave_Page.clickCancelButton(Leave_Page.java:334)
	at me.shormi.tests.Leave_Test.test_cancel_functionality(Leave_Test.java:120)
	at java.base/jdk.internal.reflect.DirectMethodHandleAccessor.invoke(DirectMethodHandleAccessor.java:103)
	at java.base/java.lang.reflect.Method.invoke(Method.java:580)
	at org.testng.internal.invokers.MethodInvocationHelper.invokeMethod(MethodInvocationHelper.java:141)
	at org.testng.internal.invokers.TestInvoker.invokeMethod(TestInvoker.java:686)
	at org.testng.internal.invokers.TestInvoker.invokeTestMethod(TestInvoker.java:230)
	at org.testng.internal.invokers.MethodRunner.runInSequence(MethodRunner.java:63)
	at org.testng.internal.invokers.TestInvoker$MethodInvocationAgent.invoke(TestInvoker.java:992)
	at org.testng.internal.invokers.TestInvoker.invokeTestMethods(TestInvoker.java:203)
	at org.testng.internal.invokers.TestMethodWorker.invokeTestMethods(TestMethodWorker.java:154)
	at org.testng.internal.invokers.TestMethodWorker.run(TestMethodWorker.java:134)
	at java.base/java.util.ArrayList.forEach(ArrayList.java:1596)
	at org.testng.TestRunner.privateRun(TestRunner.java:739)
	at org.testng.TestRunner.run(TestRunner.java:614)
	at org.testng.SuiteRunner.runTest(SuiteRunner.java:421)
	at org.testng.SuiteRunner.runSequentially(SuiteRunner.java:413)
	at org.testng.SuiteRunner.privateRun(SuiteRunner.java:373)
	at org.testng.SuiteRunner.run(SuiteRunner.java:312)
	at org.testng.SuiteRunnerWorker.runSuite(SuiteRunnerWorker.java:52)
	at org.testng.SuiteRunnerWorker.run(SuiteRunnerWorker.java:95)
	at org.testng.TestNG.runSuitesSequentially(TestNG.java:1274)
	at org.testng.TestNG.runSuitesLocally(TestNG.java:1208)
	at org.testng.TestNG.runSuites(TestNG.java:1112)
	at org.testng.TestNG.run(TestNG.java:1079)
	at com.intellij.rt.testng.IDEARemoteTestNG.run(IDEARemoteTestNG.java:65)
	at com.intellij.rt.testng.RemoteTestNGStarter.main(RemoteTestNGStarter.java:105)
</textarea>
          
        </td>
      </tr>
      <tr class="event-row">
        <td><span class="badge log fail-bg">Fail</span></td>
        <td>10:47:30 PM</td>
        <td>
          
    <div class="row mb-3"><div class="col-md-3">
    

<img data-featherlight='/home/shormi/Documents/Project/Selenium-Java-Page-Object-Model-With-TestNG-ExtentReport/screenshots/cancel_button_click_error.png' src="/home/shormi/Documents/Project/Selenium-Java-Page-Object-Model-With-TestNG-ExtentReport/screenshots/cancel_button_click_error.png">
  
    

    </div></div>
        </td>
      </tr>
  </tbody>
</table>
          </div>
        </div>
      </div>
      <div class="card">
        <div class="card-header">
          <div class="card-toolbar node-info">
            <ul class="list-inline d-none d-sm-block">
              <li><span class="badge pass-bg log ">Pass</span></li>
              <li><span class='badge badge-default'>00:06:177</span></li>
              <li><span><i class="fa fa-paperclip"></i></span></li>
            </ul>
          </div>
          <div class="card-title">
            <a class="node " id="17"><span><p style="color:green; font-size:13px"><b>Logout</b></p></span></a>
            <div class="node-attr">
<span class="badge badge-pill badge-default">Tester</span>
<span class="badge badge-pill badge-default">Windows</span>            </div>
          </div>
        </div>
        <div class="collapse">
          <div class="card-body">
            
<table class="table table-sm">
  <thead><tr><th class="status-col">Status</th><th class="timestamp-col">Timestamp</th><th class="details-col">Details</th></tr></thead>
  <tbody>
      <tr class="event-row">
        <td><span class="badge log info-bg">Info</span></td>
        <td>10:47:30 PM</td>
        <td>
          Logging out from the application
        </td>
      </tr>
      <tr class="event-row">
        <td><span class="badge log pass-bg">Pass</span></td>
        <td>10:47:36 PM</td>
        <td>
          <p style="color:#85BC63; font-size:13px"><b>Successfully logged out</b></p>
        </td>
      </tr>
      <tr class="event-row">
        <td><span class="badge log info-bg">Info</span></td>
        <td>10:47:37 PM</td>
        <td>
          Screenshot saved at: /home/shormi/Documents/Project/Selenium-Java-Page-Object-Model-With-TestNG-ExtentReport/screenshots/logout_success.png
        </td>
      </tr>
      <tr class="event-row">
        <td><span class="badge log pass-bg">Pass</span></td>
        <td>10:47:37 PM</td>
        <td>
          
    <div class="row mb-3"><div class="col-md-3">
    

<img data-featherlight='/home/shormi/Documents/Project/Selenium-Java-Page-Object-Model-With-TestNG-ExtentReport/screenshots/logout_success.png' src="/home/shormi/Documents/Project/Selenium-Java-Page-Object-Model-With-TestNG-ExtentReport/screenshots/logout_success.png">
  
    

    </div></div>
        </td>
      </tr>
  </tbody>
</table>
          </div>
        </div>
      </div>
  </div>
</div>
          </div>
        </li>
      </ul>
    </div>
  </div>
<div class="test-content scrollable">
<div class="test-content-tools">
<ul><li><a class="back-to-test" href="#"><i class="fa fa-arrow-left"></i></a></li></ul>
</div>
<div class="test-content-detail"><div class="detail-body"></div></div>
</div></div>
<div class="test-wrapper row view exception-view attributes-view">
<div class="test-list">
<div class="test-list-tools">
<ul class="tools pull-left"><li><a href=""><span class="font-size-14">Exception</span></a></li></ul>
<ul class="tools text-right"><li><a href="#"><span class="badge badge-primary">1</span></a></li></ul>
</div>
<div class="test-list-wrapper scrollable">
<ul class="test-list-item">
<li class="test-item">
<div class="test-detail">
<span class="meta">
<span class='badge log badge-danger'>11</span>
</span>
<p class="name">java.lang.InterruptedException</p>
<p class="duration text-sm">11 tests</p>
</div>
<div class="test-contents d-none">
<div class="info">
<h4>java.lang.InterruptedException</h4>
<span status="fail" class='badge log badge-danger'>11 failed</span>
</div>
<table class='table table-sm mt-4'>
<thead>
<tr>
<th class="status-col">Status</th>
<th class="timestamp-col">Timestamp</th>
<th>TestName</th>
</tr>
</thead>
<tbody>
<tr class="tag-test-status" status="fail">
<td><span class="badge log fail-bg">Fail</span></td>
<td>22:40:10 PM</td>
<td>
<a href="#" class="linked" test-id='1' id='2'><p style="color:green; font-size:13px"><b>TC-OR-01: Valid Login</b></p></a>
<div class="">
<span class="badge badge-default"><p style="color:green; font-size:13px"><b>Orange HRM</b></p>.<p style="color:green; font-size:13px"><b>TC-OR-01: Valid Login</b></p></span>
</div>
</td>
</tr>
<tr class="tag-test-status" status="fail">
<td><span class="badge log fail-bg">Fail</span></td>
<td>22:45:20 PM</td>
<td>
<a href="#" class="linked" test-id='1' id='3'><p style="color:green; font-size:13px"><b>TC-OR-02: Invalid Password</b></p></a>
<div class="">
<span class="badge badge-default"><p style="color:green; font-size:13px"><b>Orange HRM</b></p>.<p style="color:green; font-size:13px"><b>TC-OR-02: Invalid Password</b></p></span>
</div>
</td>
</tr>
<tr class="tag-test-status" status="fail">
<td><span class="badge log fail-bg">Fail</span></td>
<td>22:45:29 PM</td>
<td>
<a href="#" class="linked" test-id='1' id='4'><p style="color:green; font-size:13px"><b>TC-OR-03: Invalid Username</b></p></a>
<div class="">
<span class="badge badge-default"><p style="color:green; font-size:13px"><b>Orange HRM</b></p>.<p style="color:green; font-size:13px"><b>TC-OR-03: Invalid Username</b></p></span>
</div>
</td>
</tr>
<tr class="tag-test-status" status="fail">
<td><span class="badge log fail-bg">Fail</span></td>
<td>22:45:39 PM</td>
<td>
<a href="#" class="linked" test-id='1' id='5'><p style="color:green; font-size:13px"><b>TC-OR-04: Blank Credentials</b></p></a>
<div class="">
<span class="badge badge-default"><p style="color:green; font-size:13px"><b>Orange HRM</b></p>.<p style="color:green; font-size:13px"><b>TC-OR-04: Blank Credentials</b></p></span>
</div>
</td>
</tr>
<tr class="tag-test-status" status="fail">
<td><span class="badge log fail-bg">Fail</span></td>
<td>22:46:00 PM</td>
<td>
<a href="#" class="linked" test-id='7' id='10'><p style="color:green; font-size:13px"><b>TC-OR-05: Assign Single Day Leave</b></p></a>
<div class="">
<span class="badge badge-default"><p style="color:green; font-size:13px"><b>Leave Management Test</b></p>.<p style="color:green; font-size:13px"><b>TC-OR-05: Assign Single Day Leave</b></p></span>
</div>
</td>
</tr>
<tr class="tag-test-status" status="fail">
<td><span class="badge log fail-bg">Fail</span></td>
<td>22:46:15 PM</td>
<td>
<a href="#" class="linked" test-id='7' id='11'><p style="color:green; font-size:13px"><b>TC-OR-06: Assign Multi Day Leave</b></p></a>
<div class="">
<span class="badge badge-default"><p style="color:green; font-size:13px"><b>Leave Management Test</b></p>.<p style="color:green; font-size:13px"><b>TC-OR-06: Assign Multi Day Leave</b></p></span>
</div>
</td>
</tr>
<tr class="tag-test-status" status="fail">
<td><span class="badge log fail-bg">Fail</span></td>
<td>22:46:31 PM</td>
<td>
<a href="#" class="linked" test-id='7' id='12'><p style="color:green; font-size:13px"><b>TC-OR-07: Assign Leave Without Employee</b></p></a>
<div class="">
<span class="badge badge-default"><p style="color:green; font-size:13px"><b>Leave Management Test</b></p>.<p style="color:green; font-size:13px"><b>TC-OR-07: Assign Leave Without Employee</b></p></span>
</div>
</td>
</tr>
<tr class="tag-test-status" status="fail">
<td><span class="badge log fail-bg">Fail</span></td>
<td>22:46:44 PM</td>
<td>
<a href="#" class="linked" test-id='7' id='13'><p style="color:green; font-size:13px"><b>TC-OR-08: Assign Leave Invalid Date Range</b></p></a>
<div class="">
<span class="badge badge-default"><p style="color:green; font-size:13px"><b>Leave Management Test</b></p>.<p style="color:green; font-size:13px"><b>TC-OR-08: Assign Leave Invalid Date Range</b></p></span>
</div>
</td>
</tr>
<tr class="tag-test-status" status="fail">
<td><span class="badge log fail-bg">Fail</span></td>
<td>22:46:55 PM</td>
<td>
<a href="#" class="linked" test-id='7' id='14'><p style="color:green; font-size:13px"><b>Assign Leave - Past Dates</b></p></a>
<div class="">
<span class="badge badge-default"><p style="color:green; font-size:13px"><b>Leave Management Test</b></p>.<p style="color:green; font-size:13px"><b>Assign Leave - Past Dates</b></p></span>
</div>
</td>
</tr>
<tr class="tag-test-status" status="fail">
<td><span class="badge log fail-bg">Fail</span></td>
<td>22:47:09 PM</td>
<td>
<a href="#" class="linked" test-id='7' id='15'><p style="color:green; font-size:13px"><b>Assign Leave - Long Comment</b></p></a>
<div class="">
<span class="badge badge-default"><p style="color:green; font-size:13px"><b>Leave Management Test</b></p>.<p style="color:green; font-size:13px"><b>Assign Leave - Long Comment</b></p></span>
</div>
</td>
</tr>
<tr class="tag-test-status" status="fail">
<td><span class="badge log fail-bg">Fail</span></td>
<td>22:47:22 PM</td>
<td>
<a href="#" class="linked" test-id='7' id='16'><p style="color:green; font-size:13px"><b>Cancel Functionality</b></p></a>
<div class="">
<span class="badge badge-default"><p style="color:green; font-size:13px"><b>Leave Management Test</b></p>.<p style="color:green; font-size:13px"><b>Cancel Functionality</b></p></span>
</div>
</td>
</tr>
</tbody>
</table>
</div>
</li>
</ul>
</div>
</div>
<div class="test-content scrollable">
<div class="test-content-detail">
<div class="detail-body"></div>
</div>
</div>
</div><div class="test-wrapper row view device-view attributes-view">
<div class="test-list">
<div class="test-list-tools">
<ul class="tools pull-left"><li><a href=""><span class="font-size-14">Device</span></a></li></ul>
<ul class="tools text-right"><li><a href="#"><span class="badge badge-primary">1</span></a></li></ul>
</div>
<div class="test-list-wrapper scrollable">
<ul class="test-list-item">
<li class="test-item">
<div class="test-detail">
<span class="meta">
<span class='badge log badge-danger'>2</span>
</span>
<p class="name">Windows</p>
<p class="duration text-sm">2 tests</p>
</div>
<div class="test-contents d-none">
<div class="info">
<h4>Windows</h4>
<span status="fail" class='badge log badge-danger'>2 failed</span>
</div>
<table class='table table-sm mt-4'>
<thead>
<tr>
<th class="status-col">Status</th>
<th class="timestamp-col">Timestamp</th>
<th>TestName</th>
</tr>
</thead>
<tbody>
<tr class="tag-test-status" status="fail">
<td><span class="badge log fail-bg">Fail</span></td>
<td>22:40:10 PM</td>
<td>
<a href="#" class="linked" test-id='1' id='1'><p style="color:green; font-size:13px"><b>Orange HRM</b></p></a>
</td>
</tr>
<tr class="tag-test-status" status="fail">
<td><span class="badge log fail-bg">Fail</span></td>
<td>22:45:50 PM</td>
<td>
<a href="#" class="linked" test-id='7' id='7'><p style="color:green; font-size:13px"><b>Leave Management Test</b></p></a>
</td>
</tr>
</tbody>
</table>
</div>
</li>
</ul>
</div>
</div>
<div class="test-content scrollable">
<div class="test-content-detail">
<div class="detail-body"></div>
</div>
</div>
</div><div class="test-wrapper row view author-view attributes-view">
<div class="test-list">
<div class="test-list-tools">
<ul class="tools pull-left"><li><a href=""><span class="font-size-14">Author</span></a></li></ul>
<ul class="tools text-right"><li><a href="#"><span class="badge badge-primary">1</span></a></li></ul>
</div>
<div class="test-list-wrapper scrollable">
<ul class="test-list-item">
<li class="test-item">
<div class="test-detail">
<span class="meta">
<span class='badge log badge-danger'>2</span>
</span>
<p class="name">Tester</p>
<p class="duration text-sm">2 tests</p>
</div>
<div class="test-contents d-none">
<div class="info">
<h4>Tester</h4>
<span status="fail" class='badge log badge-danger'>2 failed</span>
</div>
<table class='table table-sm mt-4'>
<thead>
<tr>
<th class="status-col">Status</th>
<th class="timestamp-col">Timestamp</th>
<th>TestName</th>
</tr>
</thead>
<tbody>
<tr class="tag-test-status" status="fail">
<td><span class="badge log fail-bg">Fail</span></td>
<td>22:40:10 PM</td>
<td>
<a href="#" class="linked" test-id='1' id='1'><p style="color:green; font-size:13px"><b>Orange HRM</b></p></a>
</td>
</tr>
<tr class="tag-test-status" status="fail">
<td><span class="badge log fail-bg">Fail</span></td>
<td>22:45:50 PM</td>
<td>
<a href="#" class="linked" test-id='7' id='7'><p style="color:green; font-size:13px"><b>Leave Management Test</b></p></a>
</td>
</tr>
</tbody>
</table>
</div>
</li>
</ul>
</div>
</div>
<div class="test-content scrollable">
<div class="test-content-detail">
<div class="detail-body"></div>
</div>
</div>
</div><div class="container-fluid p-4 view dashboard-view">
<div class="row">
<div class="col-md-3">
<div class="card"><div class="card-body">
<p class="m-b-0">Started</p>
<h3>Aug 23, 2025 10:40:10 PM</h3>
</div></div>
</div>
<div class="col-md-3">
<div class="card"><div class="card-body">
<p class="m-b-0">Ended</p>
<h3>Aug 23, 2025 10:47:37 PM</h3>
</div></div>
</div>
<div class="col-md-3">
<div class="card"><div class="card-body">
<p class="m-b-0 text-pass">Tests Passed</p>
<h3>0</h3>
</div></div>
</div>
<div class="col-md-3">
<div class="card"><div class="card-body">
<p class="m-b-0 text-fail">Tests Failed</p>
<h3>2</h3>
</div></div>
</div>
</div>
<div class="row">
<div class="col-md-4">
<div class="card">
<div class="card-header">
<h6 class="card-title">Tests</h6>
</div>
<div class="card-body">
<div class="">
<canvas id='parent-analysis' width='115' height='90'></canvas>
</div>
</div>
<div class="card-footer">
<div><small data-tooltip='0%'>
<b>0</b> tests passed
</small>
</div>
<div>
<small data-tooltip='100%'><b>2</b> tests failed,
<b>0</b> skipped, <b data-tooltip='0%'>0</b> others
</small>
</div>
</div>
</div>
</div>
<div class="col-md-4">
<div class="card">
<div class="card-header">
<h6 class="card-title">Steps</h6>
</div>
<div class="card-body">
<div class="">
<canvas id='child-analysis' width='115' height='90'></canvas>
</div>
</div>
<div class="card-footer">
<div><small data-tooltip='26%'><b>4</b> steps passed</small></div>
<div>
<small data-tooltip='73%'><b>11</b> steps failed,
<b>0</b> skipped, <b data-tooltip='%'>0</b> others
</small>
</div>
</div>
</div>
</div>
<div class="col-md-4">
<div class="card">
<div class="card-header">
<h6 class="card-title">Log events</h6>
</div>
<div class="card-body">
<div class="">
<canvas id='events-analysis' width='115' height='90'></canvas>
</div>
</div>
<div class="card-footer">
<div><small data-tooltip='13%'><b>36</b> events passed</small></div>
<div>
<small data-tooltip='54%'><b>150</b> events failed,
<b data-tooltip='%'>90</b> others
</small>
</div>
</div>
</div>
</div>
</div>
<div class="row"><div class="col-md-12">
<div class="card"><div class="card-header"><p>Timeline</p></div>
<div class="card-body pt-0"><div>
<canvas id="timeline" height="120"></canvas>
</div></div>
</div>
</div></div>
<script>
var timeline = {
"<p style="color:green; font-size:13px"><b>Orange HRM</b></p>":333.349,"<p style="color:green; font-size:13px"><b>Leave Management Test</b></p>":106.701
};
</script>
<div class="row">
<div class="col-lg-6 col-md-12 author-container">
<div class="card">
<div class="card-header"><p>Author</p></div>
<div class="card-body pb-0 pt-0"><table class="table table-sm table-bordered">
<thead><tr class="bg-gray"><th>Name</th><th>Passed</th><th>Failed</th><th>Skipped</th><th>Others</th><th>Passed %</th></tr></thead>
<tbody>
<tr>
<td>Tester</td>
<td>0</td>
<td>2</td>
<td>0</td>
<td>0</td>
<td>0%</td>
</tr>
</tbody>
</table></div>
</div>
</div>
<div class="col-lg-6 col-md-12 device-container">
<div class="card">
<div class="card-header"><p>Device</p></div>
<div class="card-body pb-0 pt-0"><table class="table table-sm table-bordered">
<thead><tr class="bg-gray"><th>Name</th><th>Passed</th><th>Failed</th><th>Skipped</th><th>Others</th><th>Passed %</th></tr></thead>
<tbody>
<tr>
<td>Windows</td>
<td>0</td>
<td>2</td>
<td>0</td>
<td>0</td>
<td>0%</td>
</tr>
</tbody>
</table></div>
</div>
</div>
</div>
</div>
<script>
var statusGroup = {
parentCount: 5,
passParent: 0,
failParent: 2,
warningParent: 0,
skipParent: 0,
childCount: 5,
passChild: 4,
failChild: 11,
warningChild: 0,
skipChild: 0,
infoChild: 0,
grandChildCount: 5,
passGrandChild: 0,
failGrandChild: 0,
warningGrandChild: 0,
skipGrandChild: 0,
infoGrandChild: 0,
eventsCount: 5,
passEvents: 36,
failEvents: 150,
warningEvents: 0,
skipEvents: 0,
infoEvents: 90
};
</script>        </div>
      </div>
    </div>
  </div>
<script src="https://cdn.jsdelivr.net/gh/extent-framework/extent-github-cdn@c05cd28cde1617b9d0c05a831daff6cb97fd9fd5/spark/js/spark-script.js"></script>
<script type="text/javascript"></script></body>
</html>